[0.014s] Invoking command in '/home/juanespadi/Documents/shalpy/ydlidar_ws/build/ydlidar': CMAKE_PREFIX_PATH=/opt/ros/humble /usr/bin/cmake /home/juanespadi/Documents/shalpy/ydlidar_ws/src/ydlidar_ros2 -DAMENT_CMAKE_SYMLINK_INSTALL=1 -DCMAKE_INSTALL_PREFIX=/home/juanespadi/Documents/shalpy/ydlidar_ws/install/ydlidar
[0.025s] -- Found ament_cmake: 1.3.4 (/opt/ros/humble/share/ament_cmake/cmake)
[0.169s] -- Override CMake install command with custom implementation using symlinks instead of copying resources
[1.414s] -- Found rclcpp: 16.0.4 (/opt/ros/humble/share/rclcpp/cmake)
[1.451s] -- Found rosidl_generator_c: 3.1.4 (/opt/ros/humble/share/rosidl_generator_c/cmake)
[1.454s] -- Found rosidl_adapter: 3.1.4 (/opt/ros/humble/share/rosidl_adapter/cmake)
[1.461s] -- Found rosidl_generator_cpp: 3.1.4 (/opt/ros/humble/share/rosidl_generator_cpp/cmake)
[1.473s] -- Using all available rosidl_typesupport_c: rosidl_typesupport_fastrtps_c;rosidl_typesupport_introspection_c
[1.490s] -- Using all available rosidl_typesupport_cpp: rosidl_typesupport_fastrtps_cpp;rosidl_typesupport_introspection_cpp
[1.554s] -- Found rmw_implementation_cmake: 6.1.1 (/opt/ros/humble/share/rmw_implementation_cmake/cmake)
[1.555s] -- Found rmw_fastrtps_cpp: 6.2.2 (/opt/ros/humble/share/rmw_fastrtps_cpp/cmake)
[1.678s] -- Using RMW implementation 'rmw_fastrtps_cpp' as default
[1.856s] -- Found sensor_msgs: 4.2.3 (/opt/ros/humble/share/sensor_msgs/cmake)
[1.997s] -- Found visualization_msgs: 4.2.3 (/opt/ros/humble/share/visualization_msgs/cmake)
[2.138s] -- Found ament_lint_auto: 0.12.6 (/opt/ros/humble/share/ament_lint_auto/cmake)
[2.212s] -- Added test 'copyright' to check source files copyright and LICENSE
[2.240s] -- Added test 'cppcheck' to perform static code analysis on C / C++ code
[2.240s] -- Configured cppcheck include dirs: /home/juanespadi/Documents/shalpy/ydlidar_ws/src/ydlidar_ros2/src;/home/juanespadi/Documents/shalpy/ydlidar_ws/src/ydlidar_ros2/sdk/include;/home/juanespadi/Documents/shalpy/ydlidar_ws/src/ydlidar_ros2/sdk/src
[2.240s] -- Configured cppcheck exclude dirs and/or files: 
[2.268s] -- Added test 'cpplint' to check C / C++ code against the Google style
[2.268s] -- Configured cpplint exclude dirs and/or files: 
[2.271s] -- Added test 'flake8' to check Python code syntax and style conventions
[2.278s] -- Added test 'lint_cmake' to check CMake code style
[2.282s] -- Added test 'pep257' to check Python code against some of the docstring style conventions in PEP 257
[2.308s] -- Added test 'uncrustify' to check C / C++ code style
[2.308s] -- Configured uncrustify additional arguments: 
[2.312s] -- Added test 'xmllint' to check XML markup files
[2.313s] -- Configuring done
[2.329s] -- Generating done
[2.331s] -- Build files have been written to: /home/juanespadi/Documents/shalpy/ydlidar_ws/build/ydlidar
[2.340s] Invoked command in '/home/juanespadi/Documents/shalpy/ydlidar_ws/build/ydlidar' returned '0': CMAKE_PREFIX_PATH=/opt/ros/humble /usr/bin/cmake /home/juanespadi/Documents/shalpy/ydlidar_ws/src/ydlidar_ros2 -DAMENT_CMAKE_SYMLINK_INSTALL=1 -DCMAKE_INSTALL_PREFIX=/home/juanespadi/Documents/shalpy/ydlidar_ws/install/ydlidar
[2.341s] Invoking command in '/home/juanespadi/Documents/shalpy/ydlidar_ws/build/ydlidar': CMAKE_PREFIX_PATH=/opt/ros/humble /usr/bin/cmake --build /home/juanespadi/Documents/shalpy/ydlidar_ws/build/ydlidar -- -j8 -l8
[2.383s] [35m[1mConsolidate compiler generated dependencies of target ydlidar_client[0m
[2.384s] [35m[1mConsolidate compiler generated dependencies of target ydlidar_node[0m
[2.402s] [  9%] [32m[1mLinking CXX executable ydlidar_client[0m
[2.412s] [ 18%] [32mBuilding CXX object CMakeFiles/ydlidar_node.dir/src/ydlidar_node.cpp.o[0m
[2.863s] [ 27%] Built target ydlidar_client
[4.942s] In file included from [01m[K/home/juanespadi/Documents/shalpy/ydlidar_ws/src/ydlidar_ros2/sdk/include/serial.h:9[m[K,
[4.942s]                  from [01m[K/home/juanespadi/Documents/shalpy/ydlidar_ws/src/ydlidar_ros2/sdk/include/ydlidar_driver.h:54[m[K,
[4.942s]                  from [01m[K/home/juanespadi/Documents/shalpy/ydlidar_ws/src/ydlidar_ros2/sdk/include/CYdLidar.h:36[m[K,
[4.942s]                  from [01m[K/home/juanespadi/Documents/shalpy/ydlidar_ws/src/ydlidar_ros2/src/ydlidar_node.cpp:26[m[K:
[4.942s] [01m[K/home/juanespadi/Documents/shalpy/ydlidar_ws/src/ydlidar_ros2/sdk/include/v8stdint.h:[m[K In function â€˜[01m[Kbool ydlidar::fileExists(std::string)[m[Kâ€™:
[4.942s] [01m[K/home/juanespadi/Documents/shalpy/ydlidar_ws/src/ydlidar_ros2/sdk/include/v8stdint.h:240:24:[m[K [01;35m[Kwarning: [m[Kmissing initializer for member â€˜[01m[Kstat::st_ino[m[Kâ€™ [[01;35m[K]8;;https://gcc.gnu.org/onlinedocs/gcc/Warning-Options.html#index-Wmissing-field-initializers-Wmissing-field-initializers]8;;[m[K]
[4.942s]   240 |   struct stat info = {0[01;35m[K}[m[K;
[4.942s]       |                        [01;35m[K^[m[K
[4.942s] [01m[K/home/juanespadi/Documents/shalpy/ydlidar_ws/src/ydlidar_ros2/sdk/include/v8stdint.h:240:24:[m[K [01;35m[Kwarning: [m[Kmissing initializer for member â€˜[01m[Kstat::st_nlink[m[Kâ€™ [[01;35m[K]8;;https://gcc.gnu.org/onlinedocs/gcc/Warning-Options.html#index-Wmissing-field-initializers-Wmissing-field-initializers]8;;[m[K]
[4.942s] [01m[K/home/juanespadi/Documents/shalpy/ydlidar_ws/src/ydlidar_ros2/sdk/include/v8stdint.h:240:24:[m[K [01;35m[Kwarning: [m[Kmissing initializer for member â€˜[01m[Kstat::st_mode[m[Kâ€™ [[01;35m[K]8;;https://gcc.gnu.org/onlinedocs/gcc/Warning-Options.html#index-Wmissing-field-initializers-Wmissing-field-initializers]8;;[m[K]
[4.942s] [01m[K/home/juanespadi/Documents/shalpy/ydlidar_ws/src/ydlidar_ros2/sdk/include/v8stdint.h:240:24:[m[K [01;35m[Kwarning: [m[Kmissing initializer for member â€˜[01m[Kstat::st_uid[m[Kâ€™ [[01;35m[K]8;;https://gcc.gnu.org/onlinedocs/gcc/Warning-Options.html#index-Wmissing-field-initializers-Wmissing-field-initializers]8;;[m[K]
[4.942s] [01m[K/home/juanespadi/Documents/shalpy/ydlidar_ws/src/ydlidar_ros2/sdk/include/v8stdint.h:240:24:[m[K [01;35m[Kwarning: [m[Kmissing initializer for member â€˜[01m[Kstat::st_gid[m[Kâ€™ [[01;35m[K]8;;https://gcc.gnu.org/onlinedocs/gcc/Warning-Options.html#index-Wmissing-field-initializers-Wmissing-field-initializers]8;;[m[K]
[4.943s] [01m[K/home/juanespadi/Documents/shalpy/ydlidar_ws/src/ydlidar_ros2/sdk/include/v8stdint.h:240:24:[m[K [01;35m[Kwarning: [m[Kmissing initializer for member â€˜[01m[Kstat::__pad0[m[Kâ€™ [[01;35m[K]8;;https://gcc.gnu.org/onlinedocs/gcc/Warning-Options.html#index-Wmissing-field-initializers-Wmissing-field-initializers]8;;[m[K]
[4.943s] [01m[K/home/juanespadi/Documents/shalpy/ydlidar_ws/src/ydlidar_ros2/sdk/include/v8stdint.h:240:24:[m[K [01;35m[Kwarning: [m[Kmissing initializer for member â€˜[01m[Kstat::st_rdev[m[Kâ€™ [[01;35m[K]8;;https://gcc.gnu.org/onlinedocs/gcc/Warning-Options.html#index-Wmissing-field-initializers-Wmissing-field-initializers]8;;[m[K]
[4.943s] [01m[K/home/juanespadi/Documents/shalpy/ydlidar_ws/src/ydlidar_ros2/sdk/include/v8stdint.h:240:24:[m[K [01;35m[Kwarning: [m[Kmissing initializer for member â€˜[01m[Kstat::st_size[m[Kâ€™ [[01;35m[K]8;;https://gcc.gnu.org/onlinedocs/gcc/Warning-Options.html#index-Wmissing-field-initializers-Wmissing-field-initializers]8;;[m[K]
[4.943s] [01m[K/home/juanespadi/Documents/shalpy/ydlidar_ws/src/ydlidar_ros2/sdk/include/v8stdint.h:240:24:[m[K [01;35m[Kwarning: [m[Kmissing initializer for member â€˜[01m[Kstat::st_blksize[m[Kâ€™ [[01;35m[K]8;;https://gcc.gnu.org/onlinedocs/gcc/Warning-Options.html#index-Wmissing-field-initializers-Wmissing-field-initializers]8;;[m[K]
[4.943s] [01m[K/home/juanespadi/Documents/shalpy/ydlidar_ws/src/ydlidar_ros2/sdk/include/v8stdint.h:240:24:[m[K [01;35m[Kwarning: [m[Kmissing initializer for member â€˜[01m[Kstat::st_blocks[m[Kâ€™ [[01;35m[K]8;;https://gcc.gnu.org/onlinedocs/gcc/Warning-Options.html#index-Wmissing-field-initializers-Wmissing-field-initializers]8;;[m[K]
[4.943s] [01m[K/home/juanespadi/Documents/shalpy/ydlidar_ws/src/ydlidar_ros2/sdk/include/v8stdint.h:240:24:[m[K [01;35m[Kwarning: [m[Kmissing initializer for member â€˜[01m[Kstat::st_atim[m[Kâ€™ [[01;35m[K]8;;https://gcc.gnu.org/onlinedocs/gcc/Warning-Options.html#index-Wmissing-field-initializers-Wmissing-field-initializers]8;;[m[K]
[4.943s] [01m[K/home/juanespadi/Documents/shalpy/ydlidar_ws/src/ydlidar_ros2/sdk/include/v8stdint.h:240:24:[m[K [01;35m[Kwarning: [m[Kmissing initializer for member â€˜[01m[Kstat::st_mtim[m[Kâ€™ [[01;35m[K]8;;https://gcc.gnu.org/onlinedocs/gcc/Warning-Options.html#index-Wmissing-field-initializers-Wmissing-field-initializers]8;;[m[K]
[4.943s] [01m[K/home/juanespadi/Documents/shalpy/ydlidar_ws/src/ydlidar_ros2/sdk/include/v8stdint.h:240:24:[m[K [01;35m[Kwarning: [m[Kmissing initializer for member â€˜[01m[Kstat::st_ctim[m[Kâ€™ [[01;35m[K]8;;https://gcc.gnu.org/onlinedocs/gcc/Warning-Options.html#index-Wmissing-field-initializers-Wmissing-field-initializers]8;;[m[K]
[4.943s] [01m[K/home/juanespadi/Documents/shalpy/ydlidar_ws/src/ydlidar_ros2/sdk/include/v8stdint.h:240:24:[m[K [01;35m[Kwarning: [m[Kmissing initializer for member â€˜[01m[Kstat::__glibc_reserved[m[Kâ€™ [[01;35m[K]8;;https://gcc.gnu.org/onlinedocs/gcc/Warning-Options.html#index-Wmissing-field-initializers-Wmissing-field-initializers]8;;[m[K]
[4.945s] In file included from [01m[K/home/juanespadi/Documents/shalpy/ydlidar_ws/src/ydlidar_ros2/sdk/include/ydlidar_driver.h:56[m[K,
[4.945s]                  from [01m[K/home/juanespadi/Documents/shalpy/ydlidar_ws/src/ydlidar_ros2/sdk/include/CYdLidar.h:36[m[K,
[4.945s]                  from [01m[K/home/juanespadi/Documents/shalpy/ydlidar_ws/src/ydlidar_ros2/src/ydlidar_node.cpp:26[m[K:
[4.945s] [01m[K/home/juanespadi/Documents/shalpy/ydlidar_ws/src/ydlidar_ros2/sdk/include/thread.h:[m[K In static member function â€˜[01m[Kstatic Thread Thread::createThread(thread_proc_t, void*)[m[Kâ€™:
[4.945s] [01m[K/home/juanespadi/Documents/shalpy/ydlidar_ws/src/ydlidar_ros2/sdk/include/thread.h:43:57:[m[K [01;35m[Kwarning: [m[Kcast between incompatible function types from â€˜[01m[Kthread_proc_t[m[Kâ€™ {aka â€˜[01m[Klong unsigned int (*)(void*)[m[Kâ€™} to â€˜[01m[Kvoid* (*)(void*)[m[Kâ€™ [[01;35m[K]8;;https://gcc.gnu.org/onlinedocs/gcc/Warning-Options.html#index-Wcast-function-type-Wcast-function-type]8;;[m[K]
[4.945s]    43 |     pthread_create((pthread_t *)&thread_._handle, NULL, [01;35m[K(void *(*)(void *))proc[m[K,
[4.945s]       |                                                         [01;35m[K^~~~~~~~~~~~~~~~~~~~~~~[m[K
[4.950s] In file included from [01m[K/home/juanespadi/Documents/shalpy/ydlidar_ws/src/ydlidar_ros2/sdk/include/ydlidar_driver.h:58[m[K,
[4.950s]                  from [01m[K/home/juanespadi/Documents/shalpy/ydlidar_ws/src/ydlidar_ros2/sdk/include/CYdLidar.h:36[m[K,
[4.950s]                  from [01m[K/home/juanespadi/Documents/shalpy/ydlidar_ws/src/ydlidar_ros2/src/ydlidar_node.cpp:26[m[K:
[4.950s] [01m[K/home/juanespadi/Documents/shalpy/ydlidar_ws/src/ydlidar_ros2/sdk/include/help_info.h:[m[K In function â€˜[01m[Kbool ydlidar::isSupportMotorCtrl(int)[m[Kâ€™:
[4.950s] [01m[K/home/juanespadi/Documents/shalpy/ydlidar_ws/src/ydlidar_ros2/sdk/include/help_info.h:414:8:[m[K [01;35m[Kwarning: [m[Kvariable â€˜[01m[Kret[m[Kâ€™ set but not used [[01;35m[K]8;;https://gcc.gnu.org/onlinedocs/gcc/Warning-Options.html#index-Wunused-but-set-variable-Wunused-but-set-variable]8;;[m[K]
[4.950s]   414 |   bool [01;35m[Kret[m[K = false;
[4.950s]       |        [01;35m[K^~~[m[K
[4.960s] [01m[K/home/juanespadi/Documents/shalpy/ydlidar_ws/src/ydlidar_ros2/src/ydlidar_node.cpp:[m[K In function â€˜[01m[Kint main(int, char**)[m[Kâ€™:
[4.961s] [01m[K/home/juanespadi/Documents/shalpy/ydlidar_ws/src/ydlidar_ros2/src/ydlidar_node.cpp:78:26:[m[K [01;31m[Kerror: [m[Kno matching function for call to â€˜[01m[Krclcpp::Node::declare_parameter(const char [5])[m[Kâ€™
[4.961s]    78 |   [01;31m[Knode->declare_parameter("port")[m[K;
[4.962s]       |   [01;31m[K~~~~~~~~~~~~~~~~~~~~~~~^~~~~~~~[m[K
[4.962s] In file included from [01m[K/opt/ros/humble/include/rclcpp/rclcpp/executors/single_threaded_executor.hpp:28[m[K,
[4.962s]                  from [01m[K/opt/ros/humble/include/rclcpp/rclcpp/executors.hpp:22[m[K,
[4.963s]                  from [01m[K/opt/ros/humble/include/rclcpp/rclcpp/rclcpp.hpp:155[m[K,
[4.963s]                  from [01m[K/home/juanespadi/Documents/shalpy/ydlidar_ws/src/ydlidar_ros2/src/ydlidar_node.cpp:23[m[K:
[4.963s] [01m[K/opt/ros/humble/include/rclcpp/rclcpp/node.hpp:421:3:[m[K [01;36m[Knote: [m[Kcandidate: â€˜[01m[Ktemplate<class ParameterT> auto rclcpp::Node::declare_parameter(const string&, const ParameterT&, const ParameterDescriptor&, bool)[m[Kâ€™
[4.963s]   421 |   [01;36m[Kdeclare_parameter[m[K(
[4.964s]       |   [01;36m[K^~~~~~~~~~~~~~~~~[m[K
[4.964s] [01m[K/opt/ros/humble/include/rclcpp/rclcpp/node.hpp:421:3:[m[K [01;36m[Knote: [m[K  template argument deduction/substitution failed:
[4.964s] [01m[K/home/juanespadi/Documents/shalpy/ydlidar_ws/src/ydlidar_ros2/src/ydlidar_node.cpp:78:26:[m[K [01;36m[Knote: [m[K  candidate expects 4 arguments, 1 provided
[4.964s]    78 |   [01;36m[Knode->declare_parameter("port")[m[K;
[4.964s]       |   [01;36m[K~~~~~~~~~~~~~~~~~~~~~~~^~~~~~~~[m[K
[4.964s] In file included from [01m[K/opt/ros/humble/include/rclcpp/rclcpp/executors/single_threaded_executor.hpp:28[m[K,
[4.964s]                  from [01m[K/opt/ros/humble/include/rclcpp/rclcpp/executors.hpp:22[m[K,
[4.964s]                  from [01m[K/opt/ros/humble/include/rclcpp/rclcpp/rclcpp.hpp:155[m[K,
[4.965s]                  from [01m[K/home/juanespadi/Documents/shalpy/ydlidar_ws/src/ydlidar_ros2/src/ydlidar_node.cpp:23[m[K:
[4.965s] [01m[K/opt/ros/humble/include/rclcpp/rclcpp/node.hpp:434:3:[m[K [01;36m[Knote: [m[Kcandidate: â€˜[01m[Ktemplate<class ParameterT> auto rclcpp::Node::declare_parameter(const string&, const ParameterDescriptor&, bool)[m[Kâ€™
[4.965s]   434 |   [01;36m[Kdeclare_parameter[m[K(
[4.965s]       |   [01;36m[K^~~~~~~~~~~~~~~~~[m[K
[4.965s] [01m[K/opt/ros/humble/include/rclcpp/rclcpp/node.hpp:434:3:[m[K [01;36m[Knote: [m[K  template argument deduction/substitution failed:
[4.965s] [01m[K/home/juanespadi/Documents/shalpy/ydlidar_ws/src/ydlidar_ros2/src/ydlidar_node.cpp:78:26:[m[K [01;36m[Knote: [m[K  couldnâ€™t deduce template parameter â€˜[01m[KParameterT[m[Kâ€™
[4.965s]    78 |   [01;36m[Knode->declare_parameter("port")[m[K;
[4.965s]       |   [01;36m[K~~~~~~~~~~~~~~~~~~~~~~~^~~~~~~~[m[K
[4.965s] In file included from [01m[K/opt/ros/humble/include/rclcpp/rclcpp/executors/single_threaded_executor.hpp:28[m[K,
[4.965s]                  from [01m[K/opt/ros/humble/include/rclcpp/rclcpp/executors.hpp:22[m[K,
[4.966s]                  from [01m[K/opt/ros/humble/include/rclcpp/rclcpp/rclcpp.hpp:155[m[K,
[4.966s]                  from [01m[K/home/juanespadi/Documents/shalpy/ydlidar_ws/src/ydlidar_ros2/src/ydlidar_node.cpp:23[m[K:
[4.966s] [01m[K/opt/ros/humble/include/rclcpp/rclcpp/node.hpp:366:3:[m[K [01;36m[Knote: [m[Kcandidate: â€˜[01m[Kconst rclcpp::ParameterValue& rclcpp::Node::declare_parameter(const string&, const rclcpp::ParameterValue&, const ParameterDescriptor&, bool)[m[Kâ€™
[4.966s]   366 |   [01;36m[Kdeclare_parameter[m[K(
[4.966s]       |   [01;36m[K^~~~~~~~~~~~~~~~~[m[K
[4.966s] [01m[K/opt/ros/humble/include/rclcpp/rclcpp/node.hpp:366:3:[m[K [01;36m[Knote: [m[K  candidate expects 4 arguments, 1 provided
[4.966s] [01m[K/opt/ros/humble/include/rclcpp/rclcpp/node.hpp:391:3:[m[K [01;36m[Knote: [m[Kcandidate: â€˜[01m[Kconst rclcpp::ParameterValue& rclcpp::Node::declare_parameter(const string&, rclcpp::ParameterType, const ParameterDescriptor&, bool)[m[Kâ€™
[4.966s]   391 |   [01;36m[Kdeclare_parameter[m[K(
[4.966s]       |   [01;36m[K^~~~~~~~~~~~~~~~~[m[K
[4.967s] [01m[K/opt/ros/humble/include/rclcpp/rclcpp/node.hpp:391:3:[m[K [01;36m[Knote: [m[K  candidate expects 4 arguments, 1 provided
[4.967s] [01m[K/home/juanespadi/Documents/shalpy/ydlidar_ws/src/ydlidar_ros2/src/ydlidar_node.cpp:81:26:[m[K [01;31m[Kerror: [m[Kno matching function for call to â€˜[01m[Krclcpp::Node::declare_parameter(const char [9])[m[Kâ€™
[4.967s]    81 |   [01;31m[Knode->declare_parameter("frame_id")[m[K;
[4.967s]       |   [01;31m[K~~~~~~~~~~~~~~~~~~~~~~~^~~~~~~~~~~~[m[K
[4.967s] In file included from [01m[K/opt/ros/humble/include/rclcpp/rclcpp/executors/single_threaded_executor.hpp:28[m[K,
[4.967s]                  from [01m[K/opt/ros/humble/include/rclcpp/rclcpp/executors.hpp:22[m[K,
[4.967s]                  from [01m[K/opt/ros/humble/include/rclcpp/rclcpp/rclcpp.hpp:155[m[K,
[4.967s]                  from [01m[K/home/juanespadi/Documents/shalpy/ydlidar_ws/src/ydlidar_ros2/src/ydlidar_node.cpp:23[m[K:
[4.967s] [01m[K/opt/ros/humble/include/rclcpp/rclcpp/node.hpp:421:3:[m[K [01;36m[Knote: [m[Kcandidate: â€˜[01m[Ktemplate<class ParameterT> auto rclcpp::Node::declare_parameter(const string&, const ParameterT&, const ParameterDescriptor&, bool)[m[Kâ€™
[4.968s]   421 |   [01;36m[Kdeclare_parameter[m[K(
[4.968s]       |   [01;36m[K^~~~~~~~~~~~~~~~~[m[K
[4.968s] [01m[K/opt/ros/humble/include/rclcpp/rclcpp/node.hpp:421:3:[m[K [01;36m[Knote: [m[K  template argument deduction/substitution failed:
[4.968s] [01m[K/home/juanespadi/Documents/shalpy/ydlidar_ws/src/ydlidar_ros2/src/ydlidar_node.cpp:81:26:[m[K [01;36m[Knote: [m[K  candidate expects 4 arguments, 1 provided
[4.968s]    81 |   [01;36m[Knode->declare_parameter("frame_id")[m[K;
[4.968s]       |   [01;36m[K~~~~~~~~~~~~~~~~~~~~~~~^~~~~~~~~~~~[m[K
[4.968s] In file included from [01m[K/opt/ros/humble/include/rclcpp/rclcpp/executors/single_threaded_executor.hpp:28[m[K,
[4.968s]                  from [01m[K/opt/ros/humble/include/rclcpp/rclcpp/executors.hpp:22[m[K,
[4.968s]                  from [01m[K/opt/ros/humble/include/rclcpp/rclcpp/rclcpp.hpp:155[m[K,
[4.968s]                  from [01m[K/home/juanespadi/Documents/shalpy/ydlidar_ws/src/ydlidar_ros2/src/ydlidar_node.cpp:23[m[K:
[4.969s] [01m[K/opt/ros/humble/include/rclcpp/rclcpp/node.hpp:434:3:[m[K [01;36m[Knote: [m[Kcandidate: â€˜[01m[Ktemplate<class ParameterT> auto rclcpp::Node::declare_parameter(const string&, const ParameterDescriptor&, bool)[m[Kâ€™
[4.969s]   434 |   [01;36m[Kdeclare_parameter[m[K(
[4.969s]       |   [01;36m[K^~~~~~~~~~~~~~~~~[m[K
[4.969s] [01m[K/opt/ros/humble/include/rclcpp/rclcpp/node.hpp:434:3:[m[K [01;36m[Knote: [m[K  template argument deduction/substitution failed:
[4.969s] [01m[K/home/juanespadi/Documents/shalpy/ydlidar_ws/src/ydlidar_ros2/src/ydlidar_node.cpp:81:26:[m[K [01;36m[Knote: [m[K  couldnâ€™t deduce template parameter â€˜[01m[KParameterT[m[Kâ€™
[4.969s]    81 |   [01;36m[Knode->declare_parameter("frame_id")[m[K;
[4.969s]       |   [01;36m[K~~~~~~~~~~~~~~~~~~~~~~~^~~~~~~~~~~~[m[K
[4.969s] In file included from [01m[K/opt/ros/humble/include/rclcpp/rclcpp/executors/single_threaded_executor.hpp:28[m[K,
[4.969s]                  from [01m[K/opt/ros/humble/include/rclcpp/rclcpp/executors.hpp:22[m[K,
[4.970s]                  from [01m[K/opt/ros/humble/include/rclcpp/rclcpp/rclcpp.hpp:155[m[K,
[4.970s]                  from [01m[K/home/juanespadi/Documents/shalpy/ydlidar_ws/src/ydlidar_ros2/src/ydlidar_node.cpp:23[m[K:
[4.970s] [01m[K/opt/ros/humble/include/rclcpp/rclcpp/node.hpp:366:3:[m[K [01;36m[Knote: [m[Kcandidate: â€˜[01m[Kconst rclcpp::ParameterValue& rclcpp::Node::declare_parameter(const string&, const rclcpp::ParameterValue&, const ParameterDescriptor&, bool)[m[Kâ€™
[4.970s]   366 |   [01;36m[Kdeclare_parameter[m[K(
[4.970s]       |   [01;36m[K^~~~~~~~~~~~~~~~~[m[K
[4.970s] [01m[K/opt/ros/humble/include/rclcpp/rclcpp/node.hpp:366:3:[m[K [01;36m[Knote: [m[K  candidate expects 4 arguments, 1 provided
[4.970s] [01m[K/opt/ros/humble/include/rclcpp/rclcpp/node.hpp:391:3:[m[K [01;36m[Knote: [m[Kcandidate: â€˜[01m[Kconst rclcpp::ParameterValue& rclcpp::Node::declare_parameter(const string&, rclcpp::ParameterType, const ParameterDescriptor&, bool)[m[Kâ€™
[4.970s]   391 |   [01;36m[Kdeclare_parameter[m[K(
[4.970s]       |   [01;36m[K^~~~~~~~~~~~~~~~~[m[K
[4.971s] [01m[K/opt/ros/humble/include/rclcpp/rclcpp/node.hpp:391:3:[m[K [01;36m[Knote: [m[K  candidate expects 4 arguments, 1 provided
[4.971s] [01m[K/home/juanespadi/Documents/shalpy/ydlidar_ws/src/ydlidar_ros2/src/ydlidar_node.cpp:84:26:[m[K [01;31m[Kerror: [m[Kno matching function for call to â€˜[01m[Krclcpp::Node::declare_parameter(const char [13])[m[Kâ€™
[4.971s]    84 |   [01;31m[Knode->declare_parameter("ignore_array")[m[K;
[4.971s]       |   [01;31m[K~~~~~~~~~~~~~~~~~~~~~~~^~~~~~~~~~~~~~~~[m[K
[4.971s] In file included from [01m[K/opt/ros/humble/include/rclcpp/rclcpp/executors/single_threaded_executor.hpp:28[m[K,
[4.971s]                  from [01m[K/opt/ros/humble/include/rclcpp/rclcpp/executors.hpp:22[m[K,
[4.971s]                  from [01m[K/opt/ros/humble/include/rclcpp/rclcpp/rclcpp.hpp:155[m[K,
[4.971s]                  from [01m[K/home/juanespadi/Documents/shalpy/ydlidar_ws/src/ydlidar_ros2/src/ydlidar_node.cpp:23[m[K:
[4.971s] [01m[K/opt/ros/humble/include/rclcpp/rclcpp/node.hpp:421:3:[m[K [01;36m[Knote: [m[Kcandidate: â€˜[01m[Ktemplate<class ParameterT> auto rclcpp::Node::declare_parameter(const string&, const ParameterT&, const ParameterDescriptor&, bool)[m[Kâ€™
[4.971s]   421 |   [01;36m[Kdeclare_parameter[m[K(
[4.971s]       |   [01;36m[K^~~~~~~~~~~~~~~~~[m[K
[4.971s] [01m[K/opt/ros/humble/include/rclcpp/rclcpp/node.hpp:421:3:[m[K [01;36m[Knote: [m[K  template argument deduction/substitution failed:
[4.971s] [01m[K/home/juanespadi/Documents/shalpy/ydlidar_ws/src/ydlidar_ros2/src/ydlidar_node.cpp:84:26:[m[K [01;36m[Knote: [m[K  candidate expects 4 arguments, 1 provided
[4.971s]    84 |   [01;36m[Knode->declare_parameter("ignore_array")[m[K;
[4.971s]       |   [01;36m[K~~~~~~~~~~~~~~~~~~~~~~~^~~~~~~~~~~~~~~~[m[K
[4.971s] In file included from [01m[K/opt/ros/humble/include/rclcpp/rclcpp/executors/single_threaded_executor.hpp:28[m[K,
[4.972s]                  from [01m[K/opt/ros/humble/include/rclcpp/rclcpp/executors.hpp:22[m[K,
[4.972s]                  from [01m[K/opt/ros/humble/include/rclcpp/rclcpp/rclcpp.hpp:155[m[K,
[4.972s]                  from [01m[K/home/juanespadi/Documents/shalpy/ydlidar_ws/src/ydlidar_ros2/src/ydlidar_node.cpp:23[m[K:
[4.972s] [01m[K/opt/ros/humble/include/rclcpp/rclcpp/node.hpp:434:3:[m[K [01;36m[Knote: [m[Kcandidate: â€˜[01m[Ktemplate<class ParameterT> auto rclcpp::Node::declare_parameter(const string&, const ParameterDescriptor&, bool)[m[Kâ€™
[4.972s]   434 |   [01;36m[Kdeclare_parameter[m[K(
[4.972s]       |   [01;36m[K^~~~~~~~~~~~~~~~~[m[K
[4.972s] [01m[K/opt/ros/humble/include/rclcpp/rclcpp/node.hpp:434:3:[m[K [01;36m[Knote: [m[K  template argument deduction/substitution failed:
[4.972s] [01m[K/home/juanespadi/Documents/shalpy/ydlidar_ws/src/ydlidar_ros2/src/ydlidar_node.cpp:84:26:[m[K [01;36m[Knote: [m[K  couldnâ€™t deduce template parameter â€˜[01m[KParameterT[m[Kâ€™
[4.972s]    84 |   [01;36m[Knode->declare_parameter("ignore_array")[m[K;
[4.972s]       |   [01;36m[K~~~~~~~~~~~~~~~~~~~~~~~^~~~~~~~~~~~~~~~[m[K
[4.972s] In file included from [01m[K/opt/ros/humble/include/rclcpp/rclcpp/executors/single_threaded_executor.hpp:28[m[K,
[4.972s]                  from [01m[K/opt/ros/humble/include/rclcpp/rclcpp/executors.hpp:22[m[K,
[4.972s]                  from [01m[K/opt/ros/humble/include/rclcpp/rclcpp/rclcpp.hpp:155[m[K,
[4.972s]                  from [01m[K/home/juanespadi/Documents/shalpy/ydlidar_ws/src/ydlidar_ros2/src/ydlidar_node.cpp:23[m[K:
[4.972s] [01m[K/opt/ros/humble/include/rclcpp/rclcpp/node.hpp:366:3:[m[K [01;36m[Knote: [m[Kcandidate: â€˜[01m[Kconst rclcpp::ParameterValue& rclcpp::Node::declare_parameter(const string&, const rclcpp::ParameterValue&, const ParameterDescriptor&, bool)[m[Kâ€™
[4.972s]   366 |   [01;36m[Kdeclare_parameter[m[K(
[4.972s]       |   [01;36m[K^~~~~~~~~~~~~~~~~[m[K
[4.973s] [01m[K/opt/ros/humble/include/rclcpp/rclcpp/node.hpp:366:3:[m[K [01;36m[Knote: [m[K  candidate expects 4 arguments, 1 provided
[4.973s] [01m[K/opt/ros/humble/include/rclcpp/rclcpp/node.hpp:391:3:[m[K [01;36m[Knote: [m[Kcandidate: â€˜[01m[Kconst rclcpp::ParameterValue& rclcpp::Node::declare_parameter(const string&, rclcpp::ParameterType, const ParameterDescriptor&, bool)[m[Kâ€™
[4.973s]   391 |   [01;36m[Kdeclare_parameter[m[K(
[4.973s]       |   [01;36m[K^~~~~~~~~~~~~~~~~[m[K
[4.973s] [01m[K/opt/ros/humble/include/rclcpp/rclcpp/node.hpp:391:3:[m[K [01;36m[Knote: [m[K  candidate expects 4 arguments, 1 provided
[4.973s] [01m[K/home/juanespadi/Documents/shalpy/ydlidar_ws/src/ydlidar_ros2/src/ydlidar_node.cpp:87:26:[m[K [01;31m[Kerror: [m[Kno matching function for call to â€˜[01m[Krclcpp::Node::declare_parameter(const char [9])[m[Kâ€™
[4.973s]    87 |   [01;31m[Knode->declare_parameter("baudrate")[m[K;
[4.973s]       |   [01;31m[K~~~~~~~~~~~~~~~~~~~~~~~^~~~~~~~~~~~[m[K
[4.973s] In file included from [01m[K/opt/ros/humble/include/rclcpp/rclcpp/executors/single_threaded_executor.hpp:28[m[K,
[4.973s]                  from [01m[K/opt/ros/humble/include/rclcpp/rclcpp/executors.hpp:22[m[K,
[4.973s]                  from [01m[K/opt/ros/humble/include/rclcpp/rclcpp/rclcpp.hpp:155[m[K,
[4.973s]                  from [01m[K/home/juanespadi/Documents/shalpy/ydlidar_ws/src/ydlidar_ros2/src/ydlidar_node.cpp:23[m[K:
[4.973s] [01m[K/opt/ros/humble/include/rclcpp/rclcpp/node.hpp:421:3:[m[K [01;36m[Knote: [m[Kcandidate: â€˜[01m[Ktemplate<class ParameterT> auto rclcpp::Node::declare_parameter(const string&, const ParameterT&, const ParameterDescriptor&, bool)[m[Kâ€™
[4.973s]   421 |   [01;36m[Kdeclare_parameter[m[K(
[4.973s]       |   [01;36m[K^~~~~~~~~~~~~~~~~[m[K
[4.973s] [01m[K/opt/ros/humble/include/rclcpp/rclcpp/node.hpp:421:3:[m[K [01;36m[Knote: [m[K  template argument deduction/substitution failed:
[4.973s] [01m[K/home/juanespadi/Documents/shalpy/ydlidar_ws/src/ydlidar_ros2/src/ydlidar_node.cpp:87:26:[m[K [01;36m[Knote: [m[K  candidate expects 4 arguments, 1 provided
[4.974s]    87 |   [01;36m[Knode->declare_parameter("baudrate")[m[K;
[4.974s]       |   [01;36m[K~~~~~~~~~~~~~~~~~~~~~~~^~~~~~~~~~~~[m[K
[4.974s] In file included from [01m[K/opt/ros/humble/include/rclcpp/rclcpp/executors/single_threaded_executor.hpp:28[m[K,
[4.974s]                  from [01m[K/opt/ros/humble/include/rclcpp/rclcpp/executors.hpp:22[m[K,
[4.974s]                  from [01m[K/opt/ros/humble/include/rclcpp/rclcpp/rclcpp.hpp:155[m[K,
[4.974s]                  from [01m[K/home/juanespadi/Documents/shalpy/ydlidar_ws/src/ydlidar_ros2/src/ydlidar_node.cpp:23[m[K:
[4.974s] [01m[K/opt/ros/humble/include/rclcpp/rclcpp/node.hpp:434:3:[m[K [01;36m[Knote: [m[Kcandidate: â€˜[01m[Ktemplate<class ParameterT> auto rclcpp::Node::declare_parameter(const string&, const ParameterDescriptor&, bool)[m[Kâ€™
[4.974s]   434 |   [01;36m[Kdeclare_parameter[m[K(
[4.974s]       |   [01;36m[K^~~~~~~~~~~~~~~~~[m[K
[4.974s] [01m[K/opt/ros/humble/include/rclcpp/rclcpp/node.hpp:434:3:[m[K [01;36m[Knote: [m[K  template argument deduction/substitution failed:
[4.974s] [01m[K/home/juanespadi/Documents/shalpy/ydlidar_ws/src/ydlidar_ros2/src/ydlidar_node.cpp:87:26:[m[K [01;36m[Knote: [m[K  couldnâ€™t deduce template parameter â€˜[01m[KParameterT[m[Kâ€™
[4.974s]    87 |   [01;36m[Knode->declare_parameter("baudrate")[m[K;
[4.974s]       |   [01;36m[K~~~~~~~~~~~~~~~~~~~~~~~^~~~~~~~~~~~[m[K
[4.974s] In file included from [01m[K/opt/ros/humble/include/rclcpp/rclcpp/executors/single_threaded_executor.hpp:28[m[K,
[4.974s]                  from [01m[K/opt/ros/humble/include/rclcpp/rclcpp/executors.hpp:22[m[K,
[4.974s]                  from [01m[K/opt/ros/humble/include/rclcpp/rclcpp/rclcpp.hpp:155[m[K,
[4.975s]                  from [01m[K/home/juanespadi/Documents/shalpy/ydlidar_ws/src/ydlidar_ros2/src/ydlidar_node.cpp:23[m[K:
[4.975s] [01m[K/opt/ros/humble/include/rclcpp/rclcpp/node.hpp:366:3:[m[K [01;36m[Knote: [m[Kcandidate: â€˜[01m[Kconst rclcpp::ParameterValue& rclcpp::Node::declare_parameter(const string&, const rclcpp::ParameterValue&, const ParameterDescriptor&, bool)[m[Kâ€™
[4.975s]   366 |   [01;36m[Kdeclare_parameter[m[K(
[4.975s]       |   [01;36m[K^~~~~~~~~~~~~~~~~[m[K
[4.975s] [01m[K/opt/ros/humble/include/rclcpp/rclcpp/node.hpp:366:3:[m[K [01;36m[Knote: [m[K  candidate expects 4 arguments, 1 provided
[4.975s] [01m[K/opt/ros/humble/include/rclcpp/rclcpp/node.hpp:391:3:[m[K [01;36m[Knote: [m[Kcandidate: â€˜[01m[Kconst rclcpp::ParameterValue& rclcpp::Node::declare_parameter(const string&, rclcpp::ParameterType, const ParameterDescriptor&, bool)[m[Kâ€™
[4.975s]   391 |   [01;36m[Kdeclare_parameter[m[K(
[4.975s]       |   [01;36m[K^~~~~~~~~~~~~~~~~[m[K
[4.975s] [01m[K/opt/ros/humble/include/rclcpp/rclcpp/node.hpp:391:3:[m[K [01;36m[Knote: [m[K  candidate expects 4 arguments, 1 provided
[4.975s] [01m[K/home/juanespadi/Documents/shalpy/ydlidar_ws/src/ydlidar_ros2/src/ydlidar_node.cpp:90:26:[m[K [01;31m[Kerror: [m[Kno matching function for call to â€˜[01m[Krclcpp::Node::declare_parameter(const char [10])[m[Kâ€™
[4.975s]    90 |   [01;31m[Knode->declare_parameter("samp_rate")[m[K;
[4.975s]       |   [01;31m[K~~~~~~~~~~~~~~~~~~~~~~~^~~~~~~~~~~~~[m[K
[4.975s] In file included from [01m[K/opt/ros/humble/include/rclcpp/rclcpp/executors/single_threaded_executor.hpp:28[m[K,
[4.975s]                  from [01m[K/opt/ros/humble/include/rclcpp/rclcpp/executors.hpp:22[m[K,
[4.975s]                  from [01m[K/opt/ros/humble/include/rclcpp/rclcpp/rclcpp.hpp:155[m[K,
[4.975s]                  from [01m[K/home/juanespadi/Documents/shalpy/ydlidar_ws/src/ydlidar_ros2/src/ydlidar_node.cpp:23[m[K:
[4.975s] [01m[K/opt/ros/humble/include/rclcpp/rclcpp/node.hpp:421:3:[m[K [01;36m[Knote: [m[Kcandidate: â€˜[01m[Ktemplate<class ParameterT> auto rclcpp::Node::declare_parameter(const string&, const ParameterT&, const ParameterDescriptor&, bool)[m[Kâ€™
[4.976s]   421 |   [01;36m[Kdeclare_parameter[m[K(
[4.976s]       |   [01;36m[K^~~~~~~~~~~~~~~~~[m[K
[4.976s] [01m[K/opt/ros/humble/include/rclcpp/rclcpp/node.hpp:421:3:[m[K [01;36m[Knote: [m[K  template argument deduction/substitution failed:
[4.976s] [01m[K/home/juanespadi/Documents/shalpy/ydlidar_ws/src/ydlidar_ros2/src/ydlidar_node.cpp:90:26:[m[K [01;36m[Knote: [m[K  candidate expects 4 arguments, 1 provided
[4.976s]    90 |   [01;36m[Knode->declare_parameter("samp_rate")[m[K;
[4.976s]       |   [01;36m[K~~~~~~~~~~~~~~~~~~~~~~~^~~~~~~~~~~~~[m[K
[4.976s] In file included from [01m[K/opt/ros/humble/include/rclcpp/rclcpp/executors/single_threaded_executor.hpp:28[m[K,
[4.976s]                  from [01m[K/opt/ros/humble/include/rclcpp/rclcpp/executors.hpp:22[m[K,
[4.976s]                  from [01m[K/opt/ros/humble/include/rclcpp/rclcpp/rclcpp.hpp:155[m[K,
[4.976s]                  from [01m[K/home/juanespadi/Documents/shalpy/ydlidar_ws/src/ydlidar_ros2/src/ydlidar_node.cpp:23[m[K:
[4.976s] [01m[K/opt/ros/humble/include/rclcpp/rclcpp/node.hpp:434:3:[m[K [01;36m[Knote: [m[Kcandidate: â€˜[01m[Ktemplate<class ParameterT> auto rclcpp::Node::declare_parameter(const string&, const ParameterDescriptor&, bool)[m[Kâ€™
[4.976s]   434 |   [01;36m[Kdeclare_parameter[m[K(
[4.976s]       |   [01;36m[K^~~~~~~~~~~~~~~~~[m[K
[4.976s] [01m[K/opt/ros/humble/include/rclcpp/rclcpp/node.hpp:434:3:[m[K [01;36m[Knote: [m[K  template argument deduction/substitution failed:
[4.976s] [01m[K/home/juanespadi/Documents/shalpy/ydlidar_ws/src/ydlidar_ros2/src/ydlidar_node.cpp:90:26:[m[K [01;36m[Knote: [m[K  couldnâ€™t deduce template parameter â€˜[01m[KParameterT[m[Kâ€™
[4.976s]    90 |   [01;36m[Knode->declare_parameter("samp_rate")[m[K;
[4.977s]       |   [01;36m[K~~~~~~~~~~~~~~~~~~~~~~~^~~~~~~~~~~~~[m[K
[4.977s] In file included from [01m[K/opt/ros/humble/include/rclcpp/rclcpp/executors/single_threaded_executor.hpp:28[m[K,
[4.977s]                  from [01m[K/opt/ros/humble/include/rclcpp/rclcpp/executors.hpp:22[m[K,
[4.977s]                  from [01m[K/opt/ros/humble/include/rclcpp/rclcpp/rclcpp.hpp:155[m[K,
[4.977s]                  from [01m[K/home/juanespadi/Documents/shalpy/ydlidar_ws/src/ydlidar_ros2/src/ydlidar_node.cpp:23[m[K:
[4.977s] [01m[K/opt/ros/humble/include/rclcpp/rclcpp/node.hpp:366:3:[m[K [01;36m[Knote: [m[Kcandidate: â€˜[01m[Kconst rclcpp::ParameterValue& rclcpp::Node::declare_parameter(const string&, const rclcpp::ParameterValue&, const ParameterDescriptor&, bool)[m[Kâ€™
[4.977s]   366 |   [01;36m[Kdeclare_parameter[m[K(
[4.977s]       |   [01;36m[K^~~~~~~~~~~~~~~~~[m[K
[4.977s] [01m[K/opt/ros/humble/include/rclcpp/rclcpp/node.hpp:366:3:[m[K [01;36m[Knote: [m[K  candidate expects 4 arguments, 1 provided
[4.977s] [01m[K/opt/ros/humble/include/rclcpp/rclcpp/node.hpp:391:3:[m[K [01;36m[Knote: [m[Kcandidate: â€˜[01m[Kconst rclcpp::ParameterValue& rclcpp::Node::declare_parameter(const string&, rclcpp::ParameterType, const ParameterDescriptor&, bool)[m[Kâ€™
[4.977s]   391 |   [01;36m[Kdeclare_parameter[m[K(
[4.977s]       |   [01;36m[K^~~~~~~~~~~~~~~~~[m[K
[4.977s] [01m[K/opt/ros/humble/include/rclcpp/rclcpp/node.hpp:391:3:[m[K [01;36m[Knote: [m[K  candidate expects 4 arguments, 1 provided
[4.977s] [01m[K/home/juanespadi/Documents/shalpy/ydlidar_ws/src/ydlidar_ros2/src/ydlidar_node.cpp:93:26:[m[K [01;31m[Kerror: [m[Kno matching function for call to â€˜[01m[Krclcpp::Node::declare_parameter(const char [17])[m[Kâ€™
[4.977s]    93 |   [01;31m[Knode->declare_parameter("resolution_fixed")[m[K;
[4.977s]       |   [01;31m[K~~~~~~~~~~~~~~~~~~~~~~~^~~~~~~~~~~~~~~~~~~~[m[K
[4.977s] In file included from [01m[K/opt/ros/humble/include/rclcpp/rclcpp/executors/single_threaded_executor.hpp:28[m[K,
[4.978s]                  from [01m[K/opt/ros/humble/include/rclcpp/rclcpp/executors.hpp:22[m[K,
[4.978s]                  from [01m[K/opt/ros/humble/include/rclcpp/rclcpp/rclcpp.hpp:155[m[K,
[4.978s]                  from [01m[K/home/juanespadi/Documents/shalpy/ydlidar_ws/src/ydlidar_ros2/src/ydlidar_node.cpp:23[m[K:
[4.978s] [01m[K/opt/ros/humble/include/rclcpp/rclcpp/node.hpp:421:3:[m[K [01;36m[Knote: [m[Kcandidate: â€˜[01m[Ktemplate<class ParameterT> auto rclcpp::Node::declare_parameter(const string&, const ParameterT&, const ParameterDescriptor&, bool)[m[Kâ€™
[4.978s]   421 |   [01;36m[Kdeclare_parameter[m[K(
[4.978s]       |   [01;36m[K^~~~~~~~~~~~~~~~~[m[K
[4.978s] [01m[K/opt/ros/humble/include/rclcpp/rclcpp/node.hpp:421:3:[m[K [01;36m[Knote: [m[K  template argument deduction/substitution failed:
[4.978s] [01m[K/home/juanespadi/Documents/shalpy/ydlidar_ws/src/ydlidar_ros2/src/ydlidar_node.cpp:93:26:[m[K [01;36m[Knote: [m[K  candidate expects 4 arguments, 1 provided
[4.978s]    93 |   [01;36m[Knode->declare_parameter("resolution_fixed")[m[K;
[4.978s]       |   [01;36m[K~~~~~~~~~~~~~~~~~~~~~~~^~~~~~~~~~~~~~~~~~~~[m[K
[4.978s] In file included from [01m[K/opt/ros/humble/include/rclcpp/rclcpp/executors/single_threaded_executor.hpp:28[m[K,
[4.978s]                  from [01m[K/opt/ros/humble/include/rclcpp/rclcpp/executors.hpp:22[m[K,
[4.978s]                  from [01m[K/opt/ros/humble/include/rclcpp/rclcpp/rclcpp.hpp:155[m[K,
[4.978s]                  from [01m[K/home/juanespadi/Documents/shalpy/ydlidar_ws/src/ydlidar_ros2/src/ydlidar_node.cpp:23[m[K:
[4.979s] [01m[K/opt/ros/humble/include/rclcpp/rclcpp/node.hpp:434:3:[m[K [01;36m[Knote: [m[Kcandidate: â€˜[01m[Ktemplate<class ParameterT> auto rclcpp::Node::declare_parameter(const string&, const ParameterDescriptor&, bool)[m[Kâ€™
[4.979s]   434 |   [01;36m[Kdeclare_parameter[m[K(
[4.979s]       |   [01;36m[K^~~~~~~~~~~~~~~~~[m[K
[4.979s] [01m[K/opt/ros/humble/include/rclcpp/rclcpp/node.hpp:434:3:[m[K [01;36m[Knote: [m[K  template argument deduction/substitution failed:
[4.979s] [01m[K/home/juanespadi/Documents/shalpy/ydlidar_ws/src/ydlidar_ros2/src/ydlidar_node.cpp:93:26:[m[K [01;36m[Knote: [m[K  couldnâ€™t deduce template parameter â€˜[01m[KParameterT[m[Kâ€™
[4.979s]    93 |   [01;36m[Knode->declare_parameter("resolution_fixed")[m[K;
[4.979s]       |   [01;36m[K~~~~~~~~~~~~~~~~~~~~~~~^~~~~~~~~~~~~~~~~~~~[m[K
[4.979s] In file included from [01m[K/opt/ros/humble/include/rclcpp/rclcpp/executors/single_threaded_executor.hpp:28[m[K,
[4.979s]                  from [01m[K/opt/ros/humble/include/rclcpp/rclcpp/executors.hpp:22[m[K,
[4.979s]                  from [01m[K/opt/ros/humble/include/rclcpp/rclcpp/rclcpp.hpp:155[m[K,
[4.979s]                  from [01m[K/home/juanespadi/Documents/shalpy/ydlidar_ws/src/ydlidar_ros2/src/ydlidar_node.cpp:23[m[K:
[4.979s] [01m[K/opt/ros/humble/include/rclcpp/rclcpp/node.hpp:366:3:[m[K [01;36m[Knote: [m[Kcandidate: â€˜[01m[Kconst rclcpp::ParameterValue& rclcpp::Node::declare_parameter(const string&, const rclcpp::ParameterValue&, const ParameterDescriptor&, bool)[m[Kâ€™
[4.979s]   366 |   [01;36m[Kdeclare_parameter[m[K(
[4.979s]       |   [01;36m[K^~~~~~~~~~~~~~~~~[m[K
[4.979s] [01m[K/opt/ros/humble/include/rclcpp/rclcpp/node.hpp:366:3:[m[K [01;36m[Knote: [m[K  candidate expects 4 arguments, 1 provided
[4.979s] [01m[K/opt/ros/humble/include/rclcpp/rclcpp/node.hpp:391:3:[m[K [01;36m[Knote: [m[Kcandidate: â€˜[01m[Kconst rclcpp::ParameterValue& rclcpp::Node::declare_parameter(const string&, rclcpp::ParameterType, const ParameterDescriptor&, bool)[m[Kâ€™
[4.980s]   391 |   [01;36m[Kdeclare_parameter[m[K(
[4.980s]       |   [01;36m[K^~~~~~~~~~~~~~~~~[m[K
[4.980s] [01m[K/opt/ros/humble/include/rclcpp/rclcpp/node.hpp:391:3:[m[K [01;36m[Knote: [m[K  candidate expects 4 arguments, 1 provided
[4.980s] [01m[K/home/juanespadi/Documents/shalpy/ydlidar_ws/src/ydlidar_ros2/src/ydlidar_node.cpp:96:26:[m[K [01;31m[Kerror: [m[Kno matching function for call to â€˜[01m[Krclcpp::Node::declare_parameter(const char [14])[m[Kâ€™
[4.980s]    96 |   [01;31m[Knode->declare_parameter("singleChannel")[m[K;
[4.980s]       |   [01;31m[K~~~~~~~~~~~~~~~~~~~~~~~^~~~~~~~~~~~~~~~~[m[K
[4.980s] In file included from [01m[K/opt/ros/humble/include/rclcpp/rclcpp/executors/single_threaded_executor.hpp:28[m[K,
[4.980s]                  from [01m[K/opt/ros/humble/include/rclcpp/rclcpp/executors.hpp:22[m[K,
[4.980s]                  from [01m[K/opt/ros/humble/include/rclcpp/rclcpp/rclcpp.hpp:155[m[K,
[4.980s]                  from [01m[K/home/juanespadi/Documents/shalpy/ydlidar_ws/src/ydlidar_ros2/src/ydlidar_node.cpp:23[m[K:
[4.980s] [01m[K/opt/ros/humble/include/rclcpp/rclcpp/node.hpp:421:3:[m[K [01;36m[Knote: [m[Kcandidate: â€˜[01m[Ktemplate<class ParameterT> auto rclcpp::Node::declare_parameter(const string&, const ParameterT&, const ParameterDescriptor&, bool)[m[Kâ€™
[4.980s]   421 |   [01;36m[Kdeclare_parameter[m[K(
[4.980s]       |   [01;36m[K^~~~~~~~~~~~~~~~~[m[K
[4.980s] [01m[K/opt/ros/humble/include/rclcpp/rclcpp/node.hpp:421:3:[m[K [01;36m[Knote: [m[K  template argument deduction/substitution failed:
[4.980s] [01m[K/home/juanespadi/Documents/shalpy/ydlidar_ws/src/ydlidar_ros2/src/ydlidar_node.cpp:96:26:[m[K [01;36m[Knote: [m[K  candidate expects 4 arguments, 1 provided
[4.980s]    96 |   [01;36m[Knode->declare_parameter("singleChannel")[m[K;
[4.980s]       |   [01;36m[K~~~~~~~~~~~~~~~~~~~~~~~^~~~~~~~~~~~~~~~~[m[K
[4.981s] In file included from [01m[K/opt/ros/humble/include/rclcpp/rclcpp/executors/single_threaded_executor.hpp:28[m[K,
[4.981s]                  from [01m[K/opt/ros/humble/include/rclcpp/rclcpp/executors.hpp:22[m[K,
[4.981s]                  from [01m[K/opt/ros/humble/include/rclcpp/rclcpp/rclcpp.hpp:155[m[K,
[4.981s]                  from [01m[K/home/juanespadi/Documents/shalpy/ydlidar_ws/src/ydlidar_ros2/src/ydlidar_node.cpp:23[m[K:
[4.981s] [01m[K/opt/ros/humble/include/rclcpp/rclcpp/node.hpp:434:3:[m[K [01;36m[Knote: [m[Kcandidate: â€˜[01m[Ktemplate<class ParameterT> auto rclcpp::Node::declare_parameter(const string&, const ParameterDescriptor&, bool)[m[Kâ€™
[4.981s]   434 |   [01;36m[Kdeclare_parameter[m[K(
[4.981s]       |   [01;36m[K^~~~~~~~~~~~~~~~~[m[K
[4.981s] [01m[K/opt/ros/humble/include/rclcpp/rclcpp/node.hpp:434:3:[m[K [01;36m[Knote: [m[K  template argument deduction/substitution failed:
[4.981s] [01m[K/home/juanespadi/Documents/shalpy/ydlidar_ws/src/ydlidar_ros2/src/ydlidar_node.cpp:96:26:[m[K [01;36m[Knote: [m[K  couldnâ€™t deduce template parameter â€˜[01m[KParameterT[m[Kâ€™
[4.981s]    96 |   [01;36m[Knode->declare_parameter("singleChannel")[m[K;
[4.981s]       |   [01;36m[K~~~~~~~~~~~~~~~~~~~~~~~^~~~~~~~~~~~~~~~~[m[K
[4.981s] In file included from [01m[K/opt/ros/humble/include/rclcpp/rclcpp/executors/single_threaded_executor.hpp:28[m[K,
[4.981s]                  from [01m[K/opt/ros/humble/include/rclcpp/rclcpp/executors.hpp:22[m[K,
[4.981s]                  from [01m[K/opt/ros/humble/include/rclcpp/rclcpp/rclcpp.hpp:155[m[K,
[4.981s]                  from [01m[K/home/juanespadi/Documents/shalpy/ydlidar_ws/src/ydlidar_ros2/src/ydlidar_node.cpp:23[m[K:
[4.981s] [01m[K/opt/ros/humble/include/rclcpp/rclcpp/node.hpp:366:3:[m[K [01;36m[Knote: [m[Kcandidate: â€˜[01m[Kconst rclcpp::ParameterValue& rclcpp::Node::declare_parameter(const string&, const rclcpp::ParameterValue&, const ParameterDescriptor&, bool)[m[Kâ€™
[4.981s]   366 |   [01;36m[Kdeclare_parameter[m[K(
[4.982s]       |   [01;36m[K^~~~~~~~~~~~~~~~~[m[K
[4.982s] [01m[K/opt/ros/humble/include/rclcpp/rclcpp/node.hpp:366:3:[m[K [01;36m[Knote: [m[K  candidate expects 4 arguments, 1 provided
[4.982s] [01m[K/opt/ros/humble/include/rclcpp/rclcpp/node.hpp:391:3:[m[K [01;36m[Knote: [m[Kcandidate: â€˜[01m[Kconst rclcpp::ParameterValue& rclcpp::Node::declare_parameter(const string&, rclcpp::ParameterType, const ParameterDescriptor&, bool)[m[Kâ€™
[4.982s]   391 |   [01;36m[Kdeclare_parameter[m[K(
[4.982s]       |   [01;36m[K^~~~~~~~~~~~~~~~~[m[K
[4.982s] [01m[K/opt/ros/humble/include/rclcpp/rclcpp/node.hpp:391:3:[m[K [01;36m[Knote: [m[K  candidate expects 4 arguments, 1 provided
[4.982s] [01m[K/home/juanespadi/Documents/shalpy/ydlidar_ws/src/ydlidar_ros2/src/ydlidar_node.cpp:99:26:[m[K [01;31m[Kerror: [m[Kno matching function for call to â€˜[01m[Krclcpp::Node::declare_parameter(const char [15])[m[Kâ€™
[4.982s]    99 |   [01;31m[Knode->declare_parameter("auto_reconnect")[m[K;
[4.982s]       |   [01;31m[K~~~~~~~~~~~~~~~~~~~~~~~^~~~~~~~~~~~~~~~~~[m[K
[4.982s] In file included from [01m[K/opt/ros/humble/include/rclcpp/rclcpp/executors/single_threaded_executor.hpp:28[m[K,
[4.982s]                  from [01m[K/opt/ros/humble/include/rclcpp/rclcpp/executors.hpp:22[m[K,
[4.982s]                  from [01m[K/opt/ros/humble/include/rclcpp/rclcpp/rclcpp.hpp:155[m[K,
[4.982s]                  from [01m[K/home/juanespadi/Documents/shalpy/ydlidar_ws/src/ydlidar_ros2/src/ydlidar_node.cpp:23[m[K:
[4.982s] [01m[K/opt/ros/humble/include/rclcpp/rclcpp/node.hpp:421:3:[m[K [01;36m[Knote: [m[Kcandidate: â€˜[01m[Ktemplate<class ParameterT> auto rclcpp::Node::declare_parameter(const string&, const ParameterT&, const ParameterDescriptor&, bool)[m[Kâ€™
[4.982s]   421 |   [01;36m[Kdeclare_parameter[m[K(
[4.982s]       |   [01;36m[K^~~~~~~~~~~~~~~~~[m[K
[4.983s] [01m[K/opt/ros/humble/include/rclcpp/rclcpp/node.hpp:421:3:[m[K [01;36m[Knote: [m[K  template argument deduction/substitution failed:
[4.983s] [01m[K/home/juanespadi/Documents/shalpy/ydlidar_ws/src/ydlidar_ros2/src/ydlidar_node.cpp:99:26:[m[K [01;36m[Knote: [m[K  candidate expects 4 arguments, 1 provided
[4.983s]    99 |   [01;36m[Knode->declare_parameter("auto_reconnect")[m[K;
[4.983s]       |   [01;36m[K~~~~~~~~~~~~~~~~~~~~~~~^~~~~~~~~~~~~~~~~~[m[K
[4.983s] In file included from [01m[K/opt/ros/humble/include/rclcpp/rclcpp/executors/single_threaded_executor.hpp:28[m[K,
[4.983s]                  from [01m[K/opt/ros/humble/include/rclcpp/rclcpp/executors.hpp:22[m[K,
[4.983s]                  from [01m[K/opt/ros/humble/include/rclcpp/rclcpp/rclcpp.hpp:155[m[K,
[4.983s]                  from [01m[K/home/juanespadi/Documents/shalpy/ydlidar_ws/src/ydlidar_ros2/src/ydlidar_node.cpp:23[m[K:
[4.983s] [01m[K/opt/ros/humble/include/rclcpp/rclcpp/node.hpp:434:3:[m[K [01;36m[Knote: [m[Kcandidate: â€˜[01m[Ktemplate<class ParameterT> auto rclcpp::Node::declare_parameter(const string&, const ParameterDescriptor&, bool)[m[Kâ€™
[4.983s]   434 |   [01;36m[Kdeclare_parameter[m[K(
[4.983s]       |   [01;36m[K^~~~~~~~~~~~~~~~~[m[K
[4.983s] [01m[K/opt/ros/humble/include/rclcpp/rclcpp/node.hpp:434:3:[m[K [01;36m[Knote: [m[K  template argument deduction/substitution failed:
[4.983s] [01m[K/home/juanespadi/Documents/shalpy/ydlidar_ws/src/ydlidar_ros2/src/ydlidar_node.cpp:99:26:[m[K [01;36m[Knote: [m[K  couldnâ€™t deduce template parameter â€˜[01m[KParameterT[m[Kâ€™
[4.983s]    99 |   [01;36m[Knode->declare_parameter("auto_reconnect")[m[K;
[4.983s]       |   [01;36m[K~~~~~~~~~~~~~~~~~~~~~~~^~~~~~~~~~~~~~~~~~[m[K
[4.983s] In file included from [01m[K/opt/ros/humble/include/rclcpp/rclcpp/executors/single_threaded_executor.hpp:28[m[K,
[4.983s]                  from [01m[K/opt/ros/humble/include/rclcpp/rclcpp/executors.hpp:22[m[K,
[4.984s]                  from [01m[K/opt/ros/humble/include/rclcpp/rclcpp/rclcpp.hpp:155[m[K,
[4.984s]                  from [01m[K/home/juanespadi/Documents/shalpy/ydlidar_ws/src/ydlidar_ros2/src/ydlidar_node.cpp:23[m[K:
[4.984s] [01m[K/opt/ros/humble/include/rclcpp/rclcpp/node.hpp:366:3:[m[K [01;36m[Knote: [m[Kcandidate: â€˜[01m[Kconst rclcpp::ParameterValue& rclcpp::Node::declare_parameter(const string&, const rclcpp::ParameterValue&, const ParameterDescriptor&, bool)[m[Kâ€™
[4.984s]   366 |   [01;36m[Kdeclare_parameter[m[K(
[4.984s]       |   [01;36m[K^~~~~~~~~~~~~~~~~[m[K
[4.984s] [01m[K/opt/ros/humble/include/rclcpp/rclcpp/node.hpp:366:3:[m[K [01;36m[Knote: [m[K  candidate expects 4 arguments, 1 provided
[4.984s] [01m[K/opt/ros/humble/include/rclcpp/rclcpp/node.hpp:391:3:[m[K [01;36m[Knote: [m[Kcandidate: â€˜[01m[Kconst rclcpp::ParameterValue& rclcpp::Node::declare_parameter(const string&, rclcpp::ParameterType, const ParameterDescriptor&, bool)[m[Kâ€™
[4.984s]   391 |   [01;36m[Kdeclare_parameter[m[K(
[4.984s]       |   [01;36m[K^~~~~~~~~~~~~~~~~[m[K
[4.984s] [01m[K/opt/ros/humble/include/rclcpp/rclcpp/node.hpp:391:3:[m[K [01;36m[Knote: [m[K  candidate expects 4 arguments, 1 provided
[4.984s] [01m[K/home/juanespadi/Documents/shalpy/ydlidar_ws/src/ydlidar_ros2/src/ydlidar_node.cpp:102:26:[m[K [01;31m[Kerror: [m[Kno matching function for call to â€˜[01m[Krclcpp::Node::declare_parameter(const char [10])[m[Kâ€™
[4.984s]   102 |   [01;31m[Knode->declare_parameter("reversion")[m[K;
[4.984s]       |   [01;31m[K~~~~~~~~~~~~~~~~~~~~~~~^~~~~~~~~~~~~[m[K
[4.984s] In file included from [01m[K/opt/ros/humble/include/rclcpp/rclcpp/executors/single_threaded_executor.hpp:28[m[K,
[4.984s]                  from [01m[K/opt/ros/humble/include/rclcpp/rclcpp/executors.hpp:22[m[K,
[4.984s]                  from [01m[K/opt/ros/humble/include/rclcpp/rclcpp/rclcpp.hpp:155[m[K,
[4.985s]                  from [01m[K/home/juanespadi/Documents/shalpy/ydlidar_ws/src/ydlidar_ros2/src/ydlidar_node.cpp:23[m[K:
[4.985s] [01m[K/opt/ros/humble/include/rclcpp/rclcpp/node.hpp:421:3:[m[K [01;36m[Knote: [m[Kcandidate: â€˜[01m[Ktemplate<class ParameterT> auto rclcpp::Node::declare_parameter(const string&, const ParameterT&, const ParameterDescriptor&, bool)[m[Kâ€™
[4.985s]   421 |   [01;36m[Kdeclare_parameter[m[K(
[4.985s]       |   [01;36m[K^~~~~~~~~~~~~~~~~[m[K
[4.985s] [01m[K/opt/ros/humble/include/rclcpp/rclcpp/node.hpp:421:3:[m[K [01;36m[Knote: [m[K  template argument deduction/substitution failed:
[4.985s] [01m[K/home/juanespadi/Documents/shalpy/ydlidar_ws/src/ydlidar_ros2/src/ydlidar_node.cpp:102:26:[m[K [01;36m[Knote: [m[K  candidate expects 4 arguments, 1 provided
[4.985s]   102 |   [01;36m[Knode->declare_parameter("reversion")[m[K;
[4.985s]       |   [01;36m[K~~~~~~~~~~~~~~~~~~~~~~~^~~~~~~~~~~~~[m[K
[4.985s] In file included from [01m[K/opt/ros/humble/include/rclcpp/rclcpp/executors/single_threaded_executor.hpp:28[m[K,
[4.985s]                  from [01m[K/opt/ros/humble/include/rclcpp/rclcpp/executors.hpp:22[m[K,
[4.985s]                  from [01m[K/opt/ros/humble/include/rclcpp/rclcpp/rclcpp.hpp:155[m[K,
[4.985s]                  from [01m[K/home/juanespadi/Documents/shalpy/ydlidar_ws/src/ydlidar_ros2/src/ydlidar_node.cpp:23[m[K:
[4.985s] [01m[K/opt/ros/humble/include/rclcpp/rclcpp/node.hpp:434:3:[m[K [01;36m[Knote: [m[Kcandidate: â€˜[01m[Ktemplate<class ParameterT> auto rclcpp::Node::declare_parameter(const string&, const ParameterDescriptor&, bool)[m[Kâ€™
[4.985s]   434 |   [01;36m[Kdeclare_parameter[m[K(
[4.985s]       |   [01;36m[K^~~~~~~~~~~~~~~~~[m[K
[4.985s] [01m[K/opt/ros/humble/include/rclcpp/rclcpp/node.hpp:434:3:[m[K [01;36m[Knote: [m[K  template argument deduction/substitution failed:
[4.985s] [01m[K/home/juanespadi/Documents/shalpy/ydlidar_ws/src/ydlidar_ros2/src/ydlidar_node.cpp:102:26:[m[K [01;36m[Knote: [m[K  couldnâ€™t deduce template parameter â€˜[01m[KParameterT[m[Kâ€™
[4.986s]   102 |   [01;36m[Knode->declare_parameter("reversion")[m[K;
[4.986s]       |   [01;36m[K~~~~~~~~~~~~~~~~~~~~~~~^~~~~~~~~~~~~[m[K
[4.986s] In file included from [01m[K/opt/ros/humble/include/rclcpp/rclcpp/executors/single_threaded_executor.hpp:28[m[K,
[4.986s]                  from [01m[K/opt/ros/humble/include/rclcpp/rclcpp/executors.hpp:22[m[K,
[4.986s]                  from [01m[K/opt/ros/humble/include/rclcpp/rclcpp/rclcpp.hpp:155[m[K,
[4.986s]                  from [01m[K/home/juanespadi/Documents/shalpy/ydlidar_ws/src/ydlidar_ros2/src/ydlidar_node.cpp:23[m[K:
[4.986s] [01m[K/opt/ros/humble/include/rclcpp/rclcpp/node.hpp:366:3:[m[K [01;36m[Knote: [m[Kcandidate: â€˜[01m[Kconst rclcpp::ParameterValue& rclcpp::Node::declare_parameter(const string&, const rclcpp::ParameterValue&, const ParameterDescriptor&, bool)[m[Kâ€™
[4.986s]   366 |   [01;36m[Kdeclare_parameter[m[K(
[4.986s]       |   [01;36m[K^~~~~~~~~~~~~~~~~[m[K
[4.986s] [01m[K/opt/ros/humble/include/rclcpp/rclcpp/node.hpp:366:3:[m[K [01;36m[Knote: [m[K  candidate expects 4 arguments, 1 provided
[4.986s] [01m[K/opt/ros/humble/include/rclcpp/rclcpp/node.hpp:391:3:[m[K [01;36m[Knote: [m[Kcandidate: â€˜[01m[Kconst rclcpp::ParameterValue& rclcpp::Node::declare_parameter(const string&, rclcpp::ParameterType, const ParameterDescriptor&, bool)[m[Kâ€™
[4.986s]   391 |   [01;36m[Kdeclare_parameter[m[K(
[4.986s]       |   [01;36m[K^~~~~~~~~~~~~~~~~[m[K
[4.986s] [01m[K/opt/ros/humble/include/rclcpp/rclcpp/node.hpp:391:3:[m[K [01;36m[Knote: [m[K  candidate expects 4 arguments, 1 provided
[4.986s] [01m[K/home/juanespadi/Documents/shalpy/ydlidar_ws/src/ydlidar_ros2/src/ydlidar_node.cpp:105:26:[m[K [01;31m[Kerror: [m[Kno matching function for call to â€˜[01m[Krclcpp::Node::declare_parameter(const char [11])[m[Kâ€™
[4.986s]   105 |   [01;31m[Knode->declare_parameter("isToFLidar")[m[K;
[4.986s]       |   [01;31m[K~~~~~~~~~~~~~~~~~~~~~~~^~~~~~~~~~~~~~[m[K
[4.987s] In file included from [01m[K/opt/ros/humble/include/rclcpp/rclcpp/executors/single_threaded_executor.hpp:28[m[K,
[4.987s]                  from [01m[K/opt/ros/humble/include/rclcpp/rclcpp/executors.hpp:22[m[K,
[4.987s]                  from [01m[K/opt/ros/humble/include/rclcpp/rclcpp/rclcpp.hpp:155[m[K,
[4.987s]                  from [01m[K/home/juanespadi/Documents/shalpy/ydlidar_ws/src/ydlidar_ros2/src/ydlidar_node.cpp:23[m[K:
[4.987s] [01m[K/opt/ros/humble/include/rclcpp/rclcpp/node.hpp:421:3:[m[K [01;36m[Knote: [m[Kcandidate: â€˜[01m[Ktemplate<class ParameterT> auto rclcpp::Node::declare_parameter(const string&, const ParameterT&, const ParameterDescriptor&, bool)[m[Kâ€™
[4.987s]   421 |   [01;36m[Kdeclare_parameter[m[K(
[4.987s]       |   [01;36m[K^~~~~~~~~~~~~~~~~[m[K
[4.987s] [01m[K/opt/ros/humble/include/rclcpp/rclcpp/node.hpp:421:3:[m[K [01;36m[Knote: [m[K  template argument deduction/substitution failed:
[4.987s] [01m[K/home/juanespadi/Documents/shalpy/ydlidar_ws/src/ydlidar_ros2/src/ydlidar_node.cpp:105:26:[m[K [01;36m[Knote: [m[K  candidate expects 4 arguments, 1 provided
[4.987s]   105 |   [01;36m[Knode->declare_parameter("isToFLidar")[m[K;
[4.987s]       |   [01;36m[K~~~~~~~~~~~~~~~~~~~~~~~^~~~~~~~~~~~~~[m[K
[4.987s] In file included from [01m[K/opt/ros/humble/include/rclcpp/rclcpp/executors/single_threaded_executor.hpp:28[m[K,
[4.987s]                  from [01m[K/opt/ros/humble/include/rclcpp/rclcpp/executors.hpp:22[m[K,
[4.987s]                  from [01m[K/opt/ros/humble/include/rclcpp/rclcpp/rclcpp.hpp:155[m[K,
[4.987s]                  from [01m[K/home/juanespadi/Documents/shalpy/ydlidar_ws/src/ydlidar_ros2/src/ydlidar_node.cpp:23[m[K:
[4.987s] [01m[K/opt/ros/humble/include/rclcpp/rclcpp/node.hpp:434:3:[m[K [01;36m[Knote: [m[Kcandidate: â€˜[01m[Ktemplate<class ParameterT> auto rclcpp::Node::declare_parameter(const string&, const ParameterDescriptor&, bool)[m[Kâ€™
[4.988s]   434 |   [01;36m[Kdeclare_parameter[m[K(
[4.988s]       |   [01;36m[K^~~~~~~~~~~~~~~~~[m[K
[4.988s] [01m[K/opt/ros/humble/include/rclcpp/rclcpp/node.hpp:434:3:[m[K [01;36m[Knote: [m[K  template argument deduction/substitution failed:
[4.988s] [01m[K/home/juanespadi/Documents/shalpy/ydlidar_ws/src/ydlidar_ros2/src/ydlidar_node.cpp:105:26:[m[K [01;36m[Knote: [m[K  couldnâ€™t deduce template parameter â€˜[01m[KParameterT[m[Kâ€™
[4.988s]   105 |   [01;36m[Knode->declare_parameter("isToFLidar")[m[K;
[4.988s]       |   [01;36m[K~~~~~~~~~~~~~~~~~~~~~~~^~~~~~~~~~~~~~[m[K
[4.988s] In file included from [01m[K/opt/ros/humble/include/rclcpp/rclcpp/executors/single_threaded_executor.hpp:28[m[K,
[4.988s]                  from [01m[K/opt/ros/humble/include/rclcpp/rclcpp/executors.hpp:22[m[K,
[4.988s]                  from [01m[K/opt/ros/humble/include/rclcpp/rclcpp/rclcpp.hpp:155[m[K,
[4.988s]                  from [01m[K/home/juanespadi/Documents/shalpy/ydlidar_ws/src/ydlidar_ros2/src/ydlidar_node.cpp:23[m[K:
[4.988s] [01m[K/opt/ros/humble/include/rclcpp/rclcpp/node.hpp:366:3:[m[K [01;36m[Knote: [m[Kcandidate: â€˜[01m[Kconst rclcpp::ParameterValue& rclcpp::Node::declare_parameter(const string&, const rclcpp::ParameterValue&, const ParameterDescriptor&, bool)[m[Kâ€™
[4.988s]   366 |   [01;36m[Kdeclare_parameter[m[K(
[4.988s]       |   [01;36m[K^~~~~~~~~~~~~~~~~[m[K
[4.988s] [01m[K/opt/ros/humble/include/rclcpp/rclcpp/node.hpp:366:3:[m[K [01;36m[Knote: [m[K  candidate expects 4 arguments, 1 provided
[4.988s] [01m[K/opt/ros/humble/include/rclcpp/rclcpp/node.hpp:391:3:[m[K [01;36m[Knote: [m[Kcandidate: â€˜[01m[Kconst rclcpp::ParameterValue& rclcpp::Node::declare_parameter(const string&, rclcpp::ParameterType, const ParameterDescriptor&, bool)[m[Kâ€™
[4.988s]   391 |   [01;36m[Kdeclare_parameter[m[K(
[4.988s]       |   [01;36m[K^~~~~~~~~~~~~~~~~[m[K
[4.989s] [01m[K/opt/ros/humble/include/rclcpp/rclcpp/node.hpp:391:3:[m[K [01;36m[Knote: [m[K  candidate expects 4 arguments, 1 provided
[4.989s] [01m[K/home/juanespadi/Documents/shalpy/ydlidar_ws/src/ydlidar_ros2/src/ydlidar_node.cpp:108:26:[m[K [01;31m[Kerror: [m[Kno matching function for call to â€˜[01m[Krclcpp::Node::declare_parameter(const char [10])[m[Kâ€™
[4.989s]   108 |   [01;31m[Knode->declare_parameter("angle_max")[m[K;
[4.989s]       |   [01;31m[K~~~~~~~~~~~~~~~~~~~~~~~^~~~~~~~~~~~~[m[K
[4.989s] In file included from [01m[K/opt/ros/humble/include/rclcpp/rclcpp/executors/single_threaded_executor.hpp:28[m[K,
[4.989s]                  from [01m[K/opt/ros/humble/include/rclcpp/rclcpp/executors.hpp:22[m[K,
[4.989s]                  from [01m[K/opt/ros/humble/include/rclcpp/rclcpp/rclcpp.hpp:155[m[K,
[4.989s]                  from [01m[K/home/juanespadi/Documents/shalpy/ydlidar_ws/src/ydlidar_ros2/src/ydlidar_node.cpp:23[m[K:
[4.989s] [01m[K/opt/ros/humble/include/rclcpp/rclcpp/node.hpp:421:3:[m[K [01;36m[Knote: [m[Kcandidate: â€˜[01m[Ktemplate<class ParameterT> auto rclcpp::Node::declare_parameter(const string&, const ParameterT&, const ParameterDescriptor&, bool)[m[Kâ€™
[4.989s]   421 |   [01;36m[Kdeclare_parameter[m[K(
[4.989s]       |   [01;36m[K^~~~~~~~~~~~~~~~~[m[K
[4.989s] [01m[K/opt/ros/humble/include/rclcpp/rclcpp/node.hpp:421:3:[m[K [01;36m[Knote: [m[K  template argument deduction/substitution failed:
[4.989s] [01m[K/home/juanespadi/Documents/shalpy/ydlidar_ws/src/ydlidar_ros2/src/ydlidar_node.cpp:108:26:[m[K [01;36m[Knote: [m[K  candidate expects 4 arguments, 1 provided
[4.989s]   108 |   [01;36m[Knode->declare_parameter("angle_max")[m[K;
[4.989s]       |   [01;36m[K~~~~~~~~~~~~~~~~~~~~~~~^~~~~~~~~~~~~[m[K
[4.989s] In file included from [01m[K/opt/ros/humble/include/rclcpp/rclcpp/executors/single_threaded_executor.hpp:28[m[K,
[4.989s]                  from [01m[K/opt/ros/humble/include/rclcpp/rclcpp/executors.hpp:22[m[K,
[4.990s]                  from [01m[K/opt/ros/humble/include/rclcpp/rclcpp/rclcpp.hpp:155[m[K,
[4.990s]                  from [01m[K/home/juanespadi/Documents/shalpy/ydlidar_ws/src/ydlidar_ros2/src/ydlidar_node.cpp:23[m[K:
[4.990s] [01m[K/opt/ros/humble/include/rclcpp/rclcpp/node.hpp:434:3:[m[K [01;36m[Knote: [m[Kcandidate: â€˜[01m[Ktemplate<class ParameterT> auto rclcpp::Node::declare_parameter(const string&, const ParameterDescriptor&, bool)[m[Kâ€™
[4.990s]   434 |   [01;36m[Kdeclare_parameter[m[K(
[4.990s]       |   [01;36m[K^~~~~~~~~~~~~~~~~[m[K
[4.990s] [01m[K/opt/ros/humble/include/rclcpp/rclcpp/node.hpp:434:3:[m[K [01;36m[Knote: [m[K  template argument deduction/substitution failed:
[4.990s] [01m[K/home/juanespadi/Documents/shalpy/ydlidar_ws/src/ydlidar_ros2/src/ydlidar_node.cpp:108:26:[m[K [01;36m[Knote: [m[K  couldnâ€™t deduce template parameter â€˜[01m[KParameterT[m[Kâ€™
[4.990s]   108 |   [01;36m[Knode->declare_parameter("angle_max")[m[K;
[4.990s]       |   [01;36m[K~~~~~~~~~~~~~~~~~~~~~~~^~~~~~~~~~~~~[m[K
[4.990s] In file included from [01m[K/opt/ros/humble/include/rclcpp/rclcpp/executors/single_threaded_executor.hpp:28[m[K,
[4.990s]                  from [01m[K/opt/ros/humble/include/rclcpp/rclcpp/executors.hpp:22[m[K,
[4.990s]                  from [01m[K/opt/ros/humble/include/rclcpp/rclcpp/rclcpp.hpp:155[m[K,
[4.990s]                  from [01m[K/home/juanespadi/Documents/shalpy/ydlidar_ws/src/ydlidar_ros2/src/ydlidar_node.cpp:23[m[K:
[4.990s] [01m[K/opt/ros/humble/include/rclcpp/rclcpp/node.hpp:366:3:[m[K [01;36m[Knote: [m[Kcandidate: â€˜[01m[Kconst rclcpp::ParameterValue& rclcpp::Node::declare_parameter(const string&, const rclcpp::ParameterValue&, const ParameterDescriptor&, bool)[m[Kâ€™
[4.990s]   366 |   [01;36m[Kdeclare_parameter[m[K(
[4.990s]       |   [01;36m[K^~~~~~~~~~~~~~~~~[m[K
[4.991s] [01m[K/opt/ros/humble/include/rclcpp/rclcpp/node.hpp:366:3:[m[K [01;36m[Knote: [m[K  candidate expects 4 arguments, 1 provided
[4.991s] [01m[K/opt/ros/humble/include/rclcpp/rclcpp/node.hpp:391:3:[m[K [01;36m[Knote: [m[Kcandidate: â€˜[01m[Kconst rclcpp::ParameterValue& rclcpp::Node::declare_parameter(const string&, rclcpp::ParameterType, const ParameterDescriptor&, bool)[m[Kâ€™
[4.991s]   391 |   [01;36m[Kdeclare_parameter[m[K(
[4.991s]       |   [01;36m[K^~~~~~~~~~~~~~~~~[m[K
[4.991s] [01m[K/opt/ros/humble/include/rclcpp/rclcpp/node.hpp:391:3:[m[K [01;36m[Knote: [m[K  candidate expects 4 arguments, 1 provided
[4.991s] [01m[K/home/juanespadi/Documents/shalpy/ydlidar_ws/src/ydlidar_ros2/src/ydlidar_node.cpp:111:26:[m[K [01;31m[Kerror: [m[Kno matching function for call to â€˜[01m[Krclcpp::Node::declare_parameter(const char [10])[m[Kâ€™
[4.991s]   111 |   [01;31m[Knode->declare_parameter("angle_min")[m[K;
[4.991s]       |   [01;31m[K~~~~~~~~~~~~~~~~~~~~~~~^~~~~~~~~~~~~[m[K
[4.991s] In file included from [01m[K/opt/ros/humble/include/rclcpp/rclcpp/executors/single_threaded_executor.hpp:28[m[K,
[4.991s]                  from [01m[K/opt/ros/humble/include/rclcpp/rclcpp/executors.hpp:22[m[K,
[4.991s]                  from [01m[K/opt/ros/humble/include/rclcpp/rclcpp/rclcpp.hpp:155[m[K,
[4.991s]                  from [01m[K/home/juanespadi/Documents/shalpy/ydlidar_ws/src/ydlidar_ros2/src/ydlidar_node.cpp:23[m[K:
[4.991s] [01m[K/opt/ros/humble/include/rclcpp/rclcpp/node.hpp:421:3:[m[K [01;36m[Knote: [m[Kcandidate: â€˜[01m[Ktemplate<class ParameterT> auto rclcpp::Node::declare_parameter(const string&, const ParameterT&, const ParameterDescriptor&, bool)[m[Kâ€™
[4.991s]   421 |   [01;36m[Kdeclare_parameter[m[K(
[4.991s]       |   [01;36m[K^~~~~~~~~~~~~~~~~[m[K
[4.991s] [01m[K/opt/ros/humble/include/rclcpp/rclcpp/node.hpp:421:3:[m[K [01;36m[Knote: [m[K  template argument deduction/substitution failed:
[4.991s] [01m[K/home/juanespadi/Documents/shalpy/ydlidar_ws/src/ydlidar_ros2/src/ydlidar_node.cpp:111:26:[m[K [01;36m[Knote: [m[K  candidate expects 4 arguments, 1 provided
[4.992s]   111 |   [01;36m[Knode->declare_parameter("angle_min")[m[K;
[4.992s]       |   [01;36m[K~~~~~~~~~~~~~~~~~~~~~~~^~~~~~~~~~~~~[m[K
[4.992s] In file included from [01m[K/opt/ros/humble/include/rclcpp/rclcpp/executors/single_threaded_executor.hpp:28[m[K,
[4.992s]                  from [01m[K/opt/ros/humble/include/rclcpp/rclcpp/executors.hpp:22[m[K,
[4.992s]                  from [01m[K/opt/ros/humble/include/rclcpp/rclcpp/rclcpp.hpp:155[m[K,
[4.992s]                  from [01m[K/home/juanespadi/Documents/shalpy/ydlidar_ws/src/ydlidar_ros2/src/ydlidar_node.cpp:23[m[K:
[4.992s] [01m[K/opt/ros/humble/include/rclcpp/rclcpp/node.hpp:434:3:[m[K [01;36m[Knote: [m[Kcandidate: â€˜[01m[Ktemplate<class ParameterT> auto rclcpp::Node::declare_parameter(const string&, const ParameterDescriptor&, bool)[m[Kâ€™
[4.992s]   434 |   [01;36m[Kdeclare_parameter[m[K(
[4.992s]       |   [01;36m[K^~~~~~~~~~~~~~~~~[m[K
[4.992s] [01m[K/opt/ros/humble/include/rclcpp/rclcpp/node.hpp:434:3:[m[K [01;36m[Knote: [m[K  template argument deduction/substitution failed:
[4.992s] [01m[K/home/juanespadi/Documents/shalpy/ydlidar_ws/src/ydlidar_ros2/src/ydlidar_node.cpp:111:26:[m[K [01;36m[Knote: [m[K  couldnâ€™t deduce template parameter â€˜[01m[KParameterT[m[Kâ€™
[4.992s]   111 |   [01;36m[Knode->declare_parameter("angle_min")[m[K;
[4.992s]       |   [01;36m[K~~~~~~~~~~~~~~~~~~~~~~~^~~~~~~~~~~~~[m[K
[4.992s] In file included from [01m[K/opt/ros/humble/include/rclcpp/rclcpp/executors/single_threaded_executor.hpp:28[m[K,
[4.992s]                  from [01m[K/opt/ros/humble/include/rclcpp/rclcpp/executors.hpp:22[m[K,
[4.992s]                  from [01m[K/opt/ros/humble/include/rclcpp/rclcpp/rclcpp.hpp:155[m[K,
[4.992s]                  from [01m[K/home/juanespadi/Documents/shalpy/ydlidar_ws/src/ydlidar_ros2/src/ydlidar_node.cpp:23[m[K:
[4.993s] [01m[K/opt/ros/humble/include/rclcpp/rclcpp/node.hpp:366:3:[m[K [01;36m[Knote: [m[Kcandidate: â€˜[01m[Kconst rclcpp::ParameterValue& rclcpp::Node::declare_parameter(const string&, const rclcpp::ParameterValue&, const ParameterDescriptor&, bool)[m[Kâ€™
[4.993s]   366 |   [01;36m[Kdeclare_parameter[m[K(
[4.993s]       |   [01;36m[K^~~~~~~~~~~~~~~~~[m[K
[4.993s] [01m[K/opt/ros/humble/include/rclcpp/rclcpp/node.hpp:366:3:[m[K [01;36m[Knote: [m[K  candidate expects 4 arguments, 1 provided
[4.993s] [01m[K/opt/ros/humble/include/rclcpp/rclcpp/node.hpp:391:3:[m[K [01;36m[Knote: [m[Kcandidate: â€˜[01m[Kconst rclcpp::ParameterValue& rclcpp::Node::declare_parameter(const string&, rclcpp::ParameterType, const ParameterDescriptor&, bool)[m[Kâ€™
[4.993s]   391 |   [01;36m[Kdeclare_parameter[m[K(
[4.993s]       |   [01;36m[K^~~~~~~~~~~~~~~~~[m[K
[4.993s] [01m[K/opt/ros/humble/include/rclcpp/rclcpp/node.hpp:391:3:[m[K [01;36m[Knote: [m[K  candidate expects 4 arguments, 1 provided
[4.993s] [01m[K/home/juanespadi/Documents/shalpy/ydlidar_ws/src/ydlidar_ros2/src/ydlidar_node.cpp:114:26:[m[K [01;31m[Kerror: [m[Kno matching function for call to â€˜[01m[Krclcpp::Node::declare_parameter(const char [10])[m[Kâ€™
[4.993s]   114 |   [01;31m[Knode->declare_parameter("max_range")[m[K;
[4.993s]       |   [01;31m[K~~~~~~~~~~~~~~~~~~~~~~~^~~~~~~~~~~~~[m[K
[4.993s] In file included from [01m[K/opt/ros/humble/include/rclcpp/rclcpp/executors/single_threaded_executor.hpp:28[m[K,
[4.993s]                  from [01m[K/opt/ros/humble/include/rclcpp/rclcpp/executors.hpp:22[m[K,
[4.993s]                  from [01m[K/opt/ros/humble/include/rclcpp/rclcpp/rclcpp.hpp:155[m[K,
[4.993s]                  from [01m[K/home/juanespadi/Documents/shalpy/ydlidar_ws/src/ydlidar_ros2/src/ydlidar_node.cpp:23[m[K:
[4.993s] [01m[K/opt/ros/humble/include/rclcpp/rclcpp/node.hpp:421:3:[m[K [01;36m[Knote: [m[Kcandidate: â€˜[01m[Ktemplate<class ParameterT> auto rclcpp::Node::declare_parameter(const string&, const ParameterT&, const ParameterDescriptor&, bool)[m[Kâ€™
[4.993s]   421 |   [01;36m[Kdeclare_parameter[m[K(
[4.994s]       |   [01;36m[K^~~~~~~~~~~~~~~~~[m[K
[4.994s] [01m[K/opt/ros/humble/include/rclcpp/rclcpp/node.hpp:421:3:[m[K [01;36m[Knote: [m[K  template argument deduction/substitution failed:
[4.994s] [01m[K/home/juanespadi/Documents/shalpy/ydlidar_ws/src/ydlidar_ros2/src/ydlidar_node.cpp:114:26:[m[K [01;36m[Knote: [m[K  candidate expects 4 arguments, 1 provided
[4.994s]   114 |   [01;36m[Knode->declare_parameter("max_range")[m[K;
[4.994s]       |   [01;36m[K~~~~~~~~~~~~~~~~~~~~~~~^~~~~~~~~~~~~[m[K
[4.994s] In file included from [01m[K/opt/ros/humble/include/rclcpp/rclcpp/executors/single_threaded_executor.hpp:28[m[K,
[4.994s]                  from [01m[K/opt/ros/humble/include/rclcpp/rclcpp/executors.hpp:22[m[K,
[4.994s]                  from [01m[K/opt/ros/humble/include/rclcpp/rclcpp/rclcpp.hpp:155[m[K,
[4.994s]                  from [01m[K/home/juanespadi/Documents/shalpy/ydlidar_ws/src/ydlidar_ros2/src/ydlidar_node.cpp:23[m[K:
[4.994s] [01m[K/opt/ros/humble/include/rclcpp/rclcpp/node.hpp:434:3:[m[K [01;36m[Knote: [m[Kcandidate: â€˜[01m[Ktemplate<class ParameterT> auto rclcpp::Node::declare_parameter(const string&, const ParameterDescriptor&, bool)[m[Kâ€™
[4.994s]   434 |   [01;36m[Kdeclare_parameter[m[K(
[4.994s]       |   [01;36m[K^~~~~~~~~~~~~~~~~[m[K
[4.994s] [01m[K/opt/ros/humble/include/rclcpp/rclcpp/node.hpp:434:3:[m[K [01;36m[Knote: [m[K  template argument deduction/substitution failed:
[4.994s] [01m[K/home/juanespadi/Documents/shalpy/ydlidar_ws/src/ydlidar_ros2/src/ydlidar_node.cpp:114:26:[m[K [01;36m[Knote: [m[K  couldnâ€™t deduce template parameter â€˜[01m[KParameterT[m[Kâ€™
[4.994s]   114 |   [01;36m[Knode->declare_parameter("max_range")[m[K;
[4.994s]       |   [01;36m[K~~~~~~~~~~~~~~~~~~~~~~~^~~~~~~~~~~~~[m[K
[4.994s] In file included from [01m[K/opt/ros/humble/include/rclcpp/rclcpp/executors/single_threaded_executor.hpp:28[m[K,
[4.995s]                  from [01m[K/opt/ros/humble/include/rclcpp/rclcpp/executors.hpp:22[m[K,
[4.995s]                  from [01m[K/opt/ros/humble/include/rclcpp/rclcpp/rclcpp.hpp:155[m[K,
[4.995s]                  from [01m[K/home/juanespadi/Documents/shalpy/ydlidar_ws/src/ydlidar_ros2/src/ydlidar_node.cpp:23[m[K:
[4.995s] [01m[K/opt/ros/humble/include/rclcpp/rclcpp/node.hpp:366:3:[m[K [01;36m[Knote: [m[Kcandidate: â€˜[01m[Kconst rclcpp::ParameterValue& rclcpp::Node::declare_parameter(const string&, const rclcpp::ParameterValue&, const ParameterDescriptor&, bool)[m[Kâ€™
[4.995s]   366 |   [01;36m[Kdeclare_parameter[m[K(
[4.995s]       |   [01;36m[K^~~~~~~~~~~~~~~~~[m[K
[4.995s] [01m[K/opt/ros/humble/include/rclcpp/rclcpp/node.hpp:366:3:[m[K [01;36m[Knote: [m[K  candidate expects 4 arguments, 1 provided
[4.995s] [01m[K/opt/ros/humble/include/rclcpp/rclcpp/node.hpp:391:3:[m[K [01;36m[Knote: [m[Kcandidate: â€˜[01m[Kconst rclcpp::ParameterValue& rclcpp::Node::declare_parameter(const string&, rclcpp::ParameterType, const ParameterDescriptor&, bool)[m[Kâ€™
[4.995s]   391 |   [01;36m[Kdeclare_parameter[m[K(
[4.995s]       |   [01;36m[K^~~~~~~~~~~~~~~~~[m[K
[4.995s] [01m[K/opt/ros/humble/include/rclcpp/rclcpp/node.hpp:391:3:[m[K [01;36m[Knote: [m[K  candidate expects 4 arguments, 1 provided
[4.995s] [01m[K/home/juanespadi/Documents/shalpy/ydlidar_ws/src/ydlidar_ros2/src/ydlidar_node.cpp:117:26:[m[K [01;31m[Kerror: [m[Kno matching function for call to â€˜[01m[Krclcpp::Node::declare_parameter(const char [10])[m[Kâ€™
[4.995s]   117 |   [01;31m[Knode->declare_parameter("min_range")[m[K;
[4.995s]       |   [01;31m[K~~~~~~~~~~~~~~~~~~~~~~~^~~~~~~~~~~~~[m[K
[4.995s] In file included from [01m[K/opt/ros/humble/include/rclcpp/rclcpp/executors/single_threaded_executor.hpp:28[m[K,
[4.995s]                  from [01m[K/opt/ros/humble/include/rclcpp/rclcpp/executors.hpp:22[m[K,
[4.996s]                  from [01m[K/opt/ros/humble/include/rclcpp/rclcpp/rclcpp.hpp:155[m[K,
[4.996s]                  from [01m[K/home/juanespadi/Documents/shalpy/ydlidar_ws/src/ydlidar_ros2/src/ydlidar_node.cpp:23[m[K:
[4.996s] [01m[K/opt/ros/humble/include/rclcpp/rclcpp/node.hpp:421:3:[m[K [01;36m[Knote: [m[Kcandidate: â€˜[01m[Ktemplate<class ParameterT> auto rclcpp::Node::declare_parameter(const string&, const ParameterT&, const ParameterDescriptor&, bool)[m[Kâ€™
[4.996s]   421 |   [01;36m[Kdeclare_parameter[m[K(
[4.996s]       |   [01;36m[K^~~~~~~~~~~~~~~~~[m[K
[4.996s] [01m[K/opt/ros/humble/include/rclcpp/rclcpp/node.hpp:421:3:[m[K [01;36m[Knote: [m[K  template argument deduction/substitution failed:
[4.996s] [01m[K/home/juanespadi/Documents/shalpy/ydlidar_ws/src/ydlidar_ros2/src/ydlidar_node.cpp:117:26:[m[K [01;36m[Knote: [m[K  candidate expects 4 arguments, 1 provided
[4.996s]   117 |   [01;36m[Knode->declare_parameter("min_range")[m[K;
[4.996s]       |   [01;36m[K~~~~~~~~~~~~~~~~~~~~~~~^~~~~~~~~~~~~[m[K
[4.996s] In file included from [01m[K/opt/ros/humble/include/rclcpp/rclcpp/executors/single_threaded_executor.hpp:28[m[K,
[4.996s]                  from [01m[K/opt/ros/humble/include/rclcpp/rclcpp/executors.hpp:22[m[K,
[4.996s]                  from [01m[K/opt/ros/humble/include/rclcpp/rclcpp/rclcpp.hpp:155[m[K,
[4.996s]                  from [01m[K/home/juanespadi/Documents/shalpy/ydlidar_ws/src/ydlidar_ros2/src/ydlidar_node.cpp:23[m[K:
[4.996s] [01m[K/opt/ros/humble/include/rclcpp/rclcpp/node.hpp:434:3:[m[K [01;36m[Knote: [m[Kcandidate: â€˜[01m[Ktemplate<class ParameterT> auto rclcpp::Node::declare_parameter(const string&, const ParameterDescriptor&, bool)[m[Kâ€™
[4.996s]   434 |   [01;36m[Kdeclare_parameter[m[K(
[4.996s]       |   [01;36m[K^~~~~~~~~~~~~~~~~[m[K
[4.996s] [01m[K/opt/ros/humble/include/rclcpp/rclcpp/node.hpp:434:3:[m[K [01;36m[Knote: [m[K  template argument deduction/substitution failed:
[4.997s] [01m[K/home/juanespadi/Documents/shalpy/ydlidar_ws/src/ydlidar_ros2/src/ydlidar_node.cpp:117:26:[m[K [01;36m[Knote: [m[K  couldnâ€™t deduce template parameter â€˜[01m[KParameterT[m[Kâ€™
[4.997s]   117 |   [01;36m[Knode->declare_parameter("min_range")[m[K;
[4.997s]       |   [01;36m[K~~~~~~~~~~~~~~~~~~~~~~~^~~~~~~~~~~~~[m[K
[4.997s] In file included from [01m[K/opt/ros/humble/include/rclcpp/rclcpp/executors/single_threaded_executor.hpp:28[m[K,
[4.997s]                  from [01m[K/opt/ros/humble/include/rclcpp/rclcpp/executors.hpp:22[m[K,
[4.997s]                  from [01m[K/opt/ros/humble/include/rclcpp/rclcpp/rclcpp.hpp:155[m[K,
[4.997s]                  from [01m[K/home/juanespadi/Documents/shalpy/ydlidar_ws/src/ydlidar_ros2/src/ydlidar_node.cpp:23[m[K:
[4.997s] [01m[K/opt/ros/humble/include/rclcpp/rclcpp/node.hpp:366:3:[m[K [01;36m[Knote: [m[Kcandidate: â€˜[01m[Kconst rclcpp::ParameterValue& rclcpp::Node::declare_parameter(const string&, const rclcpp::ParameterValue&, const ParameterDescriptor&, bool)[m[Kâ€™
[4.997s]   366 |   [01;36m[Kdeclare_parameter[m[K(
[4.997s]       |   [01;36m[K^~~~~~~~~~~~~~~~~[m[K
[4.997s] [01m[K/opt/ros/humble/include/rclcpp/rclcpp/node.hpp:366:3:[m[K [01;36m[Knote: [m[K  candidate expects 4 arguments, 1 provided
[4.997s] [01m[K/opt/ros/humble/include/rclcpp/rclcpp/node.hpp:391:3:[m[K [01;36m[Knote: [m[Kcandidate: â€˜[01m[Kconst rclcpp::ParameterValue& rclcpp::Node::declare_parameter(const string&, rclcpp::ParameterType, const ParameterDescriptor&, bool)[m[Kâ€™
[4.997s]   391 |   [01;36m[Kdeclare_parameter[m[K(
[4.997s]       |   [01;36m[K^~~~~~~~~~~~~~~~~[m[K
[4.997s] [01m[K/opt/ros/humble/include/rclcpp/rclcpp/node.hpp:391:3:[m[K [01;36m[Knote: [m[K  candidate expects 4 arguments, 1 provided
[4.998s] [01m[K/home/juanespadi/Documents/shalpy/ydlidar_ws/src/ydlidar_ros2/src/ydlidar_node.cpp:120:26:[m[K [01;31m[Kerror: [m[Kno matching function for call to â€˜[01m[Krclcpp::Node::declare_parameter(const char [10])[m[Kâ€™
[4.998s]   120 |   [01;31m[Knode->declare_parameter("frequency")[m[K;
[4.998s]       |   [01;31m[K~~~~~~~~~~~~~~~~~~~~~~~^~~~~~~~~~~~~[m[K
[4.998s] In file included from [01m[K/opt/ros/humble/include/rclcpp/rclcpp/executors/single_threaded_executor.hpp:28[m[K,
[4.998s]                  from [01m[K/opt/ros/humble/include/rclcpp/rclcpp/executors.hpp:22[m[K,
[4.998s]                  from [01m[K/opt/ros/humble/include/rclcpp/rclcpp/rclcpp.hpp:155[m[K,
[4.998s]                  from [01m[K/home/juanespadi/Documents/shalpy/ydlidar_ws/src/ydlidar_ros2/src/ydlidar_node.cpp:23[m[K:
[4.998s] [01m[K/opt/ros/humble/include/rclcpp/rclcpp/node.hpp:421:3:[m[K [01;36m[Knote: [m[Kcandidate: â€˜[01m[Ktemplate<class ParameterT> auto rclcpp::Node::declare_parameter(const string&, const ParameterT&, const ParameterDescriptor&, bool)[m[Kâ€™
[4.998s]   421 |   [01;36m[Kdeclare_parameter[m[K(
[4.998s]       |   [01;36m[K^~~~~~~~~~~~~~~~~[m[K
[4.998s] [01m[K/opt/ros/humble/include/rclcpp/rclcpp/node.hpp:421:3:[m[K [01;36m[Knote: [m[K  template argument deduction/substitution failed:
[4.998s] [01m[K/home/juanespadi/Documents/shalpy/ydlidar_ws/src/ydlidar_ros2/src/ydlidar_node.cpp:120:26:[m[K [01;36m[Knote: [m[K  candidate expects 4 arguments, 1 provided
[4.999s]   120 |   [01;36m[Knode->declare_parameter("frequency")[m[K;
[4.999s]       |   [01;36m[K~~~~~~~~~~~~~~~~~~~~~~~^~~~~~~~~~~~~[m[K
[4.999s] In file included from [01m[K/opt/ros/humble/include/rclcpp/rclcpp/executors/single_threaded_executor.hpp:28[m[K,
[4.999s]                  from [01m[K/opt/ros/humble/include/rclcpp/rclcpp/executors.hpp:22[m[K,
[4.999s]                  from [01m[K/opt/ros/humble/include/rclcpp/rclcpp/rclcpp.hpp:155[m[K,
[4.999s]                  from [01m[K/home/juanespadi/Documents/shalpy/ydlidar_ws/src/ydlidar_ros2/src/ydlidar_node.cpp:23[m[K:
[4.999s] [01m[K/opt/ros/humble/include/rclcpp/rclcpp/node.hpp:434:3:[m[K [01;36m[Knote: [m[Kcandidate: â€˜[01m[Ktemplate<class ParameterT> auto rclcpp::Node::declare_parameter(const string&, const ParameterDescriptor&, bool)[m[Kâ€™
[4.999s]   434 |   [01;36m[Kdeclare_parameter[m[K(
[4.999s]       |   [01;36m[K^~~~~~~~~~~~~~~~~[m[K
[4.999s] [01m[K/opt/ros/humble/include/rclcpp/rclcpp/node.hpp:434:3:[m[K [01;36m[Knote: [m[K  template argument deduction/substitution failed:
[4.999s] [01m[K/home/juanespadi/Documents/shalpy/ydlidar_ws/src/ydlidar_ros2/src/ydlidar_node.cpp:120:26:[m[K [01;36m[Knote: [m[K  couldnâ€™t deduce template parameter â€˜[01m[KParameterT[m[Kâ€™
[4.999s]   120 |   [01;36m[Knode->declare_parameter("frequency")[m[K;
[4.999s]       |   [01;36m[K~~~~~~~~~~~~~~~~~~~~~~~^~~~~~~~~~~~~[m[K
[4.999s] In file included from [01m[K/opt/ros/humble/include/rclcpp/rclcpp/executors/single_threaded_executor.hpp:28[m[K,
[4.999s]                  from [01m[K/opt/ros/humble/include/rclcpp/rclcpp/executors.hpp:22[m[K,
[4.999s]                  from [01m[K/opt/ros/humble/include/rclcpp/rclcpp/rclcpp.hpp:155[m[K,
[5.000s]                  from [01m[K/home/juanespadi/Documents/shalpy/ydlidar_ws/src/ydlidar_ros2/src/ydlidar_node.cpp:23[m[K:
[5.000s] [01m[K/opt/ros/humble/include/rclcpp/rclcpp/node.hpp:366:3:[m[K [01;36m[Knote: [m[Kcandidate: â€˜[01m[Kconst rclcpp::ParameterValue& rclcpp::Node::declare_parameter(const string&, const rclcpp::ParameterValue&, const ParameterDescriptor&, bool)[m[Kâ€™
[5.000s]   366 |   [01;36m[Kdeclare_parameter[m[K(
[5.000s]       |   [01;36m[K^~~~~~~~~~~~~~~~~[m[K
[5.000s] [01m[K/opt/ros/humble/include/rclcpp/rclcpp/node.hpp:366:3:[m[K [01;36m[Knote: [m[K  candidate expects 4 arguments, 1 provided
[5.000s] [01m[K/opt/ros/humble/include/rclcpp/rclcpp/node.hpp:391:3:[m[K [01;36m[Knote: [m[Kcandidate: â€˜[01m[Kconst rclcpp::ParameterValue& rclcpp::Node::declare_parameter(const string&, rclcpp::ParameterType, const ParameterDescriptor&, bool)[m[Kâ€™
[5.000s]   391 |   [01;36m[Kdeclare_parameter[m[K(
[5.000s]       |   [01;36m[K^~~~~~~~~~~~~~~~~[m[K
[5.000s] [01m[K/opt/ros/humble/include/rclcpp/rclcpp/node.hpp:391:3:[m[K [01;36m[Knote: [m[K  candidate expects 4 arguments, 1 provided
[5.000s] [01m[K/home/juanespadi/Documents/shalpy/ydlidar_ws/src/ydlidar_ros2/src/ydlidar_node.cpp:208:22:[m[K [01;35m[Kwarning: [m[Kcomparison of integer expressions of different signedness: â€˜[01m[Kint[m[Kâ€™ and â€˜[01m[Kstd::vector<LaserPoint>::size_type[m[Kâ€™ {aka â€˜[01m[Klong unsigned int[m[Kâ€™} [[01;35m[K]8;;https://gcc.gnu.org/onlinedocs/gcc/Warning-Options.html#index-Wsign-compare-Wsign-compare]8;;[m[K]
[5.000s]   208 |       for(int i=0; [01;35m[Ki < scan.points.size()[m[K; i++) {
[5.000s]       |                    [01;35m[K~~^~~~~~~~~~~~~~~~~~~~[m[K
[5.867s] gmake[2]: *** [CMakeFiles/ydlidar_node.dir/build.make:76: CMakeFiles/ydlidar_node.dir/src/ydlidar_node.cpp.o] Error 1
[5.867s] gmake[1]: *** [CMakeFiles/Makefile2:139: CMakeFiles/ydlidar_node.dir/all] Error 2
[5.867s] gmake: *** [Makefile:146: all] Error 2
[5.870s] Invoked command in '/home/juanespadi/Documents/shalpy/ydlidar_ws/build/ydlidar' returned '2': CMAKE_PREFIX_PATH=/opt/ros/humble /usr/bin/cmake --build /home/juanespadi/Documents/shalpy/ydlidar_ws/build/ydlidar -- -j8 -l8
