[0.048s] Invoking command in '/home/juanespadi/Documents/shalpy/ydlidar_ws/build/ydlidar': CMAKE_PREFIX_PATH=/opt/ros/humble /usr/bin/cmake /home/juanespadi/Documents/shalpy/ydlidar_ws/src/ydlidar_ros2 -DCMAKE_INSTALL_PREFIX=/home/juanespadi/Documents/shalpy/ydlidar_ws/install/ydlidar
[1.615s] -- The C compiler identification is GNU 11.3.0
[1.860s] -- The CXX compiler identification is GNU 11.3.0
[1.888s] -- Detecting C compiler ABI info
[2.002s] -- Detecting C compiler ABI info - done
[2.010s] -- Check for working C compiler: /usr/bin/cc - skipped
[2.010s] -- Detecting C compile features
[2.024s] -- Detecting C compile features - done
[2.040s] -- Detecting CXX compiler ABI info
[2.174s] -- Detecting CXX compiler ABI info - done
[2.184s] -- Check for working CXX compiler: /usr/bin/c++ - skipped
[2.184s] -- Detecting CXX compile features
[2.185s] -- Detecting CXX compile features - done
[2.493s] -- Found ament_cmake: 1.3.4 (/opt/ros/humble/share/ament_cmake/cmake)
[2.931s] -- Found Python3: /usr/bin/python3.10 (found version "3.10.6") found components: Interpreter 
[3.590s] -- Found rclcpp: 16.0.4 (/opt/ros/humble/share/rclcpp/cmake)
[5.075s] -- Found rosidl_generator_c: 3.1.4 (/opt/ros/humble/share/rosidl_generator_c/cmake)
[5.258s] -- Found rosidl_adapter: 3.1.4 (/opt/ros/humble/share/rosidl_adapter/cmake)
[5.324s] -- Found rosidl_generator_cpp: 3.1.4 (/opt/ros/humble/share/rosidl_generator_cpp/cmake)
[5.878s] -- Using all available rosidl_typesupport_c: rosidl_typesupport_fastrtps_c;rosidl_typesupport_introspection_c
[6.147s] -- Using all available rosidl_typesupport_cpp: rosidl_typesupport_fastrtps_cpp;rosidl_typesupport_introspection_cpp
[6.531s] -- Found rmw_implementation_cmake: 6.1.1 (/opt/ros/humble/share/rmw_implementation_cmake/cmake)
[6.547s] -- Found rmw_fastrtps_cpp: 6.2.2 (/opt/ros/humble/share/rmw_fastrtps_cpp/cmake)
[7.434s] -- Found OpenSSL: /usr/lib/x86_64-linux-gnu/libcrypto.so (found version "3.0.2")  
[7.518s] -- Found FastRTPS: /opt/ros/humble/include  
[7.570s] -- Using RMW implementation 'rmw_fastrtps_cpp' as default
[7.610s] -- Looking for pthread.h
[7.954s] -- Looking for pthread.h - found
[7.954s] -- Performing Test CMAKE_HAVE_LIBC_PTHREAD
[8.034s] -- Performing Test CMAKE_HAVE_LIBC_PTHREAD - Success
[8.036s] -- Found Threads: TRUE  
[8.623s] -- Found sensor_msgs: 4.2.3 (/opt/ros/humble/share/sensor_msgs/cmake)
[8.882s] -- Found visualization_msgs: 4.2.3 (/opt/ros/humble/share/visualization_msgs/cmake)
[9.062s] -- Found ament_lint_auto: 0.12.6 (/opt/ros/humble/share/ament_lint_auto/cmake)
[9.297s] -- Added test 'copyright' to check source files copyright and LICENSE
[9.339s] -- Added test 'cppcheck' to perform static code analysis on C / C++ code
[9.339s] -- Configured cppcheck include dirs: /home/juanespadi/Documents/shalpy/ydlidar_ws/src/ydlidar_ros2/src;/home/juanespadi/Documents/shalpy/ydlidar_ws/src/ydlidar_ros2/sdk/include;/home/juanespadi/Documents/shalpy/ydlidar_ws/src/ydlidar_ros2/sdk/src
[9.340s] -- Configured cppcheck exclude dirs and/or files: 
[9.367s] -- Added test 'cpplint' to check C / C++ code against the Google style
[9.367s] -- Configured cpplint exclude dirs and/or files: 
[9.371s] -- Added test 'flake8' to check Python code syntax and style conventions
[9.378s] -- Added test 'lint_cmake' to check CMake code style
[9.382s] -- Added test 'pep257' to check Python code against some of the docstring style conventions in PEP 257
[9.410s] -- Added test 'uncrustify' to check C / C++ code style
[9.410s] -- Configured uncrustify additional arguments: 
[9.414s] -- Added test 'xmllint' to check XML markup files
[9.464s] -- Configuring done
[9.618s] -- Generating done
[9.621s] -- Build files have been written to: /home/juanespadi/Documents/shalpy/ydlidar_ws/build/ydlidar
[9.633s] Invoked command in '/home/juanespadi/Documents/shalpy/ydlidar_ws/build/ydlidar' returned '0': CMAKE_PREFIX_PATH=/opt/ros/humble /usr/bin/cmake /home/juanespadi/Documents/shalpy/ydlidar_ws/src/ydlidar_ros2 -DCMAKE_INSTALL_PREFIX=/home/juanespadi/Documents/shalpy/ydlidar_ws/install/ydlidar
[9.636s] Invoking command in '/home/juanespadi/Documents/shalpy/ydlidar_ws/build/ydlidar': CMAKE_PREFIX_PATH=/opt/ros/humble /usr/bin/cmake --build /home/juanespadi/Documents/shalpy/ydlidar_ws/build/ydlidar -- -j8 -l8
[9.699s] [ 18%] [32mBuilding CXX object CMakeFiles/ydlidar_node.dir/src/ydlidar_node.cpp.o[0m
[9.700s] [ 27%] [32mBuilding CXX object CMakeFiles/ydlidar_node.dir/sdk/src/CYdLidar.cpp.o[0m
[9.700s] [ 27%] [32mBuilding CXX object CMakeFiles/ydlidar_client.dir/src/ydlidar_client.cpp.o[0m
[9.701s] [ 36%] [32mBuilding CXX object CMakeFiles/ydlidar_node.dir/sdk/src/impl/unix/unix_timer.cpp.o[0m
[9.701s] [ 45%] [32mBuilding C object CMakeFiles/ydlidar_node.dir/sdk/src/lock.c.o[0m
[9.701s] [ 54%] [32mBuilding CXX object CMakeFiles/ydlidar_node.dir/sdk/src/serial.cpp.o[0m
[9.703s] [ 72%] [32mBuilding CXX object CMakeFiles/ydlidar_node.dir/sdk/src/impl/unix/unix_serial.cpp.o[0m
[9.703s] [ 72%] [32mBuilding CXX object CMakeFiles/ydlidar_node.dir/sdk/src/impl/unix/list_ports_linux.cpp.o[0m
[9.993s] [01m[K/home/juanespadi/Documents/shalpy/ydlidar_ws/src/ydlidar_ros2/sdk/src/lock.c:[m[K In function â€˜[01m[Kfhs_lock[m[Kâ€™:
[9.993s] [01m[K/home/juanespadi/Documents/shalpy/ydlidar_ws/src/ydlidar_ros2/sdk/src/lock.c:199:40:[m[K [01;35m[Kwarning: [m[Kunused parameter â€˜[01m[Kpid[m[Kâ€™ [[01;35m[K]8;;https://gcc.gnu.org/onlinedocs/gcc/Warning-Options.html#index-Wunused-parameter-Wunused-parameter]8;;[m[K]
[9.993s]   199 | int fhs_lock(const char *filename, [01;35m[Kint pid[m[K) {
[9.993s]       |                                    [01;35m[K~~~~^~~[m[K
[9.993s] [01m[K/home/juanespadi/Documents/shalpy/ydlidar_ws/src/ydlidar_ros2/sdk/src/lock.c:[m[K In function â€˜[01m[Kuucp_lock[m[Kâ€™:
[9.994s] [01m[K/home/juanespadi/Documents/shalpy/ydlidar_ws/src/ydlidar_ros2/sdk/src/lock.c:281:41:[m[K [01;35m[Kwarning: [m[Kunused parameter â€˜[01m[Kpid[m[Kâ€™ [[01;35m[K]8;;https://gcc.gnu.org/onlinedocs/gcc/Warning-Options.html#index-Wunused-parameter-Wunused-parameter]8;;[m[K]
[9.994s]   281 | int uucp_lock(const char *filename, [01;35m[Kint pid[m[K) {
[9.994s]       |                                     [01;35m[K~~~~^~~[m[K
[10.042s] [ 81%] [32mBuilding CXX object CMakeFiles/ydlidar_node.dir/sdk/src/ydlidar_driver.cpp.o[0m
[10.236s] In file included from [01m[K/home/juanespadi/Documents/shalpy/ydlidar_ws/src/ydlidar_ros2/sdk/include/timer.h:2[m[K,
[10.236s]                  from [01m[K/home/juanespadi/Documents/shalpy/ydlidar_ws/src/ydlidar_ros2/sdk/src/impl/unix/unix_timer.cpp:2[m[K:
[10.236s] [01m[K/home/juanespadi/Documents/shalpy/ydlidar_ws/src/ydlidar_ros2/sdk/include/v8stdint.h:[m[K In function â€˜[01m[Kbool ydlidar::fileExists(std::string)[m[Kâ€™:
[10.236s] [01m[K/home/juanespadi/Documents/shalpy/ydlidar_ws/src/ydlidar_ros2/sdk/include/v8stdint.h:240:24:[m[K [01;35m[Kwarning: [m[Kmissing initializer for member â€˜[01m[Kstat::st_ino[m[Kâ€™ [[01;35m[K]8;;https://gcc.gnu.org/onlinedocs/gcc/Warning-Options.html#index-Wmissing-field-initializers-Wmissing-field-initializers]8;;[m[K]
[10.236s]   240 |   struct stat info = {0[01;35m[K}[m[K;
[10.236s]       |                        [01;35m[K^[m[K
[10.237s] [01m[K/home/juanespadi/Documents/shalpy/ydlidar_ws/src/ydlidar_ros2/sdk/include/v8stdint.h:240:24:[m[K [01;35m[Kwarning: [m[Kmissing initializer for member â€˜[01m[Kstat::st_nlink[m[Kâ€™ [[01;35m[K]8;;https://gcc.gnu.org/onlinedocs/gcc/Warning-Options.html#index-Wmissing-field-initializers-Wmissing-field-initializers]8;;[m[K]
[10.237s] [01m[K/home/juanespadi/Documents/shalpy/ydlidar_ws/src/ydlidar_ros2/sdk/include/v8stdint.h:240:24:[m[K [01;35m[Kwarning: [m[Kmissing initializer for member â€˜[01m[Kstat::st_mode[m[Kâ€™ [[01;35m[K]8;;https://gcc.gnu.org/onlinedocs/gcc/Warning-Options.html#index-Wmissing-field-initializers-Wmissing-field-initializers]8;;[m[K]
[10.237s] [01m[K/home/juanespadi/Documents/shalpy/ydlidar_ws/src/ydlidar_ros2/sdk/include/v8stdint.h:240:24:[m[K [01;35m[Kwarning: [m[Kmissing initializer for member â€˜[01m[Kstat::st_uid[m[Kâ€™ [[01;35m[K]8;;https://gcc.gnu.org/onlinedocs/gcc/Warning-Options.html#index-Wmissing-field-initializers-Wmissing-field-initializers]8;;[m[K]
[10.237s] [01m[K/home/juanespadi/Documents/shalpy/ydlidar_ws/src/ydlidar_ros2/sdk/include/v8stdint.h:240:24:[m[K [01;35m[Kwarning: [m[Kmissing initializer for member â€˜[01m[Kstat::st_gid[m[Kâ€™ [[01;35m[K]8;;https://gcc.gnu.org/onlinedocs/gcc/Warning-Options.html#index-Wmissing-field-initializers-Wmissing-field-initializers]8;;[m[K]
[10.238s] [01m[K/home/juanespadi/Documents/shalpy/ydlidar_ws/src/ydlidar_ros2/sdk/include/v8stdint.h:240:24:[m[K [01;35m[Kwarning: [m[Kmissing initializer for member â€˜[01m[Kstat::__pad0[m[Kâ€™ [[01;35m[K]8;;https://gcc.gnu.org/onlinedocs/gcc/Warning-Options.html#index-Wmissing-field-initializers-Wmissing-field-initializers]8;;[m[K]
[10.238s] [01m[K/home/juanespadi/Documents/shalpy/ydlidar_ws/src/ydlidar_ros2/sdk/include/v8stdint.h:240:24:[m[K [01;35m[Kwarning: [m[Kmissing initializer for member â€˜[01m[Kstat::st_rdev[m[Kâ€™ [[01;35m[K]8;;https://gcc.gnu.org/onlinedocs/gcc/Warning-Options.html#index-Wmissing-field-initializers-Wmissing-field-initializers]8;;[m[K]
[10.238s] [01m[K/home/juanespadi/Documents/shalpy/ydlidar_ws/src/ydlidar_ros2/sdk/include/v8stdint.h:240:24:[m[K [01;35m[Kwarning: [m[Kmissing initializer for member â€˜[01m[Kstat::st_size[m[Kâ€™ [[01;35m[K]8;;https://gcc.gnu.org/onlinedocs/gcc/Warning-Options.html#index-Wmissing-field-initializers-Wmissing-field-initializers]8;;[m[K]
[10.238s] [01m[K/home/juanespadi/Documents/shalpy/ydlidar_ws/src/ydlidar_ros2/sdk/include/v8stdint.h:240:24:[m[K [01;35m[Kwarning: [m[Kmissing initializer for member â€˜[01m[Kstat::st_blksize[m[Kâ€™ [[01;35m[K]8;;https://gcc.gnu.org/onlinedocs/gcc/Warning-Options.html#index-Wmissing-field-initializers-Wmissing-field-initializers]8;;[m[K]
[10.238s] [01m[K/home/juanespadi/Documents/shalpy/ydlidar_ws/src/ydlidar_ros2/sdk/include/v8stdint.h:240:24:[m[K [01;35m[Kwarning: [m[Kmissing initializer for member â€˜[01m[Kstat::st_blocks[m[Kâ€™ [[01;35m[K]8;;https://gcc.gnu.org/onlinedocs/gcc/Warning-Options.html#index-Wmissing-field-initializers-Wmissing-field-initializers]8;;[m[K]
[10.238s] [01m[K/home/juanespadi/Documents/shalpy/ydlidar_ws/src/ydlidar_ros2/sdk/include/v8stdint.h:240:24:[m[K [01;35m[Kwarning: [m[Kmissing initializer for member â€˜[01m[Kstat::st_atim[m[Kâ€™ [[01;35m[K]8;;https://gcc.gnu.org/onlinedocs/gcc/Warning-Options.html#index-Wmissing-field-initializers-Wmissing-field-initializers]8;;[m[K]
[10.238s] [01m[K/home/juanespadi/Documents/shalpy/ydlidar_ws/src/ydlidar_ros2/sdk/include/v8stdint.h:240:24:[m[K [01;35m[Kwarning: [m[Kmissing initializer for member â€˜[01m[Kstat::st_mtim[m[Kâ€™ [[01;35m[K]8;;https://gcc.gnu.org/onlinedocs/gcc/Warning-Options.html#index-Wmissing-field-initializers-Wmissing-field-initializers]8;;[m[K]
[10.238s] [01m[K/home/juanespadi/Documents/shalpy/ydlidar_ws/src/ydlidar_ros2/sdk/include/v8stdint.h:240:24:[m[K [01;35m[Kwarning: [m[Kmissing initializer for member â€˜[01m[Kstat::st_ctim[m[Kâ€™ [[01;35m[K]8;;https://gcc.gnu.org/onlinedocs/gcc/Warning-Options.html#index-Wmissing-field-initializers-Wmissing-field-initializers]8;;[m[K]
[10.239s] [01m[K/home/juanespadi/Documents/shalpy/ydlidar_ws/src/ydlidar_ros2/sdk/include/v8stdint.h:240:24:[m[K [01;35m[Kwarning: [m[Kmissing initializer for member â€˜[01m[Kstat::__glibc_reserved[m[Kâ€™ [[01;35m[K]8;;https://gcc.gnu.org/onlinedocs/gcc/Warning-Options.html#index-Wmissing-field-initializers-Wmissing-field-initializers]8;;[m[K]
[10.438s] In file included from [01m[K/home/juanespadi/Documents/shalpy/ydlidar_ws/src/ydlidar_ros2/sdk/include/serial.h:9[m[K,
[10.438s]                  from [01m[K/home/juanespadi/Documents/shalpy/ydlidar_ws/src/ydlidar_ros2/sdk/src/impl/unix/list_ports_linux.cpp:26[m[K:
[10.438s] [01m[K/home/juanespadi/Documents/shalpy/ydlidar_ws/src/ydlidar_ros2/sdk/include/v8stdint.h:[m[K In function â€˜[01m[Kbool ydlidar::fileExists(std::string)[m[Kâ€™:
[10.438s] [01m[K/home/juanespadi/Documents/shalpy/ydlidar_ws/src/ydlidar_ros2/sdk/include/v8stdint.h:240:24:[m[K [01;35m[Kwarning: [m[Kmissing initializer for member â€˜[01m[Kstat::st_ino[m[Kâ€™ [[01;35m[K]8;;https://gcc.gnu.org/onlinedocs/gcc/Warning-Options.html#index-Wmissing-field-initializers-Wmissing-field-initializers]8;;[m[K]
[10.438s]   240 |   struct stat info = {0[01;35m[K}[m[K;
[10.438s]       |                        [01;35m[K^[m[K
[10.438s] [01m[K/home/juanespadi/Documents/shalpy/ydlidar_ws/src/ydlidar_ros2/sdk/include/v8stdint.h:240:24:[m[K [01;35m[Kwarning: [m[Kmissing initializer for member â€˜[01m[Kstat::st_nlink[m[Kâ€™ [[01;35m[K]8;;https://gcc.gnu.org/onlinedocs/gcc/Warning-Options.html#index-Wmissing-field-initializers-Wmissing-field-initializers]8;;[m[K]
[10.438s] [01m[K/home/juanespadi/Documents/shalpy/ydlidar_ws/src/ydlidar_ros2/sdk/include/v8stdint.h:240:24:[m[K [01;35m[Kwarning: [m[Kmissing initializer for member â€˜[01m[Kstat::st_mode[m[Kâ€™ [[01;35m[K]8;;https://gcc.gnu.org/onlinedocs/gcc/Warning-Options.html#index-Wmissing-field-initializers-Wmissing-field-initializers]8;;[m[K]
[10.439s] [01m[K/home/juanespadi/Documents/shalpy/ydlidar_ws/src/ydlidar_ros2/sdk/include/v8stdint.h:240:24:[m[K [01;35m[Kwarning: [m[Kmissing initializer for member â€˜[01m[Kstat::st_uid[m[Kâ€™ [[01;35m[K]8;;https://gcc.gnu.org/onlinedocs/gcc/Warning-Options.html#index-Wmissing-field-initializers-Wmissing-field-initializers]8;;[m[K]
[10.439s] [01m[K/home/juanespadi/Documents/shalpy/ydlidar_ws/src/ydlidar_ros2/sdk/include/v8stdint.h:240:24:[m[K [01;35m[Kwarning: [m[Kmissing initializer for member â€˜[01m[Kstat::st_gid[m[Kâ€™ [[01;35m[K]8;;https://gcc.gnu.org/onlinedocs/gcc/Warning-Options.html#index-Wmissing-field-initializers-Wmissing-field-initializers]8;;[m[K]
[10.439s] [01m[K/home/juanespadi/Documents/shalpy/ydlidar_ws/src/ydlidar_ros2/sdk/include/v8stdint.h:240:24:[m[K [01;35m[Kwarning: [m[Kmissing initializer for member â€˜[01m[Kstat::__pad0[m[Kâ€™ [[01;35m[K]8;;https://gcc.gnu.org/onlinedocs/gcc/Warning-Options.html#index-Wmissing-field-initializers-Wmissing-field-initializers]8;;[m[K]
[10.439s] [01m[K/home/juanespadi/Documents/shalpy/ydlidar_ws/src/ydlidar_ros2/sdk/include/v8stdint.h:240:24:[m[K [01;35m[Kwarning: [m[Kmissing initializer for member â€˜[01m[Kstat::st_rdev[m[Kâ€™ [[01;35m[K]8;;https://gcc.gnu.org/onlinedocs/gcc/Warning-Options.html#index-Wmissing-field-initializers-Wmissing-field-initializers]8;;[m[K]
[10.439s] [01m[K/home/juanespadi/Documents/shalpy/ydlidar_ws/src/ydlidar_ros2/sdk/include/v8stdint.h:240:24:[m[K [01;35m[Kwarning: [m[Kmissing initializer for member â€˜[01m[Kstat::st_size[m[Kâ€™ [[01;35m[K]8;;https://gcc.gnu.org/onlinedocs/gcc/Warning-Options.html#index-Wmissing-field-initializers-Wmissing-field-initializers]8;;[m[K]
[10.439s] [01m[K/home/juanespadi/Documents/shalpy/ydlidar_ws/src/ydlidar_ros2/sdk/include/v8stdint.h:240:24:[m[K [01;35m[Kwarning: [m[Kmissing initializer for member â€˜[01m[Kstat::st_blksize[m[Kâ€™ [[01;35m[K]8;;https://gcc.gnu.org/onlinedocs/gcc/Warning-Options.html#index-Wmissing-field-initializers-Wmissing-field-initializers]8;;[m[K]
[10.439s] [01m[K/home/juanespadi/Documents/shalpy/ydlidar_ws/src/ydlidar_ros2/sdk/include/v8stdint.h:240:24:[m[K [01;35m[Kwarning: [m[Kmissing initializer for member â€˜[01m[Kstat::st_blocks[m[Kâ€™ [[01;35m[K]8;;https://gcc.gnu.org/onlinedocs/gcc/Warning-Options.html#index-Wmissing-field-initializers-Wmissing-field-initializers]8;;[m[K]
[10.440s] [01m[K/home/juanespadi/Documents/shalpy/ydlidar_ws/src/ydlidar_ros2/sdk/include/v8stdint.h:240:24:[m[K [01;35m[Kwarning: [m[Kmissing initializer for member â€˜[01m[Kstat::st_atim[m[Kâ€™ [[01;35m[K]8;;https://gcc.gnu.org/onlinedocs/gcc/Warning-Options.html#index-Wmissing-field-initializers-Wmissing-field-initializers]8;;[m[K]
[10.440s] [01m[K/home/juanespadi/Documents/shalpy/ydlidar_ws/src/ydlidar_ros2/sdk/include/v8stdint.h:240:24:[m[K [01;35m[Kwarning: [m[Kmissing initializer for member â€˜[01m[Kstat::st_mtim[m[Kâ€™ [[01;35m[K]8;;https://gcc.gnu.org/onlinedocs/gcc/Warning-Options.html#index-Wmissing-field-initializers-Wmissing-field-initializers]8;;[m[K]
[10.440s] [01m[K/home/juanespadi/Documents/shalpy/ydlidar_ws/src/ydlidar_ros2/sdk/include/v8stdint.h:240:24:[m[K [01;35m[Kwarning: [m[Kmissing initializer for member â€˜[01m[Kstat::st_ctim[m[Kâ€™ [[01;35m[K]8;;https://gcc.gnu.org/onlinedocs/gcc/Warning-Options.html#index-Wmissing-field-initializers-Wmissing-field-initializers]8;;[m[K]
[10.440s] [01m[K/home/juanespadi/Documents/shalpy/ydlidar_ws/src/ydlidar_ros2/sdk/include/v8stdint.h:240:24:[m[K [01;35m[Kwarning: [m[Kmissing initializer for member â€˜[01m[Kstat::__glibc_reserved[m[Kâ€™ [[01;35m[K]8;;https://gcc.gnu.org/onlinedocs/gcc/Warning-Options.html#index-Wmissing-field-initializers-Wmissing-field-initializers]8;;[m[K]
[10.443s] In file included from [01m[K/home/juanespadi/Documents/shalpy/ydlidar_ws/src/ydlidar_ros2/sdk/include/serial.h:9[m[K,
[10.443s]                  from [01m[K/home/juanespadi/Documents/shalpy/ydlidar_ws/src/ydlidar_ros2/sdk/src/impl/unix/unix_serial.h:9[m[K,
[10.443s]                  from [01m[K/home/juanespadi/Documents/shalpy/ydlidar_ws/src/ydlidar_ros2/sdk/src/impl/unix/unix_serial.cpp:39[m[K:
[10.443s] [01m[K/home/juanespadi/Documents/shalpy/ydlidar_ws/src/ydlidar_ros2/sdk/include/v8stdint.h:[m[K In function â€˜[01m[Kbool ydlidar::fileExists(std::string)[m[Kâ€™:
[10.443s] [01m[K/home/juanespadi/Documents/shalpy/ydlidar_ws/src/ydlidar_ros2/sdk/include/v8stdint.h:240:24:[m[K [01;35m[Kwarning: [m[Kmissing initializer for member â€˜[01m[Kstat::st_ino[m[Kâ€™ [[01;35m[K]8;;https://gcc.gnu.org/onlinedocs/gcc/Warning-Options.html#index-Wmissing-field-initializers-Wmissing-field-initializers]8;;[m[K]
[10.444s]   240 |   struct stat info = {0[01;35m[K}[m[K;
[10.444s]       |                        [01;35m[K^[m[K
[10.444s] [01m[K/home/juanespadi/Documents/shalpy/ydlidar_ws/src/ydlidar_ros2/sdk/include/v8stdint.h:240:24:[m[K [01;35m[Kwarning: [m[Kmissing initializer for member â€˜[01m[Kstat::st_nlink[m[Kâ€™ [[01;35m[K]8;;https://gcc.gnu.org/onlinedocs/gcc/Warning-Options.html#index-Wmissing-field-initializers-Wmissing-field-initializers]8;;[m[K]
[10.444s] [01m[K/home/juanespadi/Documents/shalpy/ydlidar_ws/src/ydlidar_ros2/sdk/include/v8stdint.h:240:24:[m[K [01;35m[Kwarning: [m[Kmissing initializer for member â€˜[01m[Kstat::st_mode[m[Kâ€™ [[01;35m[K]8;;https://gcc.gnu.org/onlinedocs/gcc/Warning-Options.html#index-Wmissing-field-initializers-Wmissing-field-initializers]8;;[m[K]
[10.444s] [01m[K/home/juanespadi/Documents/shalpy/ydlidar_ws/src/ydlidar_ros2/sdk/include/v8stdint.h:240:24:[m[K [01;35m[Kwarning: [m[Kmissing initializer for member â€˜[01m[Kstat::st_uid[m[Kâ€™ [[01;35m[K]8;;https://gcc.gnu.org/onlinedocs/gcc/Warning-Options.html#index-Wmissing-field-initializers-Wmissing-field-initializers]8;;[m[K]
[10.444s] [01m[K/home/juanespadi/Documents/shalpy/ydlidar_ws/src/ydlidar_ros2/sdk/include/v8stdint.h:240:24:[m[K [01;35m[Kwarning: [m[Kmissing initializer for member â€˜[01m[Kstat::st_gid[m[Kâ€™ [[01;35m[K]8;;https://gcc.gnu.org/onlinedocs/gcc/Warning-Options.html#index-Wmissing-field-initializers-Wmissing-field-initializers]8;;[m[K]
[10.444s] [01m[K/home/juanespadi/Documents/shalpy/ydlidar_ws/src/ydlidar_ros2/sdk/include/v8stdint.h:240:24:[m[K [01;35m[Kwarning: [m[Kmissing initializer for member â€˜[01m[Kstat::__pad0[m[Kâ€™ [[01;35m[K]8;;https://gcc.gnu.org/onlinedocs/gcc/Warning-Options.html#index-Wmissing-field-initializers-Wmissing-field-initializers]8;;[m[K]
[10.445s] [01m[K/home/juanespadi/Documents/shalpy/ydlidar_ws/src/ydlidar_ros2/sdk/include/v8stdint.h:240:24:[m[K [01;35m[Kwarning: [m[Kmissing initializer for member â€˜[01m[Kstat::st_rdev[m[Kâ€™ [[01;35m[K]8;;https://gcc.gnu.org/onlinedocs/gcc/Warning-Options.html#index-Wmissing-field-initializers-Wmissing-field-initializers]8;;[m[K]
[10.445s] [01m[K/home/juanespadi/Documents/shalpy/ydlidar_ws/src/ydlidar_ros2/sdk/include/v8stdint.h:240:24:[m[K [01;35m[Kwarning: [m[Kmissing initializer for member â€˜[01m[Kstat::st_size[m[Kâ€™ [[01;35m[K]8;;https://gcc.gnu.org/onlinedocs/gcc/Warning-Options.html#index-Wmissing-field-initializers-Wmissing-field-initializers]8;;[m[K]
[10.445s] [01m[K/home/juanespadi/Documents/shalpy/ydlidar_ws/src/ydlidar_ros2/sdk/include/v8stdint.h:240:24:[m[K [01;35m[Kwarning: [m[Kmissing initializer for member â€˜[01m[Kstat::st_blksize[m[Kâ€™ [[01;35m[K]8;;https://gcc.gnu.org/onlinedocs/gcc/Warning-Options.html#index-Wmissing-field-initializers-Wmissing-field-initializers]8;;[m[K]
[10.445s] [01m[K/home/juanespadi/Documents/shalpy/ydlidar_ws/src/ydlidar_ros2/sdk/include/v8stdint.h:240:24:[m[K [01;35m[Kwarning: [m[Kmissing initializer for member â€˜[01m[Kstat::st_blocks[m[Kâ€™ [[01;35m[K]8;;https://gcc.gnu.org/onlinedocs/gcc/Warning-Options.html#index-Wmissing-field-initializers-Wmissing-field-initializers]8;;[m[K]
[10.445s] [01m[K/home/juanespadi/Documents/shalpy/ydlidar_ws/src/ydlidar_ros2/sdk/include/v8stdint.h:240:24:[m[K [01;35m[Kwarning: [m[Kmissing initializer for member â€˜[01m[Kstat::st_atim[m[Kâ€™ [[01;35m[K]8;;https://gcc.gnu.org/onlinedocs/gcc/Warning-Options.html#index-Wmissing-field-initializers-Wmissing-field-initializers]8;;[m[K]
[10.445s] [01m[K/home/juanespadi/Documents/shalpy/ydlidar_ws/src/ydlidar_ros2/sdk/include/v8stdint.h:240:24:[m[K [01;35m[Kwarning: [m[Kmissing initializer for member â€˜[01m[Kstat::st_mtim[m[Kâ€™ [[01;35m[K]8;;https://gcc.gnu.org/onlinedocs/gcc/Warning-Options.html#index-Wmissing-field-initializers-Wmissing-field-initializers]8;;[m[K]
[10.445s] [01m[K/home/juanespadi/Documents/shalpy/ydlidar_ws/src/ydlidar_ros2/sdk/include/v8stdint.h:240:24:[m[K [01;35m[Kwarning: [m[Kmissing initializer for member â€˜[01m[Kstat::st_ctim[m[Kâ€™ [[01;35m[K]8;;https://gcc.gnu.org/onlinedocs/gcc/Warning-Options.html#index-Wmissing-field-initializers-Wmissing-field-initializers]8;;[m[K]
[10.446s] [01m[K/home/juanespadi/Documents/shalpy/ydlidar_ws/src/ydlidar_ros2/sdk/include/v8stdint.h:240:24:[m[K [01;35m[Kwarning: [m[Kmissing initializer for member â€˜[01m[Kstat::__glibc_reserved[m[Kâ€™ [[01;35m[K]8;;https://gcc.gnu.org/onlinedocs/gcc/Warning-Options.html#index-Wmissing-field-initializers-Wmissing-field-initializers]8;;[m[K]
[10.446s] [01m[K/home/juanespadi/Documents/shalpy/ydlidar_ws/src/ydlidar_ros2/sdk/src/impl/unix/list_ports_linux.cpp:[m[K In function â€˜[01m[Kstd::vector<std::__cxx11::basic_string<char> > glob(const std::vector<std::__cxx11::basic_string<char> >&)[m[Kâ€™:
[10.446s] [01m[K/home/juanespadi/Documents/shalpy/ydlidar_ws/src/ydlidar_ros2/sdk/src/impl/unix/list_ports_linux.cpp:58:7:[m[K [01;35m[Kwarning: [m[Kvariable â€˜[01m[Kglob_retval[m[Kâ€™ set but not used [[01;35m[K]8;;https://gcc.gnu.org/onlinedocs/gcc/Warning-Options.html#index-Wunused-but-set-variable-Wunused-but-set-variable]8;;[m[K]
[10.446s]    58 |   int [01;35m[Kglob_retval[m[K = glob(patterns[0].c_str(), 0, NULL, &glob_results);
[10.446s]       |       [01;35m[K^~~~~~~~~~~[m[K
[10.456s] [01m[K/home/juanespadi/Documents/shalpy/ydlidar_ws/src/ydlidar_ros2/sdk/src/impl/unix/unix_serial.cpp:[m[K In member function â€˜[01m[Kbool serial::Serial::SerialImpl::setCustomBaudRate(long unsigned int)[m[Kâ€™:
[10.456s] [01m[K/home/juanespadi/Documents/shalpy/ydlidar_ws/src/ydlidar_ros2/sdk/src/impl/unix/unix_serial.cpp:1235:40:[m[K [01;35m[Kwarning: [m[Kcomparison of integer expressions of different signedness: â€˜[01m[Klong unsigned int[m[Kâ€™ and â€˜[01m[Kint[m[Kâ€™ [[01;35m[K]8;;https://gcc.gnu.org/onlinedocs/gcc/Warning-Options.html#index-Wsign-compare-Wsign-compare]8;;[m[K]
[10.456s]  1235 |   if ([01;35m[Kserial.custom_divisor * baudrate != serial.baud_base[m[K) {
[10.457s]       |       [01;35m[K~~~~~~~~~~~~~~~~~~~~~~~~~~~~~~~~~^~~~~~~~~~~~~~~~~~~[m[K
[10.526s] In file included from [01m[K/home/juanespadi/Documents/shalpy/ydlidar_ws/src/ydlidar_ros2/sdk/include/serial.h:9[m[K,
[10.527s]                  from [01m[K/home/juanespadi/Documents/shalpy/ydlidar_ws/src/ydlidar_ros2/sdk/include/ydlidar_driver.h:54[m[K,
[10.527s]                  from [01m[K/home/juanespadi/Documents/shalpy/ydlidar_ws/src/ydlidar_ros2/sdk/include/CYdLidar.h:36[m[K,
[10.527s]                  from [01m[K/home/juanespadi/Documents/shalpy/ydlidar_ws/src/ydlidar_ros2/sdk/src/CYdLidar.cpp:34[m[K:
[10.527s] [01m[K/home/juanespadi/Documents/shalpy/ydlidar_ws/src/ydlidar_ros2/sdk/include/v8stdint.h:[m[K In function â€˜[01m[Kbool ydlidar::fileExists(std::string)[m[Kâ€™:
[10.527s] [01m[K/home/juanespadi/Documents/shalpy/ydlidar_ws/src/ydlidar_ros2/sdk/include/v8stdint.h:240:24:[m[K [01;35m[Kwarning: [m[Kmissing initializer for member â€˜[01m[Kstat::st_ino[m[Kâ€™ [[01;35m[K]8;;https://gcc.gnu.org/onlinedocs/gcc/Warning-Options.html#index-Wmissing-field-initializers-Wmissing-field-initializers]8;;[m[K]
[10.527s]   240 |   struct stat info = {0[01;35m[K}[m[K;
[10.527s]       |                        [01;35m[K^[m[K
[10.528s] [01m[K/home/juanespadi/Documents/shalpy/ydlidar_ws/src/ydlidar_ros2/sdk/include/v8stdint.h:240:24:[m[K [01;35m[Kwarning: [m[Kmissing initializer for member â€˜[01m[Kstat::st_nlink[m[Kâ€™ [[01;35m[K]8;;https://gcc.gnu.org/onlinedocs/gcc/Warning-Options.html#index-Wmissing-field-initializers-Wmissing-field-initializers]8;;[m[K]
[10.528s] [01m[K/home/juanespadi/Documents/shalpy/ydlidar_ws/src/ydlidar_ros2/sdk/include/v8stdint.h:240:24:[m[K [01;35m[Kwarning: [m[Kmissing initializer for member â€˜[01m[Kstat::st_mode[m[Kâ€™ [[01;35m[K]8;;https://gcc.gnu.org/onlinedocs/gcc/Warning-Options.html#index-Wmissing-field-initializers-Wmissing-field-initializers]8;;[m[K]
[10.528s] [01m[K/home/juanespadi/Documents/shalpy/ydlidar_ws/src/ydlidar_ros2/sdk/include/v8stdint.h:240:24:[m[K [01;35m[Kwarning: [m[Kmissing initializer for member â€˜[01m[Kstat::st_uid[m[Kâ€™ [[01;35m[K]8;;https://gcc.gnu.org/onlinedocs/gcc/Warning-Options.html#index-Wmissing-field-initializers-Wmissing-field-initializers]8;;[m[K]
[10.528s] [01m[K/home/juanespadi/Documents/shalpy/ydlidar_ws/src/ydlidar_ros2/sdk/include/v8stdint.h:240:24:[m[K [01;35m[Kwarning: [m[Kmissing initializer for member â€˜[01m[Kstat::st_gid[m[Kâ€™ [[01;35m[K]8;;https://gcc.gnu.org/onlinedocs/gcc/Warning-Options.html#index-Wmissing-field-initializers-Wmissing-field-initializers]8;;[m[K]
[10.528s] [01m[K/home/juanespadi/Documents/shalpy/ydlidar_ws/src/ydlidar_ros2/sdk/include/v8stdint.h:240:24:[m[K [01;35m[Kwarning: [m[Kmissing initializer for member â€˜[01m[Kstat::__pad0[m[Kâ€™ [[01;35m[K]8;;https://gcc.gnu.org/onlinedocs/gcc/Warning-Options.html#index-Wmissing-field-initializers-Wmissing-field-initializers]8;;[m[K]
[10.528s] [01m[K/home/juanespadi/Documents/shalpy/ydlidar_ws/src/ydlidar_ros2/sdk/include/v8stdint.h:240:24:[m[K [01;35m[Kwarning: [m[Kmissing initializer for member â€˜[01m[Kstat::st_rdev[m[Kâ€™ [[01;35m[K]8;;https://gcc.gnu.org/onlinedocs/gcc/Warning-Options.html#index-Wmissing-field-initializers-Wmissing-field-initializers]8;;[m[K]
[10.528s] [01m[K/home/juanespadi/Documents/shalpy/ydlidar_ws/src/ydlidar_ros2/sdk/include/v8stdint.h:240:24:[m[K [01;35m[Kwarning: [m[Kmissing initializer for member â€˜[01m[Kstat::st_size[m[Kâ€™ [[01;35m[K]8;;https://gcc.gnu.org/onlinedocs/gcc/Warning-Options.html#index-Wmissing-field-initializers-Wmissing-field-initializers]8;;[m[K]
[10.529s] [01m[K/home/juanespadi/Documents/shalpy/ydlidar_ws/src/ydlidar_ros2/sdk/include/v8stdint.h:240:24:[m[K [01;35m[Kwarning: [m[Kmissing initializer for member â€˜[01m[Kstat::st_blksize[m[Kâ€™ [[01;35m[K]8;;https://gcc.gnu.org/onlinedocs/gcc/Warning-Options.html#index-Wmissing-field-initializers-Wmissing-field-initializers]8;;[m[K]
[10.529s] [01m[K/home/juanespadi/Documents/shalpy/ydlidar_ws/src/ydlidar_ros2/sdk/include/v8stdint.h:240:24:[m[K [01;35m[Kwarning: [m[Kmissing initializer for member â€˜[01m[Kstat::st_blocks[m[Kâ€™ [[01;35m[K]8;;https://gcc.gnu.org/onlinedocs/gcc/Warning-Options.html#index-Wmissing-field-initializers-Wmissing-field-initializers]8;;[m[K]
[10.529s] [01m[K/home/juanespadi/Documents/shalpy/ydlidar_ws/src/ydlidar_ros2/sdk/include/v8stdint.h:240:24:[m[K [01;35m[Kwarning: [m[Kmissing initializer for member â€˜[01m[Kstat::st_atim[m[Kâ€™ [[01;35m[K]8;;https://gcc.gnu.org/onlinedocs/gcc/Warning-Options.html#index-Wmissing-field-initializers-Wmissing-field-initializers]8;;[m[K]
[10.529s] [01m[K/home/juanespadi/Documents/shalpy/ydlidar_ws/src/ydlidar_ros2/sdk/include/v8stdint.h:240:24:[m[K [01;35m[Kwarning: [m[Kmissing initializer for member â€˜[01m[Kstat::st_mtim[m[Kâ€™ [[01;35m[K]8;;https://gcc.gnu.org/onlinedocs/gcc/Warning-Options.html#index-Wmissing-field-initializers-Wmissing-field-initializers]8;;[m[K]
[10.529s] [01m[K/home/juanespadi/Documents/shalpy/ydlidar_ws/src/ydlidar_ros2/sdk/include/v8stdint.h:240:24:[m[K [01;35m[Kwarning: [m[Kmissing initializer for member â€˜[01m[Kstat::st_ctim[m[Kâ€™ [[01;35m[K]8;;https://gcc.gnu.org/onlinedocs/gcc/Warning-Options.html#index-Wmissing-field-initializers-Wmissing-field-initializers]8;;[m[K]
[10.529s] [01m[K/home/juanespadi/Documents/shalpy/ydlidar_ws/src/ydlidar_ros2/sdk/include/v8stdint.h:240:24:[m[K [01;35m[Kwarning: [m[Kmissing initializer for member â€˜[01m[Kstat::__glibc_reserved[m[Kâ€™ [[01;35m[K]8;;https://gcc.gnu.org/onlinedocs/gcc/Warning-Options.html#index-Wmissing-field-initializers-Wmissing-field-initializers]8;;[m[K]
[10.532s] In file included from [01m[K/home/juanespadi/Documents/shalpy/ydlidar_ws/src/ydlidar_ros2/sdk/include/ydlidar_driver.h:56[m[K,
[10.532s]                  from [01m[K/home/juanespadi/Documents/shalpy/ydlidar_ws/src/ydlidar_ros2/sdk/include/CYdLidar.h:36[m[K,
[10.532s]                  from [01m[K/home/juanespadi/Documents/shalpy/ydlidar_ws/src/ydlidar_ros2/sdk/src/CYdLidar.cpp:34[m[K:
[10.532s] [01m[K/home/juanespadi/Documents/shalpy/ydlidar_ws/src/ydlidar_ros2/sdk/include/thread.h:[m[K In static member function â€˜[01m[Kstatic Thread Thread::createThread(thread_proc_t, void*)[m[Kâ€™:
[10.532s] [01m[K/home/juanespadi/Documents/shalpy/ydlidar_ws/src/ydlidar_ros2/sdk/include/thread.h:43:57:[m[K [01;35m[Kwarning: [m[Kcast between incompatible function types from â€˜[01m[Kthread_proc_t[m[Kâ€™ {aka â€˜[01m[Klong unsigned int (*)(void*)[m[Kâ€™} to â€˜[01m[Kvoid* (*)(void*)[m[Kâ€™ [[01;35m[K]8;;https://gcc.gnu.org/onlinedocs/gcc/Warning-Options.html#index-Wcast-function-type-Wcast-function-type]8;;[m[K]
[10.532s]    43 |     pthread_create((pthread_t *)&thread_._handle, NULL, [01;35m[K(void *(*)(void *))proc[m[K,
[10.532s]       |                                                         [01;35m[K^~~~~~~~~~~~~~~~~~~~~~~[m[K
[10.537s] In file included from [01m[K/home/juanespadi/Documents/shalpy/ydlidar_ws/src/ydlidar_ros2/sdk/include/ydlidar_driver.h:58[m[K,
[10.537s]                  from [01m[K/home/juanespadi/Documents/shalpy/ydlidar_ws/src/ydlidar_ros2/sdk/include/CYdLidar.h:36[m[K,
[10.537s]                  from [01m[K/home/juanespadi/Documents/shalpy/ydlidar_ws/src/ydlidar_ros2/sdk/src/CYdLidar.cpp:34[m[K:
[10.537s] [01m[K/home/juanespadi/Documents/shalpy/ydlidar_ws/src/ydlidar_ros2/sdk/include/help_info.h:[m[K In function â€˜[01m[Kbool ydlidar::isSupportMotorCtrl(int)[m[Kâ€™:
[10.538s] [01m[K/home/juanespadi/Documents/shalpy/ydlidar_ws/src/ydlidar_ros2/sdk/include/help_info.h:414:8:[m[K [01;35m[Kwarning: [m[Kvariable â€˜[01m[Kret[m[Kâ€™ set but not used [[01;35m[K]8;;https://gcc.gnu.org/onlinedocs/gcc/Warning-Options.html#index-Wunused-but-set-variable-Wunused-but-set-variable]8;;[m[K]
[10.538s]   414 |   bool [01;35m[Kret[m[K = false;
[10.538s]       |        [01;35m[K^~~[m[K
[10.572s] In file included from [01m[K/home/juanespadi/Documents/shalpy/ydlidar_ws/src/ydlidar_ros2/sdk/include/serial.h:9[m[K,
[10.572s]                  from [01m[K/home/juanespadi/Documents/shalpy/ydlidar_ws/src/ydlidar_ros2/sdk/src/serial.cpp:11[m[K:
[10.572s] [01m[K/home/juanespadi/Documents/shalpy/ydlidar_ws/src/ydlidar_ros2/sdk/include/v8stdint.h:[m[K In function â€˜[01m[Kbool ydlidar::fileExists(std::string)[m[Kâ€™:
[10.572s] [01m[K/home/juanespadi/Documents/shalpy/ydlidar_ws/src/ydlidar_ros2/sdk/include/v8stdint.h:240:24:[m[K [01;35m[Kwarning: [m[Kmissing initializer for member â€˜[01m[Kstat::st_ino[m[Kâ€™ [[01;35m[K]8;;https://gcc.gnu.org/onlinedocs/gcc/Warning-Options.html#index-Wmissing-field-initializers-Wmissing-field-initializers]8;;[m[K]
[10.573s]   240 |   struct stat info = {0[01;35m[K}[m[K;
[10.573s]       |                        [01;35m[K^[m[K
[10.573s] [01m[K/home/juanespadi/Documents/shalpy/ydlidar_ws/src/ydlidar_ros2/sdk/include/v8stdint.h:240:24:[m[K [01;35m[Kwarning: [m[Kmissing initializer for member â€˜[01m[Kstat::st_nlink[m[Kâ€™ [[01;35m[K]8;;https://gcc.gnu.org/onlinedocs/gcc/Warning-Options.html#index-Wmissing-field-initializers-Wmissing-field-initializers]8;;[m[K]
[10.573s] [01m[K/home/juanespadi/Documents/shalpy/ydlidar_ws/src/ydlidar_ros2/sdk/include/v8stdint.h:240:24:[m[K [01;35m[Kwarning: [m[Kmissing initializer for member â€˜[01m[Kstat::st_mode[m[Kâ€™ [[01;35m[K]8;;https://gcc.gnu.org/onlinedocs/gcc/Warning-Options.html#index-Wmissing-field-initializers-Wmissing-field-initializers]8;;[m[K]
[10.573s] [01m[K/home/juanespadi/Documents/shalpy/ydlidar_ws/src/ydlidar_ros2/sdk/include/v8stdint.h:240:24:[m[K [01;35m[Kwarning: [m[Kmissing initializer for member â€˜[01m[Kstat::st_uid[m[Kâ€™ [[01;35m[K]8;;https://gcc.gnu.org/onlinedocs/gcc/Warning-Options.html#index-Wmissing-field-initializers-Wmissing-field-initializers]8;;[m[K]
[10.573s] [01m[K/home/juanespadi/Documents/shalpy/ydlidar_ws/src/ydlidar_ros2/sdk/include/v8stdint.h:240:24:[m[K [01;35m[Kwarning: [m[Kmissing initializer for member â€˜[01m[Kstat::st_gid[m[Kâ€™ [[01;35m[K]8;;https://gcc.gnu.org/onlinedocs/gcc/Warning-Options.html#index-Wmissing-field-initializers-Wmissing-field-initializers]8;;[m[K]
[10.573s] [01m[K/home/juanespadi/Documents/shalpy/ydlidar_ws/src/ydlidar_ros2/sdk/include/v8stdint.h:240:24:[m[K [01;35m[Kwarning: [m[Kmissing initializer for member â€˜[01m[Kstat::__pad0[m[Kâ€™ [[01;35m[K]8;;https://gcc.gnu.org/onlinedocs/gcc/Warning-Options.html#index-Wmissing-field-initializers-Wmissing-field-initializers]8;;[m[K]
[10.573s] [01m[K/home/juanespadi/Documents/shalpy/ydlidar_ws/src/ydlidar_ros2/sdk/include/v8stdint.h:240:24:[m[K [01;35m[Kwarning: [m[Kmissing initializer for member â€˜[01m[Kstat::st_rdev[m[Kâ€™ [[01;35m[K]8;;https://gcc.gnu.org/onlinedocs/gcc/Warning-Options.html#index-Wmissing-field-initializers-Wmissing-field-initializers]8;;[m[K]
[10.574s] [01m[K/home/juanespadi/Documents/shalpy/ydlidar_ws/src/ydlidar_ros2/sdk/include/v8stdint.h:240:24:[m[K [01;35m[Kwarning: [m[Kmissing initializer for member â€˜[01m[Kstat::st_size[m[Kâ€™ [[01;35m[K]8;;https://gcc.gnu.org/onlinedocs/gcc/Warning-Options.html#index-Wmissing-field-initializers-Wmissing-field-initializers]8;;[m[K]
[10.574s] [01m[K/home/juanespadi/Documents/shalpy/ydlidar_ws/src/ydlidar_ros2/sdk/include/v8stdint.h:240:24:[m[K [01;35m[Kwarning: [m[Kmissing initializer for member â€˜[01m[Kstat::st_blksize[m[Kâ€™ [[01;35m[K]8;;https://gcc.gnu.org/onlinedocs/gcc/Warning-Options.html#index-Wmissing-field-initializers-Wmissing-field-initializers]8;;[m[K]
[10.574s] [01m[K/home/juanespadi/Documents/shalpy/ydlidar_ws/src/ydlidar_ros2/sdk/include/v8stdint.h:240:24:[m[K [01;35m[Kwarning: [m[Kmissing initializer for member â€˜[01m[Kstat::st_blocks[m[Kâ€™ [[01;35m[K]8;;https://gcc.gnu.org/onlinedocs/gcc/Warning-Options.html#index-Wmissing-field-initializers-Wmissing-field-initializers]8;;[m[K]
[10.574s] [01m[K/home/juanespadi/Documents/shalpy/ydlidar_ws/src/ydlidar_ros2/sdk/include/v8stdint.h:240:24:[m[K [01;35m[Kwarning: [m[Kmissing initializer for member â€˜[01m[Kstat::st_atim[m[Kâ€™ [[01;35m[K]8;;https://gcc.gnu.org/onlinedocs/gcc/Warning-Options.html#index-Wmissing-field-initializers-Wmissing-field-initializers]8;;[m[K]
[10.574s] [01m[K/home/juanespadi/Documents/shalpy/ydlidar_ws/src/ydlidar_ros2/sdk/include/v8stdint.h:240:24:[m[K [01;35m[Kwarning: [m[Kmissing initializer for member â€˜[01m[Kstat::st_mtim[m[Kâ€™ [[01;35m[K]8;;https://gcc.gnu.org/onlinedocs/gcc/Warning-Options.html#index-Wmissing-field-initializers-Wmissing-field-initializers]8;;[m[K]
[10.574s] [01m[K/home/juanespadi/Documents/shalpy/ydlidar_ws/src/ydlidar_ros2/sdk/include/v8stdint.h:240:24:[m[K [01;35m[Kwarning: [m[Kmissing initializer for member â€˜[01m[Kstat::st_ctim[m[Kâ€™ [[01;35m[K]8;;https://gcc.gnu.org/onlinedocs/gcc/Warning-Options.html#index-Wmissing-field-initializers-Wmissing-field-initializers]8;;[m[K]
[10.574s] [01m[K/home/juanespadi/Documents/shalpy/ydlidar_ws/src/ydlidar_ros2/sdk/include/v8stdint.h:240:24:[m[K [01;35m[Kwarning: [m[Kmissing initializer for member â€˜[01m[Kstat::__glibc_reserved[m[Kâ€™ [[01;35m[K]8;;https://gcc.gnu.org/onlinedocs/gcc/Warning-Options.html#index-Wmissing-field-initializers-Wmissing-field-initializers]8;;[m[K]
[10.629s] In file included from [01m[K/home/juanespadi/Documents/shalpy/ydlidar_ws/src/ydlidar_ros2/sdk/src/common.h:47[m[K,
[10.629s]                  from [01m[K/home/juanespadi/Documents/shalpy/ydlidar_ws/src/ydlidar_ros2/sdk/src/serial.cpp:12[m[K:
[10.629s] [01m[K/home/juanespadi/Documents/shalpy/ydlidar_ws/src/ydlidar_ros2/sdk/include/thread.h:[m[K In static member function â€˜[01m[Kstatic Thread Thread::createThread(thread_proc_t, void*)[m[Kâ€™:
[10.629s] [01m[K/home/juanespadi/Documents/shalpy/ydlidar_ws/src/ydlidar_ros2/sdk/include/thread.h:43:57:[m[K [01;35m[Kwarning: [m[Kcast between incompatible function types from â€˜[01m[Kthread_proc_t[m[Kâ€™ {aka â€˜[01m[Klong unsigned int (*)(void*)[m[Kâ€™} to â€˜[01m[Kvoid* (*)(void*)[m[Kâ€™ [[01;35m[K]8;;https://gcc.gnu.org/onlinedocs/gcc/Warning-Options.html#index-Wcast-function-type-Wcast-function-type]8;;[m[K]
[10.630s]    43 |     pthread_create((pthread_t *)&thread_._handle, NULL, [01;35m[K(void *(*)(void *))proc[m[K,
[10.630s]       |                                                         [01;35m[K^~~~~~~~~~~~~~~~~~~~~~~[m[K
[10.679s] In file included from [01m[K/home/juanespadi/Documents/shalpy/ydlidar_ws/src/ydlidar_ros2/sdk/include/serial.h:9[m[K,
[10.679s]                  from [01m[K/home/juanespadi/Documents/shalpy/ydlidar_ws/src/ydlidar_ros2/sdk/include/ydlidar_driver.h:54[m[K,
[10.679s]                  from [01m[K/home/juanespadi/Documents/shalpy/ydlidar_ws/src/ydlidar_ros2/sdk/src/ydlidar_driver.cpp:34[m[K:
[10.679s] [01m[K/home/juanespadi/Documents/shalpy/ydlidar_ws/src/ydlidar_ros2/sdk/include/v8stdint.h:[m[K In function â€˜[01m[Kbool ydlidar::fileExists(std::string)[m[Kâ€™:
[10.680s] [01m[K/home/juanespadi/Documents/shalpy/ydlidar_ws/src/ydlidar_ros2/sdk/include/v8stdint.h:240:24:[m[K [01;35m[Kwarning: [m[Kmissing initializer for member â€˜[01m[Kstat::st_ino[m[Kâ€™ [[01;35m[K]8;;https://gcc.gnu.org/onlinedocs/gcc/Warning-Options.html#index-Wmissing-field-initializers-Wmissing-field-initializers]8;;[m[K]
[10.680s]   240 |   struct stat info = {0[01;35m[K}[m[K;
[10.680s]       |                        [01;35m[K^[m[K
[10.680s] [01m[K/home/juanespadi/Documents/shalpy/ydlidar_ws/src/ydlidar_ros2/sdk/include/v8stdint.h:240:24:[m[K [01;35m[Kwarning: [m[Kmissing initializer for member â€˜[01m[Kstat::st_nlink[m[Kâ€™ [[01;35m[K]8;;https://gcc.gnu.org/onlinedocs/gcc/Warning-Options.html#index-Wmissing-field-initializers-Wmissing-field-initializers]8;;[m[K]
[10.680s] [01m[K/home/juanespadi/Documents/shalpy/ydlidar_ws/src/ydlidar_ros2/sdk/include/v8stdint.h:240:24:[m[K [01;35m[Kwarning: [m[Kmissing initializer for member â€˜[01m[Kstat::st_mode[m[Kâ€™ [[01;35m[K]8;;https://gcc.gnu.org/onlinedocs/gcc/Warning-Options.html#index-Wmissing-field-initializers-Wmissing-field-initializers]8;;[m[K]
[10.680s] [01m[K/home/juanespadi/Documents/shalpy/ydlidar_ws/src/ydlidar_ros2/sdk/include/v8stdint.h:240:24:[m[K [01;35m[Kwarning: [m[Kmissing initializer for member â€˜[01m[Kstat::st_uid[m[Kâ€™ [[01;35m[K]8;;https://gcc.gnu.org/onlinedocs/gcc/Warning-Options.html#index-Wmissing-field-initializers-Wmissing-field-initializers]8;;[m[K]
[10.680s] [01m[K/home/juanespadi/Documents/shalpy/ydlidar_ws/src/ydlidar_ros2/sdk/include/v8stdint.h:240:24:[m[K [01;35m[Kwarning: [m[Kmissing initializer for member â€˜[01m[Kstat::st_gid[m[Kâ€™ [[01;35m[K]8;;https://gcc.gnu.org/onlinedocs/gcc/Warning-Options.html#index-Wmissing-field-initializers-Wmissing-field-initializers]8;;[m[K]
[10.680s] [01m[K/home/juanespadi/Documents/shalpy/ydlidar_ws/src/ydlidar_ros2/sdk/include/v8stdint.h:240:24:[m[K [01;35m[Kwarning: [m[Kmissing initializer for member â€˜[01m[Kstat::__pad0[m[Kâ€™ [[01;35m[K]8;;https://gcc.gnu.org/onlinedocs/gcc/Warning-Options.html#index-Wmissing-field-initializers-Wmissing-field-initializers]8;;[m[K]
[10.681s] [01m[K/home/juanespadi/Documents/shalpy/ydlidar_ws/src/ydlidar_ros2/sdk/include/v8stdint.h:240:24:[m[K [01;35m[Kwarning: [m[Kmissing initializer for member â€˜[01m[Kstat::st_rdev[m[Kâ€™ [[01;35m[K]8;;https://gcc.gnu.org/onlinedocs/gcc/Warning-Options.html#index-Wmissing-field-initializers-Wmissing-field-initializers]8;;[m[K]
[10.681s] [01m[K/home/juanespadi/Documents/shalpy/ydlidar_ws/src/ydlidar_ros2/sdk/include/v8stdint.h:240:24:[m[K [01;35m[Kwarning: [m[Kmissing initializer for member â€˜[01m[Kstat::st_size[m[Kâ€™ [[01;35m[K]8;;https://gcc.gnu.org/onlinedocs/gcc/Warning-Options.html#index-Wmissing-field-initializers-Wmissing-field-initializers]8;;[m[K]
[10.681s] [01m[K/home/juanespadi/Documents/shalpy/ydlidar_ws/src/ydlidar_ros2/sdk/include/v8stdint.h:240:24:[m[K [01;35m[Kwarning: [m[Kmissing initializer for member â€˜[01m[Kstat::st_blksize[m[Kâ€™ [[01;35m[K]8;;https://gcc.gnu.org/onlinedocs/gcc/Warning-Options.html#index-Wmissing-field-initializers-Wmissing-field-initializers]8;;[m[K]
[10.681s] [01m[K/home/juanespadi/Documents/shalpy/ydlidar_ws/src/ydlidar_ros2/sdk/include/v8stdint.h:240:24:[m[K [01;35m[Kwarning: [m[Kmissing initializer for member â€˜[01m[Kstat::st_blocks[m[Kâ€™ [[01;35m[K]8;;https://gcc.gnu.org/onlinedocs/gcc/Warning-Options.html#index-Wmissing-field-initializers-Wmissing-field-initializers]8;;[m[K]
[10.681s] [01m[K/home/juanespadi/Documents/shalpy/ydlidar_ws/src/ydlidar_ros2/sdk/include/v8stdint.h:240:24:[m[K [01;35m[Kwarning: [m[Kmissing initializer for member â€˜[01m[Kstat::st_atim[m[Kâ€™ [[01;35m[K]8;;https://gcc.gnu.org/onlinedocs/gcc/Warning-Options.html#index-Wmissing-field-initializers-Wmissing-field-initializers]8;;[m[K]
[10.681s] [01m[K/home/juanespadi/Documents/shalpy/ydlidar_ws/src/ydlidar_ros2/sdk/include/v8stdint.h:240:24:[m[K [01;35m[Kwarning: [m[Kmissing initializer for member â€˜[01m[Kstat::st_mtim[m[Kâ€™ [[01;35m[K]8;;https://gcc.gnu.org/onlinedocs/gcc/Warning-Options.html#index-Wmissing-field-initializers-Wmissing-field-initializers]8;;[m[K]
[10.681s] [01m[K/home/juanespadi/Documents/shalpy/ydlidar_ws/src/ydlidar_ros2/sdk/include/v8stdint.h:240:24:[m[K [01;35m[Kwarning: [m[Kmissing initializer for member â€˜[01m[Kstat::st_ctim[m[Kâ€™ [[01;35m[K]8;;https://gcc.gnu.org/onlinedocs/gcc/Warning-Options.html#index-Wmissing-field-initializers-Wmissing-field-initializers]8;;[m[K]
[10.681s] [01m[K/home/juanespadi/Documents/shalpy/ydlidar_ws/src/ydlidar_ros2/sdk/include/v8stdint.h:240:24:[m[K [01;35m[Kwarning: [m[Kmissing initializer for member â€˜[01m[Kstat::__glibc_reserved[m[Kâ€™ [[01;35m[K]8;;https://gcc.gnu.org/onlinedocs/gcc/Warning-Options.html#index-Wmissing-field-initializers-Wmissing-field-initializers]8;;[m[K]
[10.683s] In file included from [01m[K/home/juanespadi/Documents/shalpy/ydlidar_ws/src/ydlidar_ros2/sdk/include/ydlidar_driver.h:56[m[K,
[10.683s]                  from [01m[K/home/juanespadi/Documents/shalpy/ydlidar_ws/src/ydlidar_ros2/sdk/src/ydlidar_driver.cpp:34[m[K:
[10.683s] [01m[K/home/juanespadi/Documents/shalpy/ydlidar_ws/src/ydlidar_ros2/sdk/include/thread.h:[m[K In static member function â€˜[01m[Kstatic Thread Thread::createThread(thread_proc_t, void*)[m[Kâ€™:
[10.683s] [01m[K/home/juanespadi/Documents/shalpy/ydlidar_ws/src/ydlidar_ros2/sdk/include/thread.h:43:57:[m[K [01;35m[Kwarning: [m[Kcast between incompatible function types from â€˜[01m[Kthread_proc_t[m[Kâ€™ {aka â€˜[01m[Klong unsigned int (*)(void*)[m[Kâ€™} to â€˜[01m[Kvoid* (*)(void*)[m[Kâ€™ [[01;35m[K]8;;https://gcc.gnu.org/onlinedocs/gcc/Warning-Options.html#index-Wcast-function-type-Wcast-function-type]8;;[m[K]
[10.683s]    43 |     pthread_create((pthread_t *)&thread_._handle, NULL, [01;35m[K(void *(*)(void *))proc[m[K,
[10.683s]       |                                                         [01;35m[K^~~~~~~~~~~~~~~~~~~~~~~[m[K
[10.688s] In file included from [01m[K/home/juanespadi/Documents/shalpy/ydlidar_ws/src/ydlidar_ros2/sdk/include/ydlidar_driver.h:58[m[K,
[10.689s]                  from [01m[K/home/juanespadi/Documents/shalpy/ydlidar_ws/src/ydlidar_ros2/sdk/src/ydlidar_driver.cpp:34[m[K:
[10.689s] [01m[K/home/juanespadi/Documents/shalpy/ydlidar_ws/src/ydlidar_ros2/sdk/include/help_info.h:[m[K In function â€˜[01m[Kbool ydlidar::isSupportMotorCtrl(int)[m[Kâ€™:
[10.689s] [01m[K/home/juanespadi/Documents/shalpy/ydlidar_ws/src/ydlidar_ros2/sdk/include/help_info.h:414:8:[m[K [01;35m[Kwarning: [m[Kvariable â€˜[01m[Kret[m[Kâ€™ set but not used [[01;35m[K]8;;https://gcc.gnu.org/onlinedocs/gcc/Warning-Options.html#index-Wunused-but-set-variable-Wunused-but-set-variable]8;;[m[K]
[10.689s]   414 |   bool [01;35m[Kret[m[K = false;
[10.689s]       |        [01;35m[K^~~[m[K
[10.721s] [01m[K/home/juanespadi/Documents/shalpy/ydlidar_ws/src/ydlidar_ros2/sdk/src/CYdLidar.cpp:[m[K In member function â€˜[01m[Kbool CYdLidar::doProcessSimple(LaserScan&, bool&)[m[Kâ€™:
[10.721s] [01m[K/home/juanespadi/Documents/shalpy/ydlidar_ws/src/ydlidar_ros2/sdk/src/CYdLidar.cpp:216:23:[m[K [01;35m[Kwarning: [m[Kcomparison of integer expressions of different signedness: â€˜[01m[Kint[m[Kâ€™ and â€˜[01m[Ksize_t[m[Kâ€™ {aka â€˜[01m[Klong unsigned int[m[Kâ€™} [[01;35m[K]8;;https://gcc.gnu.org/onlinedocs/gcc/Warning-Options.html#index-Wsign-compare-Wsign-compare]8;;[m[K]
[10.721s]   216 |     for (int i = 0; [01;35m[Ki < count[m[K; i++) {
[10.721s]       |                     [01;35m[K~~^~~~~~~[m[K
[10.747s] [01m[K/home/juanespadi/Documents/shalpy/ydlidar_ws/src/ydlidar_ros2/sdk/src/ydlidar_driver.cpp:[m[K In member function â€˜[01m[Kresult_t ydlidar::YDlidarDriver::waitPackage(node_info*, uint32_t)[m[Kâ€™:
[10.747s] [01m[K/home/juanespadi/Documents/shalpy/ydlidar_ws/src/ydlidar_ros2/sdk/src/ydlidar_driver.cpp:992:95:[m[K [01;35m[Kwarning: [m[Ksuggest parentheses around arithmetic in operand of â€˜[01m[K|[m[Kâ€™ [[01;35m[K]8;;https://gcc.gnu.org/onlinedocs/gcc/Warning-Options.html#index-Wparentheses-Wparentheses]8;;[m[K]
[10.747s]   992 |                                          [01;35m[Kpackages.packageSampleDistance[package_Sample_Index] &[m[K
[10.747s]       |                                          [01;35m[K~~~~~~~~~~~~~~~~~~~~~~~~~~~~~~~~~~~~~~~~~~~~~~~~~~~~~^[m[K
[10.747s]   993 | [01;35m[K                                         0x0003[m[K)) << LIDAR_RESP_MEASUREMENT_QUALITY_SHIFT;
[10.747s]       |                                          [01;35m[K~~~~~~[m[K                                                
[10.866s] In file included from [01m[K/home/juanespadi/Documents/shalpy/ydlidar_ws/src/ydlidar_ros2/sdk/include/ydlidar_driver.h:58[m[K,
[10.866s]                  from [01m[K/home/juanespadi/Documents/shalpy/ydlidar_ws/src/ydlidar_ros2/sdk/include/CYdLidar.h:36[m[K,
[10.866s]                  from [01m[K/home/juanespadi/Documents/shalpy/ydlidar_ws/src/ydlidar_ros2/sdk/src/CYdLidar.cpp:34[m[K:
[10.866s] [01m[K/home/juanespadi/Documents/shalpy/ydlidar_ws/src/ydlidar_ros2/sdk/include/help_info.h:[m[K In function â€˜[01m[Kbool ydlidar::ParseLaserDebugInfo(const LaserDebug&, device_info&)[m[Kâ€™:
[10.866s] [01m[K/home/juanespadi/Documents/shalpy/ydlidar_ws/src/ydlidar_ros2/sdk/include/help_info.h:679:67:[m[K [01;35m[Kwarning: [m[Kâ€˜[01m[Ksprintf[m[Kâ€™ writing a terminating nul past the end of the destination [[01;35m[K]8;;https://gcc.gnu.org/onlinedocs/gcc/Warning-Options.html#index-Wformat-overflow=-Wformat-overflow=]8;;[m[K]
[10.866s]   679 |       sprintf(reinterpret_cast<char *>(value.serialnum + 8), "%08d[01;35m[K"[m[K, Number);
[10.866s]       |                                                                   [01;35m[K^[m[K
[10.867s] [01m[K/home/juanespadi/Documents/shalpy/ydlidar_ws/src/ydlidar_ros2/sdk/include/help_info.h:679:14:[m[K [01;36m[Knote: [m[Kâ€˜[01m[Ksprintf[m[Kâ€™ output 9 bytes into a destination of size 8
[10.867s]   679 |       [01;36m[Ksprintf(reinterpret_cast<char *>(value.serialnum + 8), "%08d", Number)[m[K;
[10.867s]       |       [01;36m[K~~~~~~~^~~~~~~~~~~~~~~~~~~~~~~~~~~~~~~~~~~~~~~~~~~~~~~~~~~~~~~~~~~~~~~[m[K
[13.127s] In file included from [01m[K/home/juanespadi/Documents/shalpy/ydlidar_ws/src/ydlidar_ros2/sdk/include/serial.h:9[m[K,
[13.128s]                  from [01m[K/home/juanespadi/Documents/shalpy/ydlidar_ws/src/ydlidar_ros2/sdk/include/ydlidar_driver.h:54[m[K,
[13.128s]                  from [01m[K/home/juanespadi/Documents/shalpy/ydlidar_ws/src/ydlidar_ros2/sdk/include/CYdLidar.h:36[m[K,
[13.128s]                  from [01m[K/home/juanespadi/Documents/shalpy/ydlidar_ws/src/ydlidar_ros2/src/ydlidar_node.cpp:26[m[K:
[13.128s] [01m[K/home/juanespadi/Documents/shalpy/ydlidar_ws/src/ydlidar_ros2/sdk/include/v8stdint.h:[m[K In function â€˜[01m[Kbool ydlidar::fileExists(std::string)[m[Kâ€™:
[13.128s] [01m[K/home/juanespadi/Documents/shalpy/ydlidar_ws/src/ydlidar_ros2/sdk/include/v8stdint.h:240:24:[m[K [01;35m[Kwarning: [m[Kmissing initializer for member â€˜[01m[Kstat::st_ino[m[Kâ€™ [[01;35m[K]8;;https://gcc.gnu.org/onlinedocs/gcc/Warning-Options.html#index-Wmissing-field-initializers-Wmissing-field-initializers]8;;[m[K]
[13.128s]   240 |   struct stat info = {0[01;35m[K}[m[K;
[13.128s]       |                        [01;35m[K^[m[K
[13.129s] [01m[K/home/juanespadi/Documents/shalpy/ydlidar_ws/src/ydlidar_ros2/sdk/include/v8stdint.h:240:24:[m[K [01;35m[Kwarning: [m[Kmissing initializer for member â€˜[01m[Kstat::st_nlink[m[Kâ€™ [[01;35m[K]8;;https://gcc.gnu.org/onlinedocs/gcc/Warning-Options.html#index-Wmissing-field-initializers-Wmissing-field-initializers]8;;[m[K]
[13.129s] [01m[K/home/juanespadi/Documents/shalpy/ydlidar_ws/src/ydlidar_ros2/sdk/include/v8stdint.h:240:24:[m[K [01;35m[Kwarning: [m[Kmissing initializer for member â€˜[01m[Kstat::st_mode[m[Kâ€™ [[01;35m[K]8;;https://gcc.gnu.org/onlinedocs/gcc/Warning-Options.html#index-Wmissing-field-initializers-Wmissing-field-initializers]8;;[m[K]
[13.129s] [01m[K/home/juanespadi/Documents/shalpy/ydlidar_ws/src/ydlidar_ros2/sdk/include/v8stdint.h:240:24:[m[K [01;35m[Kwarning: [m[Kmissing initializer for member â€˜[01m[Kstat::st_uid[m[Kâ€™ [[01;35m[K]8;;https://gcc.gnu.org/onlinedocs/gcc/Warning-Options.html#index-Wmissing-field-initializers-Wmissing-field-initializers]8;;[m[K]
[13.129s] [01m[K/home/juanespadi/Documents/shalpy/ydlidar_ws/src/ydlidar_ros2/sdk/include/v8stdint.h:240:24:[m[K [01;35m[Kwarning: [m[Kmissing initializer for member â€˜[01m[Kstat::st_gid[m[Kâ€™ [[01;35m[K]8;;https://gcc.gnu.org/onlinedocs/gcc/Warning-Options.html#index-Wmissing-field-initializers-Wmissing-field-initializers]8;;[m[K]
[13.129s] [01m[K/home/juanespadi/Documents/shalpy/ydlidar_ws/src/ydlidar_ros2/sdk/include/v8stdint.h:240:24:[m[K [01;35m[Kwarning: [m[Kmissing initializer for member â€˜[01m[Kstat::__pad0[m[Kâ€™ [[01;35m[K]8;;https://gcc.gnu.org/onlinedocs/gcc/Warning-Options.html#index-Wmissing-field-initializers-Wmissing-field-initializers]8;;[m[K]
[13.129s] [01m[K/home/juanespadi/Documents/shalpy/ydlidar_ws/src/ydlidar_ros2/sdk/include/v8stdint.h:240:24:[m[K [01;35m[Kwarning: [m[Kmissing initializer for member â€˜[01m[Kstat::st_rdev[m[Kâ€™ [[01;35m[K]8;;https://gcc.gnu.org/onlinedocs/gcc/Warning-Options.html#index-Wmissing-field-initializers-Wmissing-field-initializers]8;;[m[K]
[13.129s] [01m[K/home/juanespadi/Documents/shalpy/ydlidar_ws/src/ydlidar_ros2/sdk/include/v8stdint.h:240:24:[m[K [01;35m[Kwarning: [m[Kmissing initializer for member â€˜[01m[Kstat::st_size[m[Kâ€™ [[01;35m[K]8;;https://gcc.gnu.org/onlinedocs/gcc/Warning-Options.html#index-Wmissing-field-initializers-Wmissing-field-initializers]8;;[m[K]
[13.129s] [01m[K/home/juanespadi/Documents/shalpy/ydlidar_ws/src/ydlidar_ros2/sdk/include/v8stdint.h:240:24:[m[K [01;35m[Kwarning: [m[Kmissing initializer for member â€˜[01m[Kstat::st_blksize[m[Kâ€™ [[01;35m[K]8;;https://gcc.gnu.org/onlinedocs/gcc/Warning-Options.html#index-Wmissing-field-initializers-Wmissing-field-initializers]8;;[m[K]
[13.130s] [01m[K/home/juanespadi/Documents/shalpy/ydlidar_ws/src/ydlidar_ros2/sdk/include/v8stdint.h:240:24:[m[K [01;35m[Kwarning: [m[Kmissing initializer for member â€˜[01m[Kstat::st_blocks[m[Kâ€™ [[01;35m[K]8;;https://gcc.gnu.org/onlinedocs/gcc/Warning-Options.html#index-Wmissing-field-initializers-Wmissing-field-initializers]8;;[m[K]
[13.130s] [01m[K/home/juanespadi/Documents/shalpy/ydlidar_ws/src/ydlidar_ros2/sdk/include/v8stdint.h:240:24:[m[K [01;35m[Kwarning: [m[Kmissing initializer for member â€˜[01m[Kstat::st_atim[m[Kâ€™ [[01;35m[K]8;;https://gcc.gnu.org/onlinedocs/gcc/Warning-Options.html#index-Wmissing-field-initializers-Wmissing-field-initializers]8;;[m[K]
[13.130s] [01m[K/home/juanespadi/Documents/shalpy/ydlidar_ws/src/ydlidar_ros2/sdk/include/v8stdint.h:240:24:[m[K [01;35m[Kwarning: [m[Kmissing initializer for member â€˜[01m[Kstat::st_mtim[m[Kâ€™ [[01;35m[K]8;;https://gcc.gnu.org/onlinedocs/gcc/Warning-Options.html#index-Wmissing-field-initializers-Wmissing-field-initializers]8;;[m[K]
[13.130s] [01m[K/home/juanespadi/Documents/shalpy/ydlidar_ws/src/ydlidar_ros2/sdk/include/v8stdint.h:240:24:[m[K [01;35m[Kwarning: [m[Kmissing initializer for member â€˜[01m[Kstat::st_ctim[m[Kâ€™ [[01;35m[K]8;;https://gcc.gnu.org/onlinedocs/gcc/Warning-Options.html#index-Wmissing-field-initializers-Wmissing-field-initializers]8;;[m[K]
[13.130s] [01m[K/home/juanespadi/Documents/shalpy/ydlidar_ws/src/ydlidar_ros2/sdk/include/v8stdint.h:240:24:[m[K [01;35m[Kwarning: [m[Kmissing initializer for member â€˜[01m[Kstat::__glibc_reserved[m[Kâ€™ [[01;35m[K]8;;https://gcc.gnu.org/onlinedocs/gcc/Warning-Options.html#index-Wmissing-field-initializers-Wmissing-field-initializers]8;;[m[K]
[13.132s] In file included from [01m[K/home/juanespadi/Documents/shalpy/ydlidar_ws/src/ydlidar_ros2/sdk/include/ydlidar_driver.h:56[m[K,
[13.132s]                  from [01m[K/home/juanespadi/Documents/shalpy/ydlidar_ws/src/ydlidar_ros2/sdk/include/CYdLidar.h:36[m[K,
[13.132s]                  from [01m[K/home/juanespadi/Documents/shalpy/ydlidar_ws/src/ydlidar_ros2/src/ydlidar_node.cpp:26[m[K:
[13.132s] [01m[K/home/juanespadi/Documents/shalpy/ydlidar_ws/src/ydlidar_ros2/sdk/include/thread.h:[m[K In static member function â€˜[01m[Kstatic Thread Thread::createThread(thread_proc_t, void*)[m[Kâ€™:
[13.132s] [01m[K/home/juanespadi/Documents/shalpy/ydlidar_ws/src/ydlidar_ros2/sdk/include/thread.h:43:57:[m[K [01;35m[Kwarning: [m[Kcast between incompatible function types from â€˜[01m[Kthread_proc_t[m[Kâ€™ {aka â€˜[01m[Klong unsigned int (*)(void*)[m[Kâ€™} to â€˜[01m[Kvoid* (*)(void*)[m[Kâ€™ [[01;35m[K]8;;https://gcc.gnu.org/onlinedocs/gcc/Warning-Options.html#index-Wcast-function-type-Wcast-function-type]8;;[m[K]
[13.133s]    43 |     pthread_create((pthread_t *)&thread_._handle, NULL, [01;35m[K(void *(*)(void *))proc[m[K,
[13.133s]       |                                                         [01;35m[K^~~~~~~~~~~~~~~~~~~~~~~[m[K
[13.137s] In file included from [01m[K/home/juanespadi/Documents/shalpy/ydlidar_ws/src/ydlidar_ros2/sdk/include/ydlidar_driver.h:58[m[K,
[13.137s]                  from [01m[K/home/juanespadi/Documents/shalpy/ydlidar_ws/src/ydlidar_ros2/sdk/include/CYdLidar.h:36[m[K,
[13.137s]                  from [01m[K/home/juanespadi/Documents/shalpy/ydlidar_ws/src/ydlidar_ros2/src/ydlidar_node.cpp:26[m[K:
[13.137s] [01m[K/home/juanespadi/Documents/shalpy/ydlidar_ws/src/ydlidar_ros2/sdk/include/help_info.h:[m[K In function â€˜[01m[Kbool ydlidar::isSupportMotorCtrl(int)[m[Kâ€™:
[13.138s] [01m[K/home/juanespadi/Documents/shalpy/ydlidar_ws/src/ydlidar_ros2/sdk/include/help_info.h:414:8:[m[K [01;35m[Kwarning: [m[Kvariable â€˜[01m[Kret[m[Kâ€™ set but not used [[01;35m[K]8;;https://gcc.gnu.org/onlinedocs/gcc/Warning-Options.html#index-Wunused-but-set-variable-Wunused-but-set-variable]8;;[m[K]
[13.138s]   414 |   bool [01;35m[Kret[m[K = false;
[13.138s]       |        [01;35m[K^~~[m[K
[13.147s] [01m[K/home/juanespadi/Documents/shalpy/ydlidar_ws/src/ydlidar_ros2/src/ydlidar_node.cpp:[m[K In function â€˜[01m[Kint main(int, char**)[m[Kâ€™:
[13.147s] [01m[K/home/juanespadi/Documents/shalpy/ydlidar_ws/src/ydlidar_ros2/src/ydlidar_node.cpp:78:26:[m[K [01;31m[Kerror: [m[Kno matching function for call to â€˜[01m[Krclcpp::Node::declare_parameter(const char [5])[m[Kâ€™
[13.148s]    78 |   [01;31m[Knode->declare_parameter("port")[m[K;
[13.148s]       |   [01;31m[K~~~~~~~~~~~~~~~~~~~~~~~^~~~~~~~[m[K
[13.148s] In file included from [01m[K/opt/ros/humble/include/rclcpp/rclcpp/executors/single_threaded_executor.hpp:28[m[K,
[13.149s]                  from [01m[K/opt/ros/humble/include/rclcpp/rclcpp/executors.hpp:22[m[K,
[13.149s]                  from [01m[K/opt/ros/humble/include/rclcpp/rclcpp/rclcpp.hpp:155[m[K,
[13.149s]                  from [01m[K/home/juanespadi/Documents/shalpy/ydlidar_ws/src/ydlidar_ros2/src/ydlidar_node.cpp:23[m[K:
[13.149s] [01m[K/opt/ros/humble/include/rclcpp/rclcpp/node.hpp:421:3:[m[K [01;36m[Knote: [m[Kcandidate: â€˜[01m[Ktemplate<class ParameterT> auto rclcpp::Node::declare_parameter(const string&, const ParameterT&, const ParameterDescriptor&, bool)[m[Kâ€™
[13.150s]   421 |   [01;36m[Kdeclare_parameter[m[K(
[13.150s]       |   [01;36m[K^~~~~~~~~~~~~~~~~[m[K
[13.150s] [01m[K/opt/ros/humble/include/rclcpp/rclcpp/node.hpp:421:3:[m[K [01;36m[Knote: [m[K  template argument deduction/substitution failed:
[13.151s] [01m[K/home/juanespadi/Documents/shalpy/ydlidar_ws/src/ydlidar_ros2/src/ydlidar_node.cpp:78:26:[m[K [01;36m[Knote: [m[K  candidate expects 4 arguments, 1 provided
[13.151s]    78 |   [01;36m[Knode->declare_parameter("port")[m[K;
[13.151s]       |   [01;36m[K~~~~~~~~~~~~~~~~~~~~~~~^~~~~~~~[m[K
[13.151s] In file included from [01m[K/opt/ros/humble/include/rclcpp/rclcpp/executors/single_threaded_executor.hpp:28[m[K,
[13.152s]                  from [01m[K/opt/ros/humble/include/rclcpp/rclcpp/executors.hpp:22[m[K,
[13.152s]                  from [01m[K/opt/ros/humble/include/rclcpp/rclcpp/rclcpp.hpp:155[m[K,
[13.152s]                  from [01m[K/home/juanespadi/Documents/shalpy/ydlidar_ws/src/ydlidar_ros2/src/ydlidar_node.cpp:23[m[K:
[13.152s] [01m[K/opt/ros/humble/include/rclcpp/rclcpp/node.hpp:434:3:[m[K [01;36m[Knote: [m[Kcandidate: â€˜[01m[Ktemplate<class ParameterT> auto rclcpp::Node::declare_parameter(const string&, const ParameterDescriptor&, bool)[m[Kâ€™
[13.152s]   434 |   [01;36m[Kdeclare_parameter[m[K(
[13.152s]       |   [01;36m[K^~~~~~~~~~~~~~~~~[m[K
[13.153s] [01m[K/opt/ros/humble/include/rclcpp/rclcpp/node.hpp:434:3:[m[K [01;36m[Knote: [m[K  template argument deduction/substitution failed:
[13.153s] [01m[K/home/juanespadi/Documents/shalpy/ydlidar_ws/src/ydlidar_ros2/src/ydlidar_node.cpp:78:26:[m[K [01;36m[Knote: [m[K  couldnâ€™t deduce template parameter â€˜[01m[KParameterT[m[Kâ€™
[13.153s]    78 |   [01;36m[Knode->declare_parameter("port")[m[K;
[13.153s]       |   [01;36m[K~~~~~~~~~~~~~~~~~~~~~~~^~~~~~~~[m[K
[13.153s] In file included from [01m[K/opt/ros/humble/include/rclcpp/rclcpp/executors/single_threaded_executor.hpp:28[m[K,
[13.153s]                  from [01m[K/opt/ros/humble/include/rclcpp/rclcpp/executors.hpp:22[m[K,
[13.153s]                  from [01m[K/opt/ros/humble/include/rclcpp/rclcpp/rclcpp.hpp:155[m[K,
[13.153s]                  from [01m[K/home/juanespadi/Documents/shalpy/ydlidar_ws/src/ydlidar_ros2/src/ydlidar_node.cpp:23[m[K:
[13.154s] [01m[K/opt/ros/humble/include/rclcpp/rclcpp/node.hpp:366:3:[m[K [01;36m[Knote: [m[Kcandidate: â€˜[01m[Kconst rclcpp::ParameterValue& rclcpp::Node::declare_parameter(const string&, const rclcpp::ParameterValue&, const ParameterDescriptor&, bool)[m[Kâ€™
[13.154s]   366 |   [01;36m[Kdeclare_parameter[m[K(
[13.154s]       |   [01;36m[K^~~~~~~~~~~~~~~~~[m[K
[13.154s] [01m[K/opt/ros/humble/include/rclcpp/rclcpp/node.hpp:366:3:[m[K [01;36m[Knote: [m[K  candidate expects 4 arguments, 1 provided
[13.154s] [01m[K/opt/ros/humble/include/rclcpp/rclcpp/node.hpp:391:3:[m[K [01;36m[Knote: [m[Kcandidate: â€˜[01m[Kconst rclcpp::ParameterValue& rclcpp::Node::declare_parameter(const string&, rclcpp::ParameterType, const ParameterDescriptor&, bool)[m[Kâ€™
[13.154s]   391 |   [01;36m[Kdeclare_parameter[m[K(
[13.154s]       |   [01;36m[K^~~~~~~~~~~~~~~~~[m[K
[13.154s] [01m[K/opt/ros/humble/include/rclcpp/rclcpp/node.hpp:391:3:[m[K [01;36m[Knote: [m[K  candidate expects 4 arguments, 1 provided
[13.155s] [01m[K/home/juanespadi/Documents/shalpy/ydlidar_ws/src/ydlidar_ros2/src/ydlidar_node.cpp:81:26:[m[K [01;31m[Kerror: [m[Kno matching function for call to â€˜[01m[Krclcpp::Node::declare_parameter(const char [9])[m[Kâ€™
[13.155s]    81 |   [01;31m[Knode->declare_parameter("frame_id")[m[K;
[13.155s]       |   [01;31m[K~~~~~~~~~~~~~~~~~~~~~~~^~~~~~~~~~~~[m[K
[13.155s] In file included from [01m[K/opt/ros/humble/include/rclcpp/rclcpp/executors/single_threaded_executor.hpp:28[m[K,
[13.155s]                  from [01m[K/opt/ros/humble/include/rclcpp/rclcpp/executors.hpp:22[m[K,
[13.155s]                  from [01m[K/opt/ros/humble/include/rclcpp/rclcpp/rclcpp.hpp:155[m[K,
[13.155s]                  from [01m[K/home/juanespadi/Documents/shalpy/ydlidar_ws/src/ydlidar_ros2/src/ydlidar_node.cpp:23[m[K:
[13.155s] [01m[K/opt/ros/humble/include/rclcpp/rclcpp/node.hpp:421:3:[m[K [01;36m[Knote: [m[Kcandidate: â€˜[01m[Ktemplate<class ParameterT> auto rclcpp::Node::declare_parameter(const string&, const ParameterT&, const ParameterDescriptor&, bool)[m[Kâ€™
[13.155s]   421 |   [01;36m[Kdeclare_parameter[m[K(
[13.156s]       |   [01;36m[K^~~~~~~~~~~~~~~~~[m[K
[13.156s] [01m[K/opt/ros/humble/include/rclcpp/rclcpp/node.hpp:421:3:[m[K [01;36m[Knote: [m[K  template argument deduction/substitution failed:
[13.156s] [01m[K/home/juanespadi/Documents/shalpy/ydlidar_ws/src/ydlidar_ros2/src/ydlidar_node.cpp:81:26:[m[K [01;36m[Knote: [m[K  candidate expects 4 arguments, 1 provided
[13.156s]    81 |   [01;36m[Knode->declare_parameter("frame_id")[m[K;
[13.156s]       |   [01;36m[K~~~~~~~~~~~~~~~~~~~~~~~^~~~~~~~~~~~[m[K
[13.156s] In file included from [01m[K/opt/ros/humble/include/rclcpp/rclcpp/executors/single_threaded_executor.hpp:28[m[K,
[13.156s]                  from [01m[K/opt/ros/humble/include/rclcpp/rclcpp/executors.hpp:22[m[K,
[13.156s]                  from [01m[K/opt/ros/humble/include/rclcpp/rclcpp/rclcpp.hpp:155[m[K,
[13.157s]                  from [01m[K/home/juanespadi/Documents/shalpy/ydlidar_ws/src/ydlidar_ros2/src/ydlidar_node.cpp:23[m[K:
[13.157s] [01m[K/opt/ros/humble/include/rclcpp/rclcpp/node.hpp:434:3:[m[K [01;36m[Knote: [m[Kcandidate: â€˜[01m[Ktemplate<class ParameterT> auto rclcpp::Node::declare_parameter(const string&, const ParameterDescriptor&, bool)[m[Kâ€™
[13.157s]   434 |   [01;36m[Kdeclare_parameter[m[K(
[13.157s]       |   [01;36m[K^~~~~~~~~~~~~~~~~[m[K
[13.157s] [01m[K/opt/ros/humble/include/rclcpp/rclcpp/node.hpp:434:3:[m[K [01;36m[Knote: [m[K  template argument deduction/substitution failed:
[13.157s] [01m[K/home/juanespadi/Documents/shalpy/ydlidar_ws/src/ydlidar_ros2/src/ydlidar_node.cpp:81:26:[m[K [01;36m[Knote: [m[K  couldnâ€™t deduce template parameter â€˜[01m[KParameterT[m[Kâ€™
[13.157s]    81 |   [01;36m[Knode->declare_parameter("frame_id")[m[K;
[13.157s]       |   [01;36m[K~~~~~~~~~~~~~~~~~~~~~~~^~~~~~~~~~~~[m[K
[13.158s] In file included from [01m[K/opt/ros/humble/include/rclcpp/rclcpp/executors/single_threaded_executor.hpp:28[m[K,
[13.158s]                  from [01m[K/opt/ros/humble/include/rclcpp/rclcpp/executors.hpp:22[m[K,
[13.158s]                  from [01m[K/opt/ros/humble/include/rclcpp/rclcpp/rclcpp.hpp:155[m[K,
[13.158s]                  from [01m[K/home/juanespadi/Documents/shalpy/ydlidar_ws/src/ydlidar_ros2/src/ydlidar_node.cpp:23[m[K:
[13.158s] [01m[K/opt/ros/humble/include/rclcpp/rclcpp/node.hpp:366:3:[m[K [01;36m[Knote: [m[Kcandidate: â€˜[01m[Kconst rclcpp::ParameterValue& rclcpp::Node::declare_parameter(const string&, const rclcpp::ParameterValue&, const ParameterDescriptor&, bool)[m[Kâ€™
[13.158s]   366 |   [01;36m[Kdeclare_parameter[m[K(
[13.158s]       |   [01;36m[K^~~~~~~~~~~~~~~~~[m[K
[13.158s] [01m[K/opt/ros/humble/include/rclcpp/rclcpp/node.hpp:366:3:[m[K [01;36m[Knote: [m[K  candidate expects 4 arguments, 1 provided
[13.158s] [01m[K/opt/ros/humble/include/rclcpp/rclcpp/node.hpp:391:3:[m[K [01;36m[Knote: [m[Kcandidate: â€˜[01m[Kconst rclcpp::ParameterValue& rclcpp::Node::declare_parameter(const string&, rclcpp::ParameterType, const ParameterDescriptor&, bool)[m[Kâ€™
[13.159s]   391 |   [01;36m[Kdeclare_parameter[m[K(
[13.159s]       |   [01;36m[K^~~~~~~~~~~~~~~~~[m[K
[13.159s] [01m[K/opt/ros/humble/include/rclcpp/rclcpp/node.hpp:391:3:[m[K [01;36m[Knote: [m[K  candidate expects 4 arguments, 1 provided
[13.159s] [01m[K/home/juanespadi/Documents/shalpy/ydlidar_ws/src/ydlidar_ros2/src/ydlidar_node.cpp:84:26:[m[K [01;31m[Kerror: [m[Kno matching function for call to â€˜[01m[Krclcpp::Node::declare_parameter(const char [13])[m[Kâ€™
[13.159s]    84 |   [01;31m[Knode->declare_parameter("ignore_array")[m[K;
[13.159s]       |   [01;31m[K~~~~~~~~~~~~~~~~~~~~~~~^~~~~~~~~~~~~~~~[m[K
[13.159s] In file included from [01m[K/opt/ros/humble/include/rclcpp/rclcpp/executors/single_threaded_executor.hpp:28[m[K,
[13.159s]                  from [01m[K/opt/ros/humble/include/rclcpp/rclcpp/executors.hpp:22[m[K,
[13.160s]                  from [01m[K/opt/ros/humble/include/rclcpp/rclcpp/rclcpp.hpp:155[m[K,
[13.160s]                  from [01m[K/home/juanespadi/Documents/shalpy/ydlidar_ws/src/ydlidar_ros2/src/ydlidar_node.cpp:23[m[K:
[13.160s] [01m[K/opt/ros/humble/include/rclcpp/rclcpp/node.hpp:421:3:[m[K [01;36m[Knote: [m[Kcandidate: â€˜[01m[Ktemplate<class ParameterT> auto rclcpp::Node::declare_parameter(const string&, const ParameterT&, const ParameterDescriptor&, bool)[m[Kâ€™
[13.160s]   421 |   [01;36m[Kdeclare_parameter[m[K(
[13.160s]       |   [01;36m[K^~~~~~~~~~~~~~~~~[m[K
[13.160s] [01m[K/opt/ros/humble/include/rclcpp/rclcpp/node.hpp:421:3:[m[K [01;36m[Knote: [m[K  template argument deduction/substitution failed:
[13.160s] [01m[K/home/juanespadi/Documents/shalpy/ydlidar_ws/src/ydlidar_ros2/src/ydlidar_node.cpp:84:26:[m[K [01;36m[Knote: [m[K  candidate expects 4 arguments, 1 provided
[13.160s]    84 |   [01;36m[Knode->declare_parameter("ignore_array")[m[K;
[13.161s]       |   [01;36m[K~~~~~~~~~~~~~~~~~~~~~~~^~~~~~~~~~~~~~~~[m[K
[13.161s] In file included from [01m[K/opt/ros/humble/include/rclcpp/rclcpp/executors/single_threaded_executor.hpp:28[m[K,
[13.161s]                  from [01m[K/opt/ros/humble/include/rclcpp/rclcpp/executors.hpp:22[m[K,
[13.161s]                  from [01m[K/opt/ros/humble/include/rclcpp/rclcpp/rclcpp.hpp:155[m[K,
[13.161s]                  from [01m[K/home/juanespadi/Documents/shalpy/ydlidar_ws/src/ydlidar_ros2/src/ydlidar_node.cpp:23[m[K:
[13.161s] [01m[K/opt/ros/humble/include/rclcpp/rclcpp/node.hpp:434:3:[m[K [01;36m[Knote: [m[Kcandidate: â€˜[01m[Ktemplate<class ParameterT> auto rclcpp::Node::declare_parameter(const string&, const ParameterDescriptor&, bool)[m[Kâ€™
[13.161s]   434 |   [01;36m[Kdeclare_parameter[m[K(
[13.161s]       |   [01;36m[K^~~~~~~~~~~~~~~~~[m[K
[13.162s] [01m[K/opt/ros/humble/include/rclcpp/rclcpp/node.hpp:434:3:[m[K [01;36m[Knote: [m[K  template argument deduction/substitution failed:
[13.162s] [01m[K/home/juanespadi/Documents/shalpy/ydlidar_ws/src/ydlidar_ros2/src/ydlidar_node.cpp:84:26:[m[K [01;36m[Knote: [m[K  couldnâ€™t deduce template parameter â€˜[01m[KParameterT[m[Kâ€™
[13.162s]    84 |   [01;36m[Knode->declare_parameter("ignore_array")[m[K;
[13.162s]       |   [01;36m[K~~~~~~~~~~~~~~~~~~~~~~~^~~~~~~~~~~~~~~~[m[K
[13.162s] In file included from [01m[K/opt/ros/humble/include/rclcpp/rclcpp/executors/single_threaded_executor.hpp:28[m[K,
[13.162s]                  from [01m[K/opt/ros/humble/include/rclcpp/rclcpp/executors.hpp:22[m[K,
[13.162s]                  from [01m[K/opt/ros/humble/include/rclcpp/rclcpp/rclcpp.hpp:155[m[K,
[13.162s]                  from [01m[K/home/juanespadi/Documents/shalpy/ydlidar_ws/src/ydlidar_ros2/src/ydlidar_node.cpp:23[m[K:
[13.162s] [01m[K/opt/ros/humble/include/rclcpp/rclcpp/node.hpp:366:3:[m[K [01;36m[Knote: [m[Kcandidate: â€˜[01m[Kconst rclcpp::ParameterValue& rclcpp::Node::declare_parameter(const string&, const rclcpp::ParameterValue&, const ParameterDescriptor&, bool)[m[Kâ€™
[13.163s]   366 |   [01;36m[Kdeclare_parameter[m[K(
[13.163s]       |   [01;36m[K^~~~~~~~~~~~~~~~~[m[K
[13.163s] [01m[K/opt/ros/humble/include/rclcpp/rclcpp/node.hpp:366:3:[m[K [01;36m[Knote: [m[K  candidate expects 4 arguments, 1 provided
[13.163s] [01m[K/opt/ros/humble/include/rclcpp/rclcpp/node.hpp:391:3:[m[K [01;36m[Knote: [m[Kcandidate: â€˜[01m[Kconst rclcpp::ParameterValue& rclcpp::Node::declare_parameter(const string&, rclcpp::ParameterType, const ParameterDescriptor&, bool)[m[Kâ€™
[13.163s]   391 |   [01;36m[Kdeclare_parameter[m[K(
[13.163s]       |   [01;36m[K^~~~~~~~~~~~~~~~~[m[K
[13.163s] [01m[K/opt/ros/humble/include/rclcpp/rclcpp/node.hpp:391:3:[m[K [01;36m[Knote: [m[K  candidate expects 4 arguments, 1 provided
[13.163s] [01m[K/home/juanespadi/Documents/shalpy/ydlidar_ws/src/ydlidar_ros2/src/ydlidar_node.cpp:87:26:[m[K [01;31m[Kerror: [m[Kno matching function for call to â€˜[01m[Krclcpp::Node::declare_parameter(const char [9])[m[Kâ€™
[13.164s]    87 |   [01;31m[Knode->declare_parameter("baudrate")[m[K;
[13.164s]       |   [01;31m[K~~~~~~~~~~~~~~~~~~~~~~~^~~~~~~~~~~~[m[K
[13.164s] In file included from [01m[K/opt/ros/humble/include/rclcpp/rclcpp/executors/single_threaded_executor.hpp:28[m[K,
[13.164s]                  from [01m[K/opt/ros/humble/include/rclcpp/rclcpp/executors.hpp:22[m[K,
[13.164s]                  from [01m[K/opt/ros/humble/include/rclcpp/rclcpp/rclcpp.hpp:155[m[K,
[13.164s]                  from [01m[K/home/juanespadi/Documents/shalpy/ydlidar_ws/src/ydlidar_ros2/src/ydlidar_node.cpp:23[m[K:
[13.164s] [01m[K/opt/ros/humble/include/rclcpp/rclcpp/node.hpp:421:3:[m[K [01;36m[Knote: [m[Kcandidate: â€˜[01m[Ktemplate<class ParameterT> auto rclcpp::Node::declare_parameter(const string&, const ParameterT&, const ParameterDescriptor&, bool)[m[Kâ€™
[13.164s]   421 |   [01;36m[Kdeclare_parameter[m[K(
[13.165s]       |   [01;36m[K^~~~~~~~~~~~~~~~~[m[K
[13.165s] [01m[K/opt/ros/humble/include/rclcpp/rclcpp/node.hpp:421:3:[m[K [01;36m[Knote: [m[K  template argument deduction/substitution failed:
[13.165s] [01m[K/home/juanespadi/Documents/shalpy/ydlidar_ws/src/ydlidar_ros2/src/ydlidar_node.cpp:87:26:[m[K [01;36m[Knote: [m[K  candidate expects 4 arguments, 1 provided
[13.165s]    87 |   [01;36m[Knode->declare_parameter("baudrate")[m[K;
[13.165s]       |   [01;36m[K~~~~~~~~~~~~~~~~~~~~~~~^~~~~~~~~~~~[m[K
[13.165s] In file included from [01m[K/opt/ros/humble/include/rclcpp/rclcpp/executors/single_threaded_executor.hpp:28[m[K,
[13.165s]                  from [01m[K/opt/ros/humble/include/rclcpp/rclcpp/executors.hpp:22[m[K,
[13.165s]                  from [01m[K/opt/ros/humble/include/rclcpp/rclcpp/rclcpp.hpp:155[m[K,
[13.166s]                  from [01m[K/home/juanespadi/Documents/shalpy/ydlidar_ws/src/ydlidar_ros2/src/ydlidar_node.cpp:23[m[K:
[13.166s] [01m[K/opt/ros/humble/include/rclcpp/rclcpp/node.hpp:434:3:[m[K [01;36m[Knote: [m[Kcandidate: â€˜[01m[Ktemplate<class ParameterT> auto rclcpp::Node::declare_parameter(const string&, const ParameterDescriptor&, bool)[m[Kâ€™
[13.166s]   434 |   [01;36m[Kdeclare_parameter[m[K(
[13.166s]       |   [01;36m[K^~~~~~~~~~~~~~~~~[m[K
[13.166s] [01m[K/opt/ros/humble/include/rclcpp/rclcpp/node.hpp:434:3:[m[K [01;36m[Knote: [m[K  template argument deduction/substitution failed:
[13.166s] [01m[K/home/juanespadi/Documents/shalpy/ydlidar_ws/src/ydlidar_ros2/src/ydlidar_node.cpp:87:26:[m[K [01;36m[Knote: [m[K  couldnâ€™t deduce template parameter â€˜[01m[KParameterT[m[Kâ€™
[13.166s]    87 |   [01;36m[Knode->declare_parameter("baudrate")[m[K;
[13.166s]       |   [01;36m[K~~~~~~~~~~~~~~~~~~~~~~~^~~~~~~~~~~~[m[K
[13.167s] In file included from [01m[K/opt/ros/humble/include/rclcpp/rclcpp/executors/single_threaded_executor.hpp:28[m[K,
[13.167s]                  from [01m[K/opt/ros/humble/include/rclcpp/rclcpp/executors.hpp:22[m[K,
[13.167s]                  from [01m[K/opt/ros/humble/include/rclcpp/rclcpp/rclcpp.hpp:155[m[K,
[13.167s]                  from [01m[K/home/juanespadi/Documents/shalpy/ydlidar_ws/src/ydlidar_ros2/src/ydlidar_node.cpp:23[m[K:
[13.167s] [01m[K/opt/ros/humble/include/rclcpp/rclcpp/node.hpp:366:3:[m[K [01;36m[Knote: [m[Kcandidate: â€˜[01m[Kconst rclcpp::ParameterValue& rclcpp::Node::declare_parameter(const string&, const rclcpp::ParameterValue&, const ParameterDescriptor&, bool)[m[Kâ€™
[13.167s]   366 |   [01;36m[Kdeclare_parameter[m[K(
[13.167s]       |   [01;36m[K^~~~~~~~~~~~~~~~~[m[K
[13.167s] [01m[K/opt/ros/humble/include/rclcpp/rclcpp/node.hpp:366:3:[m[K [01;36m[Knote: [m[K  candidate expects 4 arguments, 1 provided
[13.167s] [01m[K/opt/ros/humble/include/rclcpp/rclcpp/node.hpp:391:3:[m[K [01;36m[Knote: [m[Kcandidate: â€˜[01m[Kconst rclcpp::ParameterValue& rclcpp::Node::declare_parameter(const string&, rclcpp::ParameterType, const ParameterDescriptor&, bool)[m[Kâ€™
[13.168s]   391 |   [01;36m[Kdeclare_parameter[m[K(
[13.168s]       |   [01;36m[K^~~~~~~~~~~~~~~~~[m[K
[13.168s] [01m[K/opt/ros/humble/include/rclcpp/rclcpp/node.hpp:391:3:[m[K [01;36m[Knote: [m[K  candidate expects 4 arguments, 1 provided
[13.168s] [01m[K/home/juanespadi/Documents/shalpy/ydlidar_ws/src/ydlidar_ros2/src/ydlidar_node.cpp:90:26:[m[K [01;31m[Kerror: [m[Kno matching function for call to â€˜[01m[Krclcpp::Node::declare_parameter(const char [10])[m[Kâ€™
[13.168s]    90 |   [01;31m[Knode->declare_parameter("samp_rate")[m[K;
[13.168s]       |   [01;31m[K~~~~~~~~~~~~~~~~~~~~~~~^~~~~~~~~~~~~[m[K
[13.168s] In file included from [01m[K/opt/ros/humble/include/rclcpp/rclcpp/executors/single_threaded_executor.hpp:28[m[K,
[13.169s]                  from [01m[K/opt/ros/humble/include/rclcpp/rclcpp/executors.hpp:22[m[K,
[13.169s]                  from [01m[K/opt/ros/humble/include/rclcpp/rclcpp/rclcpp.hpp:155[m[K,
[13.169s]                  from [01m[K/home/juanespadi/Documents/shalpy/ydlidar_ws/src/ydlidar_ros2/src/ydlidar_node.cpp:23[m[K:
[13.169s] [01m[K/opt/ros/humble/include/rclcpp/rclcpp/node.hpp:421:3:[m[K [01;36m[Knote: [m[Kcandidate: â€˜[01m[Ktemplate<class ParameterT> auto rclcpp::Node::declare_parameter(const string&, const ParameterT&, const ParameterDescriptor&, bool)[m[Kâ€™
[13.169s]   421 |   [01;36m[Kdeclare_parameter[m[K(
[13.169s]       |   [01;36m[K^~~~~~~~~~~~~~~~~[m[K
[13.169s] [01m[K/opt/ros/humble/include/rclcpp/rclcpp/node.hpp:421:3:[m[K [01;36m[Knote: [m[K  template argument deduction/substitution failed:
[13.169s] [01m[K/home/juanespadi/Documents/shalpy/ydlidar_ws/src/ydlidar_ros2/src/ydlidar_node.cpp:90:26:[m[K [01;36m[Knote: [m[K  candidate expects 4 arguments, 1 provided
[13.170s]    90 |   [01;36m[Knode->declare_parameter("samp_rate")[m[K;
[13.170s]       |   [01;36m[K~~~~~~~~~~~~~~~~~~~~~~~^~~~~~~~~~~~~[m[K
[13.170s] In file included from [01m[K/opt/ros/humble/include/rclcpp/rclcpp/executors/single_threaded_executor.hpp:28[m[K,
[13.170s]                  from [01m[K/opt/ros/humble/include/rclcpp/rclcpp/executors.hpp:22[m[K,
[13.170s]                  from [01m[K/opt/ros/humble/include/rclcpp/rclcpp/rclcpp.hpp:155[m[K,
[13.170s]                  from [01m[K/home/juanespadi/Documents/shalpy/ydlidar_ws/src/ydlidar_ros2/src/ydlidar_node.cpp:23[m[K:
[13.170s] [01m[K/opt/ros/humble/include/rclcpp/rclcpp/node.hpp:434:3:[m[K [01;36m[Knote: [m[Kcandidate: â€˜[01m[Ktemplate<class ParameterT> auto rclcpp::Node::declare_parameter(const string&, const ParameterDescriptor&, bool)[m[Kâ€™
[13.170s]   434 |   [01;36m[Kdeclare_parameter[m[K(
[13.171s]       |   [01;36m[K^~~~~~~~~~~~~~~~~[m[K
[13.171s] [01m[K/opt/ros/humble/include/rclcpp/rclcpp/node.hpp:434:3:[m[K [01;36m[Knote: [m[K  template argument deduction/substitution failed:
[13.171s] [01m[K/home/juanespadi/Documents/shalpy/ydlidar_ws/src/ydlidar_ros2/src/ydlidar_node.cpp:90:26:[m[K [01;36m[Knote: [m[K  couldnâ€™t deduce template parameter â€˜[01m[KParameterT[m[Kâ€™
[13.171s]    90 |   [01;36m[Knode->declare_parameter("samp_rate")[m[K;
[13.171s]       |   [01;36m[K~~~~~~~~~~~~~~~~~~~~~~~^~~~~~~~~~~~~[m[K
[13.171s] In file included from [01m[K/opt/ros/humble/include/rclcpp/rclcpp/executors/single_threaded_executor.hpp:28[m[K,
[13.171s]                  from [01m[K/opt/ros/humble/include/rclcpp/rclcpp/executors.hpp:22[m[K,
[13.171s]                  from [01m[K/opt/ros/humble/include/rclcpp/rclcpp/rclcpp.hpp:155[m[K,
[13.172s]                  from [01m[K/home/juanespadi/Documents/shalpy/ydlidar_ws/src/ydlidar_ros2/src/ydlidar_node.cpp:23[m[K:
[13.172s] [01m[K/opt/ros/humble/include/rclcpp/rclcpp/node.hpp:366:3:[m[K [01;36m[Knote: [m[Kcandidate: â€˜[01m[Kconst rclcpp::ParameterValue& rclcpp::Node::declare_parameter(const string&, const rclcpp::ParameterValue&, const ParameterDescriptor&, bool)[m[Kâ€™
[13.172s]   366 |   [01;36m[Kdeclare_parameter[m[K(
[13.172s]       |   [01;36m[K^~~~~~~~~~~~~~~~~[m[K
[13.172s] [01m[K/opt/ros/humble/include/rclcpp/rclcpp/node.hpp:366:3:[m[K [01;36m[Knote: [m[K  candidate expects 4 arguments, 1 provided
[13.172s] [01m[K/opt/ros/humble/include/rclcpp/rclcpp/node.hpp:391:3:[m[K [01;36m[Knote: [m[Kcandidate: â€˜[01m[Kconst rclcpp::ParameterValue& rclcpp::Node::declare_parameter(const string&, rclcpp::ParameterType, const ParameterDescriptor&, bool)[m[Kâ€™
[13.172s]   391 |   [01;36m[Kdeclare_parameter[m[K(
[13.172s]       |   [01;36m[K^~~~~~~~~~~~~~~~~[m[K
[13.173s] [01m[K/opt/ros/humble/include/rclcpp/rclcpp/node.hpp:391:3:[m[K [01;36m[Knote: [m[K  candidate expects 4 arguments, 1 provided
[13.173s] [01m[K/home/juanespadi/Documents/shalpy/ydlidar_ws/src/ydlidar_ros2/src/ydlidar_node.cpp:93:26:[m[K [01;31m[Kerror: [m[Kno matching function for call to â€˜[01m[Krclcpp::Node::declare_parameter(const char [17])[m[Kâ€™
[13.173s]    93 |   [01;31m[Knode->declare_parameter("resolution_fixed")[m[K;
[13.173s]       |   [01;31m[K~~~~~~~~~~~~~~~~~~~~~~~^~~~~~~~~~~~~~~~~~~~[m[K
[13.173s] In file included from [01m[K/opt/ros/humble/include/rclcpp/rclcpp/executors/single_threaded_executor.hpp:28[m[K,
[13.173s]                  from [01m[K/opt/ros/humble/include/rclcpp/rclcpp/executors.hpp:22[m[K,
[13.173s]                  from [01m[K/opt/ros/humble/include/rclcpp/rclcpp/rclcpp.hpp:155[m[K,
[13.173s]                  from [01m[K/home/juanespadi/Documents/shalpy/ydlidar_ws/src/ydlidar_ros2/src/ydlidar_node.cpp:23[m[K:
[13.174s] [01m[K/opt/ros/humble/include/rclcpp/rclcpp/node.hpp:421:3:[m[K [01;36m[Knote: [m[Kcandidate: â€˜[01m[Ktemplate<class ParameterT> auto rclcpp::Node::declare_parameter(const string&, const ParameterT&, const ParameterDescriptor&, bool)[m[Kâ€™
[13.174s]   421 |   [01;36m[Kdeclare_parameter[m[K(
[13.174s]       |   [01;36m[K^~~~~~~~~~~~~~~~~[m[K
[13.174s] [01m[K/opt/ros/humble/include/rclcpp/rclcpp/node.hpp:421:3:[m[K [01;36m[Knote: [m[K  template argument deduction/substitution failed:
[13.174s] [01m[K/home/juanespadi/Documents/shalpy/ydlidar_ws/src/ydlidar_ros2/src/ydlidar_node.cpp:93:26:[m[K [01;36m[Knote: [m[K  candidate expects 4 arguments, 1 provided
[13.174s]    93 |   [01;36m[Knode->declare_parameter("resolution_fixed")[m[K;
[13.174s]       |   [01;36m[K~~~~~~~~~~~~~~~~~~~~~~~^~~~~~~~~~~~~~~~~~~~[m[K
[13.174s] In file included from [01m[K/opt/ros/humble/include/rclcpp/rclcpp/executors/single_threaded_executor.hpp:28[m[K,
[13.174s]                  from [01m[K/opt/ros/humble/include/rclcpp/rclcpp/executors.hpp:22[m[K,
[13.175s]                  from [01m[K/opt/ros/humble/include/rclcpp/rclcpp/rclcpp.hpp:155[m[K,
[13.175s]                  from [01m[K/home/juanespadi/Documents/shalpy/ydlidar_ws/src/ydlidar_ros2/src/ydlidar_node.cpp:23[m[K:
[13.175s] [01m[K/opt/ros/humble/include/rclcpp/rclcpp/node.hpp:434:3:[m[K [01;36m[Knote: [m[Kcandidate: â€˜[01m[Ktemplate<class ParameterT> auto rclcpp::Node::declare_parameter(const string&, const ParameterDescriptor&, bool)[m[Kâ€™
[13.175s]   434 |   [01;36m[Kdeclare_parameter[m[K(
[13.175s]       |   [01;36m[K^~~~~~~~~~~~~~~~~[m[K
[13.175s] [01m[K/opt/ros/humble/include/rclcpp/rclcpp/node.hpp:434:3:[m[K [01;36m[Knote: [m[K  template argument deduction/substitution failed:
[13.175s] [01m[K/home/juanespadi/Documents/shalpy/ydlidar_ws/src/ydlidar_ros2/src/ydlidar_node.cpp:93:26:[m[K [01;36m[Knote: [m[K  couldnâ€™t deduce template parameter â€˜[01m[KParameterT[m[Kâ€™
[13.175s]    93 |   [01;36m[Knode->declare_parameter("resolution_fixed")[m[K;
[13.176s]       |   [01;36m[K~~~~~~~~~~~~~~~~~~~~~~~^~~~~~~~~~~~~~~~~~~~[m[K
[13.176s] In file included from [01m[K/opt/ros/humble/include/rclcpp/rclcpp/executors/single_threaded_executor.hpp:28[m[K,
[13.176s]                  from [01m[K/opt/ros/humble/include/rclcpp/rclcpp/executors.hpp:22[m[K,
[13.176s]                  from [01m[K/opt/ros/humble/include/rclcpp/rclcpp/rclcpp.hpp:155[m[K,
[13.176s]                  from [01m[K/home/juanespadi/Documents/shalpy/ydlidar_ws/src/ydlidar_ros2/src/ydlidar_node.cpp:23[m[K:
[13.176s] [01m[K/opt/ros/humble/include/rclcpp/rclcpp/node.hpp:366:3:[m[K [01;36m[Knote: [m[Kcandidate: â€˜[01m[Kconst rclcpp::ParameterValue& rclcpp::Node::declare_parameter(const string&, const rclcpp::ParameterValue&, const ParameterDescriptor&, bool)[m[Kâ€™
[13.176s]   366 |   [01;36m[Kdeclare_parameter[m[K(
[13.176s]       |   [01;36m[K^~~~~~~~~~~~~~~~~[m[K
[13.177s] [01m[K/opt/ros/humble/include/rclcpp/rclcpp/node.hpp:366:3:[m[K [01;36m[Knote: [m[K  candidate expects 4 arguments, 1 provided
[13.177s] [01m[K/opt/ros/humble/include/rclcpp/rclcpp/node.hpp:391:3:[m[K [01;36m[Knote: [m[Kcandidate: â€˜[01m[Kconst rclcpp::ParameterValue& rclcpp::Node::declare_parameter(const string&, rclcpp::ParameterType, const ParameterDescriptor&, bool)[m[Kâ€™
[13.177s]   391 |   [01;36m[Kdeclare_parameter[m[K(
[13.177s]       |   [01;36m[K^~~~~~~~~~~~~~~~~[m[K
[13.177s] [01m[K/opt/ros/humble/include/rclcpp/rclcpp/node.hpp:391:3:[m[K [01;36m[Knote: [m[K  candidate expects 4 arguments, 1 provided
[13.177s] [01m[K/home/juanespadi/Documents/shalpy/ydlidar_ws/src/ydlidar_ros2/src/ydlidar_node.cpp:96:26:[m[K [01;31m[Kerror: [m[Kno matching function for call to â€˜[01m[Krclcpp::Node::declare_parameter(const char [14])[m[Kâ€™
[13.177s]    96 |   [01;31m[Knode->declare_parameter("singleChannel")[m[K;
[13.177s]       |   [01;31m[K~~~~~~~~~~~~~~~~~~~~~~~^~~~~~~~~~~~~~~~~[m[K
[13.178s] In file included from [01m[K/opt/ros/humble/include/rclcpp/rclcpp/executors/single_threaded_executor.hpp:28[m[K,
[13.178s]                  from [01m[K/opt/ros/humble/include/rclcpp/rclcpp/executors.hpp:22[m[K,
[13.178s]                  from [01m[K/opt/ros/humble/include/rclcpp/rclcpp/rclcpp.hpp:155[m[K,
[13.178s]                  from [01m[K/home/juanespadi/Documents/shalpy/ydlidar_ws/src/ydlidar_ros2/src/ydlidar_node.cpp:23[m[K:
[13.178s] [01m[K/opt/ros/humble/include/rclcpp/rclcpp/node.hpp:421:3:[m[K [01;36m[Knote: [m[Kcandidate: â€˜[01m[Ktemplate<class ParameterT> auto rclcpp::Node::declare_parameter(const string&, const ParameterT&, const ParameterDescriptor&, bool)[m[Kâ€™
[13.178s]   421 |   [01;36m[Kdeclare_parameter[m[K(
[13.178s]       |   [01;36m[K^~~~~~~~~~~~~~~~~[m[K
[13.178s] [01m[K/opt/ros/humble/include/rclcpp/rclcpp/node.hpp:421:3:[m[K [01;36m[Knote: [m[K  template argument deduction/substitution failed:
[13.179s] [01m[K/home/juanespadi/Documents/shalpy/ydlidar_ws/src/ydlidar_ros2/src/ydlidar_node.cpp:96:26:[m[K [01;36m[Knote: [m[K  candidate expects 4 arguments, 1 provided
[13.179s]    96 |   [01;36m[Knode->declare_parameter("singleChannel")[m[K;
[13.179s]       |   [01;36m[K~~~~~~~~~~~~~~~~~~~~~~~^~~~~~~~~~~~~~~~~[m[K
[13.179s] In file included from [01m[K/opt/ros/humble/include/rclcpp/rclcpp/executors/single_threaded_executor.hpp:28[m[K,
[13.179s]                  from [01m[K/opt/ros/humble/include/rclcpp/rclcpp/executors.hpp:22[m[K,
[13.179s]                  from [01m[K/opt/ros/humble/include/rclcpp/rclcpp/rclcpp.hpp:155[m[K,
[13.179s]                  from [01m[K/home/juanespadi/Documents/shalpy/ydlidar_ws/src/ydlidar_ros2/src/ydlidar_node.cpp:23[m[K:
[13.179s] [01m[K/opt/ros/humble/include/rclcpp/rclcpp/node.hpp:434:3:[m[K [01;36m[Knote: [m[Kcandidate: â€˜[01m[Ktemplate<class ParameterT> auto rclcpp::Node::declare_parameter(const string&, const ParameterDescriptor&, bool)[m[Kâ€™
[13.179s]   434 |   [01;36m[Kdeclare_parameter[m[K(
[13.180s]       |   [01;36m[K^~~~~~~~~~~~~~~~~[m[K
[13.180s] [01m[K/opt/ros/humble/include/rclcpp/rclcpp/node.hpp:434:3:[m[K [01;36m[Knote: [m[K  template argument deduction/substitution failed:
[13.180s] [01m[K/home/juanespadi/Documents/shalpy/ydlidar_ws/src/ydlidar_ros2/src/ydlidar_node.cpp:96:26:[m[K [01;36m[Knote: [m[K  couldnâ€™t deduce template parameter â€˜[01m[KParameterT[m[Kâ€™
[13.180s]    96 |   [01;36m[Knode->declare_parameter("singleChannel")[m[K;
[13.180s]       |   [01;36m[K~~~~~~~~~~~~~~~~~~~~~~~^~~~~~~~~~~~~~~~~[m[K
[13.180s] In file included from [01m[K/opt/ros/humble/include/rclcpp/rclcpp/executors/single_threaded_executor.hpp:28[m[K,
[13.180s]                  from [01m[K/opt/ros/humble/include/rclcpp/rclcpp/executors.hpp:22[m[K,
[13.180s]                  from [01m[K/opt/ros/humble/include/rclcpp/rclcpp/rclcpp.hpp:155[m[K,
[13.181s]                  from [01m[K/home/juanespadi/Documents/shalpy/ydlidar_ws/src/ydlidar_ros2/src/ydlidar_node.cpp:23[m[K:
[13.181s] [01m[K/opt/ros/humble/include/rclcpp/rclcpp/node.hpp:366:3:[m[K [01;36m[Knote: [m[Kcandidate: â€˜[01m[Kconst rclcpp::ParameterValue& rclcpp::Node::declare_parameter(const string&, const rclcpp::ParameterValue&, const ParameterDescriptor&, bool)[m[Kâ€™
[13.181s]   366 |   [01;36m[Kdeclare_parameter[m[K(
[13.181s]       |   [01;36m[K^~~~~~~~~~~~~~~~~[m[K
[13.181s] [01m[K/opt/ros/humble/include/rclcpp/rclcpp/node.hpp:366:3:[m[K [01;36m[Knote: [m[K  candidate expects 4 arguments, 1 provided
[13.181s] [01m[K/opt/ros/humble/include/rclcpp/rclcpp/node.hpp:391:3:[m[K [01;36m[Knote: [m[Kcandidate: â€˜[01m[Kconst rclcpp::ParameterValue& rclcpp::Node::declare_parameter(const string&, rclcpp::ParameterType, const ParameterDescriptor&, bool)[m[Kâ€™
[13.181s]   391 |   [01;36m[Kdeclare_parameter[m[K(
[13.181s]       |   [01;36m[K^~~~~~~~~~~~~~~~~[m[K
[13.182s] [01m[K/opt/ros/humble/include/rclcpp/rclcpp/node.hpp:391:3:[m[K [01;36m[Knote: [m[K  candidate expects 4 arguments, 1 provided
[13.182s] [01m[K/home/juanespadi/Documents/shalpy/ydlidar_ws/src/ydlidar_ros2/src/ydlidar_node.cpp:99:26:[m[K [01;31m[Kerror: [m[Kno matching function for call to â€˜[01m[Krclcpp::Node::declare_parameter(const char [15])[m[Kâ€™
[13.182s]    99 |   [01;31m[Knode->declare_parameter("auto_reconnect")[m[K;
[13.182s]       |   [01;31m[K~~~~~~~~~~~~~~~~~~~~~~~^~~~~~~~~~~~~~~~~~[m[K
[13.182s] In file included from [01m[K/opt/ros/humble/include/rclcpp/rclcpp/executors/single_threaded_executor.hpp:28[m[K,
[13.182s]                  from [01m[K/opt/ros/humble/include/rclcpp/rclcpp/executors.hpp:22[m[K,
[13.182s]                  from [01m[K/opt/ros/humble/include/rclcpp/rclcpp/rclcpp.hpp:155[m[K,
[13.182s]                  from [01m[K/home/juanespadi/Documents/shalpy/ydlidar_ws/src/ydlidar_ros2/src/ydlidar_node.cpp:23[m[K:
[13.183s] [01m[K/opt/ros/humble/include/rclcpp/rclcpp/node.hpp:421:3:[m[K [01;36m[Knote: [m[Kcandidate: â€˜[01m[Ktemplate<class ParameterT> auto rclcpp::Node::declare_parameter(const string&, const ParameterT&, const ParameterDescriptor&, bool)[m[Kâ€™
[13.183s]   421 |   [01;36m[Kdeclare_parameter[m[K(
[13.183s]       |   [01;36m[K^~~~~~~~~~~~~~~~~[m[K
[13.183s] [01m[K/opt/ros/humble/include/rclcpp/rclcpp/node.hpp:421:3:[m[K [01;36m[Knote: [m[K  template argument deduction/substitution failed:
[13.183s] [01m[K/home/juanespadi/Documents/shalpy/ydlidar_ws/src/ydlidar_ros2/src/ydlidar_node.cpp:99:26:[m[K [01;36m[Knote: [m[K  candidate expects 4 arguments, 1 provided
[13.183s]    99 |   [01;36m[Knode->declare_parameter("auto_reconnect")[m[K;
[13.183s]       |   [01;36m[K~~~~~~~~~~~~~~~~~~~~~~~^~~~~~~~~~~~~~~~~~[m[K
[13.183s] In file included from [01m[K/opt/ros/humble/include/rclcpp/rclcpp/executors/single_threaded_executor.hpp:28[m[K,
[13.184s]                  from [01m[K/opt/ros/humble/include/rclcpp/rclcpp/executors.hpp:22[m[K,
[13.184s]                  from [01m[K/opt/ros/humble/include/rclcpp/rclcpp/rclcpp.hpp:155[m[K,
[13.184s]                  from [01m[K/home/juanespadi/Documents/shalpy/ydlidar_ws/src/ydlidar_ros2/src/ydlidar_node.cpp:23[m[K:
[13.184s] [01m[K/opt/ros/humble/include/rclcpp/rclcpp/node.hpp:434:3:[m[K [01;36m[Knote: [m[Kcandidate: â€˜[01m[Ktemplate<class ParameterT> auto rclcpp::Node::declare_parameter(const string&, const ParameterDescriptor&, bool)[m[Kâ€™
[13.184s]   434 |   [01;36m[Kdeclare_parameter[m[K(
[13.184s]       |   [01;36m[K^~~~~~~~~~~~~~~~~[m[K
[13.184s] [01m[K/opt/ros/humble/include/rclcpp/rclcpp/node.hpp:434:3:[m[K [01;36m[Knote: [m[K  template argument deduction/substitution failed:
[13.184s] [01m[K/home/juanespadi/Documents/shalpy/ydlidar_ws/src/ydlidar_ros2/src/ydlidar_node.cpp:99:26:[m[K [01;36m[Knote: [m[K  couldnâ€™t deduce template parameter â€˜[01m[KParameterT[m[Kâ€™
[13.184s]    99 |   [01;36m[Knode->declare_parameter("auto_reconnect")[m[K;
[13.185s]       |   [01;36m[K~~~~~~~~~~~~~~~~~~~~~~~^~~~~~~~~~~~~~~~~~[m[K
[13.185s] In file included from [01m[K/opt/ros/humble/include/rclcpp/rclcpp/executors/single_threaded_executor.hpp:28[m[K,
[13.185s]                  from [01m[K/opt/ros/humble/include/rclcpp/rclcpp/executors.hpp:22[m[K,
[13.185s]                  from [01m[K/opt/ros/humble/include/rclcpp/rclcpp/rclcpp.hpp:155[m[K,
[13.185s]                  from [01m[K/home/juanespadi/Documents/shalpy/ydlidar_ws/src/ydlidar_ros2/src/ydlidar_node.cpp:23[m[K:
[13.185s] [01m[K/opt/ros/humble/include/rclcpp/rclcpp/node.hpp:366:3:[m[K [01;36m[Knote: [m[Kcandidate: â€˜[01m[Kconst rclcpp::ParameterValue& rclcpp::Node::declare_parameter(const string&, const rclcpp::ParameterValue&, const ParameterDescriptor&, bool)[m[Kâ€™
[13.185s]   366 |   [01;36m[Kdeclare_parameter[m[K(
[13.185s]       |   [01;36m[K^~~~~~~~~~~~~~~~~[m[K
[13.186s] [01m[K/opt/ros/humble/include/rclcpp/rclcpp/node.hpp:366:3:[m[K [01;36m[Knote: [m[K  candidate expects 4 arguments, 1 provided
[13.186s] [01m[K/opt/ros/humble/include/rclcpp/rclcpp/node.hpp:391:3:[m[K [01;36m[Knote: [m[Kcandidate: â€˜[01m[Kconst rclcpp::ParameterValue& rclcpp::Node::declare_parameter(const string&, rclcpp::ParameterType, const ParameterDescriptor&, bool)[m[Kâ€™
[13.186s]   391 |   [01;36m[Kdeclare_parameter[m[K(
[13.186s]       |   [01;36m[K^~~~~~~~~~~~~~~~~[m[K
[13.186s] [01m[K/opt/ros/humble/include/rclcpp/rclcpp/node.hpp:391:3:[m[K [01;36m[Knote: [m[K  candidate expects 4 arguments, 1 provided
[13.186s] [01m[K/home/juanespadi/Documents/shalpy/ydlidar_ws/src/ydlidar_ros2/src/ydlidar_node.cpp:102:26:[m[K [01;31m[Kerror: [m[Kno matching function for call to â€˜[01m[Krclcpp::Node::declare_parameter(const char [10])[m[Kâ€™
[13.186s]   102 |   [01;31m[Knode->declare_parameter("reversion")[m[K;
[13.186s]       |   [01;31m[K~~~~~~~~~~~~~~~~~~~~~~~^~~~~~~~~~~~~[m[K
[13.186s] In file included from [01m[K/opt/ros/humble/include/rclcpp/rclcpp/executors/single_threaded_executor.hpp:28[m[K,
[13.187s]                  from [01m[K/opt/ros/humble/include/rclcpp/rclcpp/executors.hpp:22[m[K,
[13.187s]                  from [01m[K/opt/ros/humble/include/rclcpp/rclcpp/rclcpp.hpp:155[m[K,
[13.187s]                  from [01m[K/home/juanespadi/Documents/shalpy/ydlidar_ws/src/ydlidar_ros2/src/ydlidar_node.cpp:23[m[K:
[13.187s] [01m[K/opt/ros/humble/include/rclcpp/rclcpp/node.hpp:421:3:[m[K [01;36m[Knote: [m[Kcandidate: â€˜[01m[Ktemplate<class ParameterT> auto rclcpp::Node::declare_parameter(const string&, const ParameterT&, const ParameterDescriptor&, bool)[m[Kâ€™
[13.187s]   421 |   [01;36m[Kdeclare_parameter[m[K(
[13.187s]       |   [01;36m[K^~~~~~~~~~~~~~~~~[m[K
[13.187s] [01m[K/opt/ros/humble/include/rclcpp/rclcpp/node.hpp:421:3:[m[K [01;36m[Knote: [m[K  template argument deduction/substitution failed:
[13.187s] [01m[K/home/juanespadi/Documents/shalpy/ydlidar_ws/src/ydlidar_ros2/src/ydlidar_node.cpp:102:26:[m[K [01;36m[Knote: [m[K  candidate expects 4 arguments, 1 provided
[13.188s]   102 |   [01;36m[Knode->declare_parameter("reversion")[m[K;
[13.188s]       |   [01;36m[K~~~~~~~~~~~~~~~~~~~~~~~^~~~~~~~~~~~~[m[K
[13.188s] In file included from [01m[K/opt/ros/humble/include/rclcpp/rclcpp/executors/single_threaded_executor.hpp:28[m[K,
[13.188s]                  from [01m[K/opt/ros/humble/include/rclcpp/rclcpp/executors.hpp:22[m[K,
[13.188s]                  from [01m[K/opt/ros/humble/include/rclcpp/rclcpp/rclcpp.hpp:155[m[K,
[13.188s]                  from [01m[K/home/juanespadi/Documents/shalpy/ydlidar_ws/src/ydlidar_ros2/src/ydlidar_node.cpp:23[m[K:
[13.188s] [01m[K/opt/ros/humble/include/rclcpp/rclcpp/node.hpp:434:3:[m[K [01;36m[Knote: [m[Kcandidate: â€˜[01m[Ktemplate<class ParameterT> auto rclcpp::Node::declare_parameter(const string&, const ParameterDescriptor&, bool)[m[Kâ€™
[13.188s]   434 |   [01;36m[Kdeclare_parameter[m[K(
[13.188s]       |   [01;36m[K^~~~~~~~~~~~~~~~~[m[K
[13.189s] [01m[K/opt/ros/humble/include/rclcpp/rclcpp/node.hpp:434:3:[m[K [01;36m[Knote: [m[K  template argument deduction/substitution failed:
[13.189s] [01m[K/home/juanespadi/Documents/shalpy/ydlidar_ws/src/ydlidar_ros2/src/ydlidar_node.cpp:102:26:[m[K [01;36m[Knote: [m[K  couldnâ€™t deduce template parameter â€˜[01m[KParameterT[m[Kâ€™
[13.189s]   102 |   [01;36m[Knode->declare_parameter("reversion")[m[K;
[13.189s]       |   [01;36m[K~~~~~~~~~~~~~~~~~~~~~~~^~~~~~~~~~~~~[m[K
[13.189s] In file included from [01m[K/opt/ros/humble/include/rclcpp/rclcpp/executors/single_threaded_executor.hpp:28[m[K,
[13.189s]                  from [01m[K/opt/ros/humble/include/rclcpp/rclcpp/executors.hpp:22[m[K,
[13.189s]                  from [01m[K/opt/ros/humble/include/rclcpp/rclcpp/rclcpp.hpp:155[m[K,
[13.189s]                  from [01m[K/home/juanespadi/Documents/shalpy/ydlidar_ws/src/ydlidar_ros2/src/ydlidar_node.cpp:23[m[K:
[13.190s] [01m[K/opt/ros/humble/include/rclcpp/rclcpp/node.hpp:366:3:[m[K [01;36m[Knote: [m[Kcandidate: â€˜[01m[Kconst rclcpp::ParameterValue& rclcpp::Node::declare_parameter(const string&, const rclcpp::ParameterValue&, const ParameterDescriptor&, bool)[m[Kâ€™
[13.190s]   366 |   [01;36m[Kdeclare_parameter[m[K(
[13.190s]       |   [01;36m[K^~~~~~~~~~~~~~~~~[m[K
[13.190s] [01m[K/opt/ros/humble/include/rclcpp/rclcpp/node.hpp:366:3:[m[K [01;36m[Knote: [m[K  candidate expects 4 arguments, 1 provided
[13.190s] [01m[K/opt/ros/humble/include/rclcpp/rclcpp/node.hpp:391:3:[m[K [01;36m[Knote: [m[Kcandidate: â€˜[01m[Kconst rclcpp::ParameterValue& rclcpp::Node::declare_parameter(const string&, rclcpp::ParameterType, const ParameterDescriptor&, bool)[m[Kâ€™
[13.190s]   391 |   [01;36m[Kdeclare_parameter[m[K(
[13.190s]       |   [01;36m[K^~~~~~~~~~~~~~~~~[m[K
[13.190s] [01m[K/opt/ros/humble/include/rclcpp/rclcpp/node.hpp:391:3:[m[K [01;36m[Knote: [m[K  candidate expects 4 arguments, 1 provided
[13.190s] [01m[K/home/juanespadi/Documents/shalpy/ydlidar_ws/src/ydlidar_ros2/src/ydlidar_node.cpp:105:26:[m[K [01;31m[Kerror: [m[Kno matching function for call to â€˜[01m[Krclcpp::Node::declare_parameter(const char [11])[m[Kâ€™
[13.191s]   105 |   [01;31m[Knode->declare_parameter("isToFLidar")[m[K;
[13.191s]       |   [01;31m[K~~~~~~~~~~~~~~~~~~~~~~~^~~~~~~~~~~~~~[m[K
[13.191s] In file included from [01m[K/opt/ros/humble/include/rclcpp/rclcpp/executors/single_threaded_executor.hpp:28[m[K,
[13.191s]                  from [01m[K/opt/ros/humble/include/rclcpp/rclcpp/executors.hpp:22[m[K,
[13.191s]                  from [01m[K/opt/ros/humble/include/rclcpp/rclcpp/rclcpp.hpp:155[m[K,
[13.191s]                  from [01m[K/home/juanespadi/Documents/shalpy/ydlidar_ws/src/ydlidar_ros2/src/ydlidar_node.cpp:23[m[K:
[13.191s] [01m[K/opt/ros/humble/include/rclcpp/rclcpp/node.hpp:421:3:[m[K [01;36m[Knote: [m[Kcandidate: â€˜[01m[Ktemplate<class ParameterT> auto rclcpp::Node::declare_parameter(const string&, const ParameterT&, const ParameterDescriptor&, bool)[m[Kâ€™
[13.191s]   421 |   [01;36m[Kdeclare_parameter[m[K(
[13.191s]       |   [01;36m[K^~~~~~~~~~~~~~~~~[m[K
[13.192s] [01m[K/opt/ros/humble/include/rclcpp/rclcpp/node.hpp:421:3:[m[K [01;36m[Knote: [m[K  template argument deduction/substitution failed:
[13.192s] [01m[K/home/juanespadi/Documents/shalpy/ydlidar_ws/src/ydlidar_ros2/src/ydlidar_node.cpp:105:26:[m[K [01;36m[Knote: [m[K  candidate expects 4 arguments, 1 provided
[13.192s]   105 |   [01;36m[Knode->declare_parameter("isToFLidar")[m[K;
[13.192s]       |   [01;36m[K~~~~~~~~~~~~~~~~~~~~~~~^~~~~~~~~~~~~~[m[K
[13.192s] In file included from [01m[K/opt/ros/humble/include/rclcpp/rclcpp/executors/single_threaded_executor.hpp:28[m[K,
[13.192s]                  from [01m[K/opt/ros/humble/include/rclcpp/rclcpp/executors.hpp:22[m[K,
[13.192s]                  from [01m[K/opt/ros/humble/include/rclcpp/rclcpp/rclcpp.hpp:155[m[K,
[13.192s]                  from [01m[K/home/juanespadi/Documents/shalpy/ydlidar_ws/src/ydlidar_ros2/src/ydlidar_node.cpp:23[m[K:
[13.193s] [01m[K/opt/ros/humble/include/rclcpp/rclcpp/node.hpp:434:3:[m[K [01;36m[Knote: [m[Kcandidate: â€˜[01m[Ktemplate<class ParameterT> auto rclcpp::Node::declare_parameter(const string&, const ParameterDescriptor&, bool)[m[Kâ€™
[13.193s]   434 |   [01;36m[Kdeclare_parameter[m[K(
[13.193s]       |   [01;36m[K^~~~~~~~~~~~~~~~~[m[K
[13.193s] [01m[K/opt/ros/humble/include/rclcpp/rclcpp/node.hpp:434:3:[m[K [01;36m[Knote: [m[K  template argument deduction/substitution failed:
[13.193s] [01m[K/home/juanespadi/Documents/shalpy/ydlidar_ws/src/ydlidar_ros2/src/ydlidar_node.cpp:105:26:[m[K [01;36m[Knote: [m[K  couldnâ€™t deduce template parameter â€˜[01m[KParameterT[m[Kâ€™
[13.193s]   105 |   [01;36m[Knode->declare_parameter("isToFLidar")[m[K;
[13.193s]       |   [01;36m[K~~~~~~~~~~~~~~~~~~~~~~~^~~~~~~~~~~~~~[m[K
[13.193s] In file included from [01m[K/opt/ros/humble/include/rclcpp/rclcpp/executors/single_threaded_executor.hpp:28[m[K,
[13.193s]                  from [01m[K/opt/ros/humble/include/rclcpp/rclcpp/executors.hpp:22[m[K,
[13.194s]                  from [01m[K/opt/ros/humble/include/rclcpp/rclcpp/rclcpp.hpp:155[m[K,
[13.194s]                  from [01m[K/home/juanespadi/Documents/shalpy/ydlidar_ws/src/ydlidar_ros2/src/ydlidar_node.cpp:23[m[K:
[13.194s] [01m[K/opt/ros/humble/include/rclcpp/rclcpp/node.hpp:366:3:[m[K [01;36m[Knote: [m[Kcandidate: â€˜[01m[Kconst rclcpp::ParameterValue& rclcpp::Node::declare_parameter(const string&, const rclcpp::ParameterValue&, const ParameterDescriptor&, bool)[m[Kâ€™
[13.194s]   366 |   [01;36m[Kdeclare_parameter[m[K(
[13.194s]       |   [01;36m[K^~~~~~~~~~~~~~~~~[m[K
[13.194s] [01m[K/opt/ros/humble/include/rclcpp/rclcpp/node.hpp:366:3:[m[K [01;36m[Knote: [m[K  candidate expects 4 arguments, 1 provided
[13.194s] [01m[K/opt/ros/humble/include/rclcpp/rclcpp/node.hpp:391:3:[m[K [01;36m[Knote: [m[Kcandidate: â€˜[01m[Kconst rclcpp::ParameterValue& rclcpp::Node::declare_parameter(const string&, rclcpp::ParameterType, const ParameterDescriptor&, bool)[m[Kâ€™
[13.194s]   391 |   [01;36m[Kdeclare_parameter[m[K(
[13.195s]       |   [01;36m[K^~~~~~~~~~~~~~~~~[m[K
[13.195s] [01m[K/opt/ros/humble/include/rclcpp/rclcpp/node.hpp:391:3:[m[K [01;36m[Knote: [m[K  candidate expects 4 arguments, 1 provided
[13.195s] [01m[K/home/juanespadi/Documents/shalpy/ydlidar_ws/src/ydlidar_ros2/src/ydlidar_node.cpp:108:26:[m[K [01;31m[Kerror: [m[Kno matching function for call to â€˜[01m[Krclcpp::Node::declare_parameter(const char [10])[m[Kâ€™
[13.195s]   108 |   [01;31m[Knode->declare_parameter("angle_max")[m[K;
[13.195s]       |   [01;31m[K~~~~~~~~~~~~~~~~~~~~~~~^~~~~~~~~~~~~[m[K
[13.195s] In file included from [01m[K/opt/ros/humble/include/rclcpp/rclcpp/executors/single_threaded_executor.hpp:28[m[K,
[13.195s]                  from [01m[K/opt/ros/humble/include/rclcpp/rclcpp/executors.hpp:22[m[K,
[13.195s]                  from [01m[K/opt/ros/humble/include/rclcpp/rclcpp/rclcpp.hpp:155[m[K,
[13.195s]                  from [01m[K/home/juanespadi/Documents/shalpy/ydlidar_ws/src/ydlidar_ros2/src/ydlidar_node.cpp:23[m[K:
[13.196s] [01m[K/opt/ros/humble/include/rclcpp/rclcpp/node.hpp:421:3:[m[K [01;36m[Knote: [m[Kcandidate: â€˜[01m[Ktemplate<class ParameterT> auto rclcpp::Node::declare_parameter(const string&, const ParameterT&, const ParameterDescriptor&, bool)[m[Kâ€™
[13.196s]   421 |   [01;36m[Kdeclare_parameter[m[K(
[13.196s]       |   [01;36m[K^~~~~~~~~~~~~~~~~[m[K
[13.196s] [01m[K/opt/ros/humble/include/rclcpp/rclcpp/node.hpp:421:3:[m[K [01;36m[Knote: [m[K  template argument deduction/substitution failed:
[13.196s] [01m[K/home/juanespadi/Documents/shalpy/ydlidar_ws/src/ydlidar_ros2/src/ydlidar_node.cpp:108:26:[m[K [01;36m[Knote: [m[K  candidate expects 4 arguments, 1 provided
[13.196s]   108 |   [01;36m[Knode->declare_parameter("angle_max")[m[K;
[13.196s]       |   [01;36m[K~~~~~~~~~~~~~~~~~~~~~~~^~~~~~~~~~~~~[m[K
[13.196s] In file included from [01m[K/opt/ros/humble/include/rclcpp/rclcpp/executors/single_threaded_executor.hpp:28[m[K,
[13.196s]                  from [01m[K/opt/ros/humble/include/rclcpp/rclcpp/executors.hpp:22[m[K,
[13.196s]                  from [01m[K/opt/ros/humble/include/rclcpp/rclcpp/rclcpp.hpp:155[m[K,
[13.197s]                  from [01m[K/home/juanespadi/Documents/shalpy/ydlidar_ws/src/ydlidar_ros2/src/ydlidar_node.cpp:23[m[K:
[13.197s] [01m[K/opt/ros/humble/include/rclcpp/rclcpp/node.hpp:434:3:[m[K [01;36m[Knote: [m[Kcandidate: â€˜[01m[Ktemplate<class ParameterT> auto rclcpp::Node::declare_parameter(const string&, const ParameterDescriptor&, bool)[m[Kâ€™
[13.197s]   434 |   [01;36m[Kdeclare_parameter[m[K(
[13.197s]       |   [01;36m[K^~~~~~~~~~~~~~~~~[m[K
[13.197s] [01m[K/opt/ros/humble/include/rclcpp/rclcpp/node.hpp:434:3:[m[K [01;36m[Knote: [m[K  template argument deduction/substitution failed:
[13.197s] [01m[K/home/juanespadi/Documents/shalpy/ydlidar_ws/src/ydlidar_ros2/src/ydlidar_node.cpp:108:26:[m[K [01;36m[Knote: [m[K  couldnâ€™t deduce template parameter â€˜[01m[KParameterT[m[Kâ€™
[13.197s]   108 |   [01;36m[Knode->declare_parameter("angle_max")[m[K;
[13.197s]       |   [01;36m[K~~~~~~~~~~~~~~~~~~~~~~~^~~~~~~~~~~~~[m[K
[13.197s] In file included from [01m[K/opt/ros/humble/include/rclcpp/rclcpp/executors/single_threaded_executor.hpp:28[m[K,
[13.197s]                  from [01m[K/opt/ros/humble/include/rclcpp/rclcpp/executors.hpp:22[m[K,
[13.197s]                  from [01m[K/opt/ros/humble/include/rclcpp/rclcpp/rclcpp.hpp:155[m[K,
[13.197s]                  from [01m[K/home/juanespadi/Documents/shalpy/ydlidar_ws/src/ydlidar_ros2/src/ydlidar_node.cpp:23[m[K:
[13.197s] [01m[K/opt/ros/humble/include/rclcpp/rclcpp/node.hpp:366:3:[m[K [01;36m[Knote: [m[Kcandidate: â€˜[01m[Kconst rclcpp::ParameterValue& rclcpp::Node::declare_parameter(const string&, const rclcpp::ParameterValue&, const ParameterDescriptor&, bool)[m[Kâ€™
[13.197s]   366 |   [01;36m[Kdeclare_parameter[m[K(
[13.197s]       |   [01;36m[K^~~~~~~~~~~~~~~~~[m[K
[13.197s] [01m[K/opt/ros/humble/include/rclcpp/rclcpp/node.hpp:366:3:[m[K [01;36m[Knote: [m[K  candidate expects 4 arguments, 1 provided
[13.197s] [01m[K/opt/ros/humble/include/rclcpp/rclcpp/node.hpp:391:3:[m[K [01;36m[Knote: [m[Kcandidate: â€˜[01m[Kconst rclcpp::ParameterValue& rclcpp::Node::declare_parameter(const string&, rclcpp::ParameterType, const ParameterDescriptor&, bool)[m[Kâ€™
[13.198s]   391 |   [01;36m[Kdeclare_parameter[m[K(
[13.198s]       |   [01;36m[K^~~~~~~~~~~~~~~~~[m[K
[13.198s] [01m[K/opt/ros/humble/include/rclcpp/rclcpp/node.hpp:391:3:[m[K [01;36m[Knote: [m[K  candidate expects 4 arguments, 1 provided
[13.198s] [01m[K/home/juanespadi/Documents/shalpy/ydlidar_ws/src/ydlidar_ros2/src/ydlidar_node.cpp:111:26:[m[K [01;31m[Kerror: [m[Kno matching function for call to â€˜[01m[Krclcpp::Node::declare_parameter(const char [10])[m[Kâ€™
[13.198s]   111 |   [01;31m[Knode->declare_parameter("angle_min")[m[K;
[13.198s]       |   [01;31m[K~~~~~~~~~~~~~~~~~~~~~~~^~~~~~~~~~~~~[m[K
[13.198s] In file included from [01m[K/opt/ros/humble/include/rclcpp/rclcpp/executors/single_threaded_executor.hpp:28[m[K,
[13.198s]                  from [01m[K/opt/ros/humble/include/rclcpp/rclcpp/executors.hpp:22[m[K,
[13.198s]                  from [01m[K/opt/ros/humble/include/rclcpp/rclcpp/rclcpp.hpp:155[m[K,
[13.198s]                  from [01m[K/home/juanespadi/Documents/shalpy/ydlidar_ws/src/ydlidar_ros2/src/ydlidar_node.cpp:23[m[K:
[13.198s] [01m[K/opt/ros/humble/include/rclcpp/rclcpp/node.hpp:421:3:[m[K [01;36m[Knote: [m[Kcandidate: â€˜[01m[Ktemplate<class ParameterT> auto rclcpp::Node::declare_parameter(const string&, const ParameterT&, const ParameterDescriptor&, bool)[m[Kâ€™
[13.198s]   421 |   [01;36m[Kdeclare_parameter[m[K(
[13.198s]       |   [01;36m[K^~~~~~~~~~~~~~~~~[m[K
[13.198s] [01m[K/opt/ros/humble/include/rclcpp/rclcpp/node.hpp:421:3:[m[K [01;36m[Knote: [m[K  template argument deduction/substitution failed:
[13.198s] [01m[K/home/juanespadi/Documents/shalpy/ydlidar_ws/src/ydlidar_ros2/src/ydlidar_node.cpp:111:26:[m[K [01;36m[Knote: [m[K  candidate expects 4 arguments, 1 provided
[13.198s]   111 |   [01;36m[Knode->declare_parameter("angle_min")[m[K;
[13.199s]       |   [01;36m[K~~~~~~~~~~~~~~~~~~~~~~~^~~~~~~~~~~~~[m[K
[13.199s] In file included from [01m[K/opt/ros/humble/include/rclcpp/rclcpp/executors/single_threaded_executor.hpp:28[m[K,
[13.199s]                  from [01m[K/opt/ros/humble/include/rclcpp/rclcpp/executors.hpp:22[m[K,
[13.199s]                  from [01m[K/opt/ros/humble/include/rclcpp/rclcpp/rclcpp.hpp:155[m[K,
[13.199s]                  from [01m[K/home/juanespadi/Documents/shalpy/ydlidar_ws/src/ydlidar_ros2/src/ydlidar_node.cpp:23[m[K:
[13.199s] [01m[K/opt/ros/humble/include/rclcpp/rclcpp/node.hpp:434:3:[m[K [01;36m[Knote: [m[Kcandidate: â€˜[01m[Ktemplate<class ParameterT> auto rclcpp::Node::declare_parameter(const string&, const ParameterDescriptor&, bool)[m[Kâ€™
[13.199s]   434 |   [01;36m[Kdeclare_parameter[m[K(
[13.199s]       |   [01;36m[K^~~~~~~~~~~~~~~~~[m[K
[13.199s] [01m[K/opt/ros/humble/include/rclcpp/rclcpp/node.hpp:434:3:[m[K [01;36m[Knote: [m[K  template argument deduction/substitution failed:
[13.199s] [01m[K/home/juanespadi/Documents/shalpy/ydlidar_ws/src/ydlidar_ros2/src/ydlidar_node.cpp:111:26:[m[K [01;36m[Knote: [m[K  couldnâ€™t deduce template parameter â€˜[01m[KParameterT[m[Kâ€™
[13.199s]   111 |   [01;36m[Knode->declare_parameter("angle_min")[m[K;
[13.199s]       |   [01;36m[K~~~~~~~~~~~~~~~~~~~~~~~^~~~~~~~~~~~~[m[K
[13.199s] In file included from [01m[K/opt/ros/humble/include/rclcpp/rclcpp/executors/single_threaded_executor.hpp:28[m[K,
[13.199s]                  from [01m[K/opt/ros/humble/include/rclcpp/rclcpp/executors.hpp:22[m[K,
[13.199s]                  from [01m[K/opt/ros/humble/include/rclcpp/rclcpp/rclcpp.hpp:155[m[K,
[13.199s]                  from [01m[K/home/juanespadi/Documents/shalpy/ydlidar_ws/src/ydlidar_ros2/src/ydlidar_node.cpp:23[m[K:
[13.200s] [01m[K/opt/ros/humble/include/rclcpp/rclcpp/node.hpp:366:3:[m[K [01;36m[Knote: [m[Kcandidate: â€˜[01m[Kconst rclcpp::ParameterValue& rclcpp::Node::declare_parameter(const string&, const rclcpp::ParameterValue&, const ParameterDescriptor&, bool)[m[Kâ€™
[13.200s]   366 |   [01;36m[Kdeclare_parameter[m[K(
[13.200s]       |   [01;36m[K^~~~~~~~~~~~~~~~~[m[K
[13.200s] [01m[K/opt/ros/humble/include/rclcpp/rclcpp/node.hpp:366:3:[m[K [01;36m[Knote: [m[K  candidate expects 4 arguments, 1 provided
[13.200s] [01m[K/opt/ros/humble/include/rclcpp/rclcpp/node.hpp:391:3:[m[K [01;36m[Knote: [m[Kcandidate: â€˜[01m[Kconst rclcpp::ParameterValue& rclcpp::Node::declare_parameter(const string&, rclcpp::ParameterType, const ParameterDescriptor&, bool)[m[Kâ€™
[13.200s]   391 |   [01;36m[Kdeclare_parameter[m[K(
[13.200s]       |   [01;36m[K^~~~~~~~~~~~~~~~~[m[K
[13.200s] [01m[K/opt/ros/humble/include/rclcpp/rclcpp/node.hpp:391:3:[m[K [01;36m[Knote: [m[K  candidate expects 4 arguments, 1 provided
[13.200s] [01m[K/home/juanespadi/Documents/shalpy/ydlidar_ws/src/ydlidar_ros2/src/ydlidar_node.cpp:114:26:[m[K [01;31m[Kerror: [m[Kno matching function for call to â€˜[01m[Krclcpp::Node::declare_parameter(const char [10])[m[Kâ€™
[13.200s]   114 |   [01;31m[Knode->declare_parameter("max_range")[m[K;
[13.200s]       |   [01;31m[K~~~~~~~~~~~~~~~~~~~~~~~^~~~~~~~~~~~~[m[K
[13.200s] In file included from [01m[K/opt/ros/humble/include/rclcpp/rclcpp/executors/single_threaded_executor.hpp:28[m[K,
[13.200s]                  from [01m[K/opt/ros/humble/include/rclcpp/rclcpp/executors.hpp:22[m[K,
[13.200s]                  from [01m[K/opt/ros/humble/include/rclcpp/rclcpp/rclcpp.hpp:155[m[K,
[13.200s]                  from [01m[K/home/juanespadi/Documents/shalpy/ydlidar_ws/src/ydlidar_ros2/src/ydlidar_node.cpp:23[m[K:
[13.200s] [01m[K/opt/ros/humble/include/rclcpp/rclcpp/node.hpp:421:3:[m[K [01;36m[Knote: [m[Kcandidate: â€˜[01m[Ktemplate<class ParameterT> auto rclcpp::Node::declare_parameter(const string&, const ParameterT&, const ParameterDescriptor&, bool)[m[Kâ€™
[13.201s]   421 |   [01;36m[Kdeclare_parameter[m[K(
[13.201s]       |   [01;36m[K^~~~~~~~~~~~~~~~~[m[K
[13.201s] [01m[K/opt/ros/humble/include/rclcpp/rclcpp/node.hpp:421:3:[m[K [01;36m[Knote: [m[K  template argument deduction/substitution failed:
[13.201s] [01m[K/home/juanespadi/Documents/shalpy/ydlidar_ws/src/ydlidar_ros2/src/ydlidar_node.cpp:114:26:[m[K [01;36m[Knote: [m[K  candidate expects 4 arguments, 1 provided
[13.201s]   114 |   [01;36m[Knode->declare_parameter("max_range")[m[K;
[13.201s]       |   [01;36m[K~~~~~~~~~~~~~~~~~~~~~~~^~~~~~~~~~~~~[m[K
[13.201s] In file included from [01m[K/opt/ros/humble/include/rclcpp/rclcpp/executors/single_threaded_executor.hpp:28[m[K,
[13.201s]                  from [01m[K/opt/ros/humble/include/rclcpp/rclcpp/executors.hpp:22[m[K,
[13.201s]                  from [01m[K/opt/ros/humble/include/rclcpp/rclcpp/rclcpp.hpp:155[m[K,
[13.201s]                  from [01m[K/home/juanespadi/Documents/shalpy/ydlidar_ws/src/ydlidar_ros2/src/ydlidar_node.cpp:23[m[K:
[13.201s] [01m[K/opt/ros/humble/include/rclcpp/rclcpp/node.hpp:434:3:[m[K [01;36m[Knote: [m[Kcandidate: â€˜[01m[Ktemplate<class ParameterT> auto rclcpp::Node::declare_parameter(const string&, const ParameterDescriptor&, bool)[m[Kâ€™
[13.201s]   434 |   [01;36m[Kdeclare_parameter[m[K(
[13.201s]       |   [01;36m[K^~~~~~~~~~~~~~~~~[m[K
[13.201s] [01m[K/opt/ros/humble/include/rclcpp/rclcpp/node.hpp:434:3:[m[K [01;36m[Knote: [m[K  template argument deduction/substitution failed:
[13.201s] [01m[K/home/juanespadi/Documents/shalpy/ydlidar_ws/src/ydlidar_ros2/src/ydlidar_node.cpp:114:26:[m[K [01;36m[Knote: [m[K  couldnâ€™t deduce template parameter â€˜[01m[KParameterT[m[Kâ€™
[13.201s]   114 |   [01;36m[Knode->declare_parameter("max_range")[m[K;
[13.201s]       |   [01;36m[K~~~~~~~~~~~~~~~~~~~~~~~^~~~~~~~~~~~~[m[K
[13.202s] In file included from [01m[K/opt/ros/humble/include/rclcpp/rclcpp/executors/single_threaded_executor.hpp:28[m[K,
[13.202s]                  from [01m[K/opt/ros/humble/include/rclcpp/rclcpp/executors.hpp:22[m[K,
[13.202s]                  from [01m[K/opt/ros/humble/include/rclcpp/rclcpp/rclcpp.hpp:155[m[K,
[13.202s]                  from [01m[K/home/juanespadi/Documents/shalpy/ydlidar_ws/src/ydlidar_ros2/src/ydlidar_node.cpp:23[m[K:
[13.202s] [01m[K/opt/ros/humble/include/rclcpp/rclcpp/node.hpp:366:3:[m[K [01;36m[Knote: [m[Kcandidate: â€˜[01m[Kconst rclcpp::ParameterValue& rclcpp::Node::declare_parameter(const string&, const rclcpp::ParameterValue&, const ParameterDescriptor&, bool)[m[Kâ€™
[13.202s]   366 |   [01;36m[Kdeclare_parameter[m[K(
[13.202s]       |   [01;36m[K^~~~~~~~~~~~~~~~~[m[K
[13.202s] [01m[K/opt/ros/humble/include/rclcpp/rclcpp/node.hpp:366:3:[m[K [01;36m[Knote: [m[K  candidate expects 4 arguments, 1 provided
[13.202s] [01m[K/opt/ros/humble/include/rclcpp/rclcpp/node.hpp:391:3:[m[K [01;36m[Knote: [m[Kcandidate: â€˜[01m[Kconst rclcpp::ParameterValue& rclcpp::Node::declare_parameter(const string&, rclcpp::ParameterType, const ParameterDescriptor&, bool)[m[Kâ€™
[13.202s]   391 |   [01;36m[Kdeclare_parameter[m[K(
[13.202s]       |   [01;36m[K^~~~~~~~~~~~~~~~~[m[K
[13.202s] [01m[K/opt/ros/humble/include/rclcpp/rclcpp/node.hpp:391:3:[m[K [01;36m[Knote: [m[K  candidate expects 4 arguments, 1 provided
[13.202s] [01m[K/home/juanespadi/Documents/shalpy/ydlidar_ws/src/ydlidar_ros2/src/ydlidar_node.cpp:117:26:[m[K [01;31m[Kerror: [m[Kno matching function for call to â€˜[01m[Krclcpp::Node::declare_parameter(const char [10])[m[Kâ€™
[13.202s]   117 |   [01;31m[Knode->declare_parameter("min_range")[m[K;
[13.202s]       |   [01;31m[K~~~~~~~~~~~~~~~~~~~~~~~^~~~~~~~~~~~~[m[K
[13.202s] In file included from [01m[K/opt/ros/humble/include/rclcpp/rclcpp/executors/single_threaded_executor.hpp:28[m[K,
[13.203s]                  from [01m[K/opt/ros/humble/include/rclcpp/rclcpp/executors.hpp:22[m[K,
[13.203s]                  from [01m[K/opt/ros/humble/include/rclcpp/rclcpp/rclcpp.hpp:155[m[K,
[13.203s]                  from [01m[K/home/juanespadi/Documents/shalpy/ydlidar_ws/src/ydlidar_ros2/src/ydlidar_node.cpp:23[m[K:
[13.203s] [01m[K/opt/ros/humble/include/rclcpp/rclcpp/node.hpp:421:3:[m[K [01;36m[Knote: [m[Kcandidate: â€˜[01m[Ktemplate<class ParameterT> auto rclcpp::Node::declare_parameter(const string&, const ParameterT&, const ParameterDescriptor&, bool)[m[Kâ€™
[13.203s]   421 |   [01;36m[Kdeclare_parameter[m[K(
[13.203s]       |   [01;36m[K^~~~~~~~~~~~~~~~~[m[K
[13.203s] [01m[K/opt/ros/humble/include/rclcpp/rclcpp/node.hpp:421:3:[m[K [01;36m[Knote: [m[K  template argument deduction/substitution failed:
[13.203s] [01m[K/home/juanespadi/Documents/shalpy/ydlidar_ws/src/ydlidar_ros2/src/ydlidar_node.cpp:117:26:[m[K [01;36m[Knote: [m[K  candidate expects 4 arguments, 1 provided
[13.203s]   117 |   [01;36m[Knode->declare_parameter("min_range")[m[K;
[13.203s]       |   [01;36m[K~~~~~~~~~~~~~~~~~~~~~~~^~~~~~~~~~~~~[m[K
[13.203s] In file included from [01m[K/opt/ros/humble/include/rclcpp/rclcpp/executors/single_threaded_executor.hpp:28[m[K,
[13.203s]                  from [01m[K/opt/ros/humble/include/rclcpp/rclcpp/executors.hpp:22[m[K,
[13.203s]                  from [01m[K/opt/ros/humble/include/rclcpp/rclcpp/rclcpp.hpp:155[m[K,
[13.203s]                  from [01m[K/home/juanespadi/Documents/shalpy/ydlidar_ws/src/ydlidar_ros2/src/ydlidar_node.cpp:23[m[K:
[13.203s] [01m[K/opt/ros/humble/include/rclcpp/rclcpp/node.hpp:434:3:[m[K [01;36m[Knote: [m[Kcandidate: â€˜[01m[Ktemplate<class ParameterT> auto rclcpp::Node::declare_parameter(const string&, const ParameterDescriptor&, bool)[m[Kâ€™
[13.203s]   434 |   [01;36m[Kdeclare_parameter[m[K(
[13.203s]       |   [01;36m[K^~~~~~~~~~~~~~~~~[m[K
[13.203s] [01m[K/opt/ros/humble/include/rclcpp/rclcpp/node.hpp:434:3:[m[K [01;36m[Knote: [m[K  template argument deduction/substitution failed:
[13.204s] [01m[K/home/juanespadi/Documents/shalpy/ydlidar_ws/src/ydlidar_ros2/src/ydlidar_node.cpp:117:26:[m[K [01;36m[Knote: [m[K  couldnâ€™t deduce template parameter â€˜[01m[KParameterT[m[Kâ€™
[13.204s]   117 |   [01;36m[Knode->declare_parameter("min_range")[m[K;
[13.204s]       |   [01;36m[K~~~~~~~~~~~~~~~~~~~~~~~^~~~~~~~~~~~~[m[K
[13.204s] In file included from [01m[K/opt/ros/humble/include/rclcpp/rclcpp/executors/single_threaded_executor.hpp:28[m[K,
[13.204s]                  from [01m[K/opt/ros/humble/include/rclcpp/rclcpp/executors.hpp:22[m[K,
[13.204s]                  from [01m[K/opt/ros/humble/include/rclcpp/rclcpp/rclcpp.hpp:155[m[K,
[13.204s]                  from [01m[K/home/juanespadi/Documents/shalpy/ydlidar_ws/src/ydlidar_ros2/src/ydlidar_node.cpp:23[m[K:
[13.204s] [01m[K/opt/ros/humble/include/rclcpp/rclcpp/node.hpp:366:3:[m[K [01;36m[Knote: [m[Kcandidate: â€˜[01m[Kconst rclcpp::ParameterValue& rclcpp::Node::declare_parameter(const string&, const rclcpp::ParameterValue&, const ParameterDescriptor&, bool)[m[Kâ€™
[13.204s]   366 |   [01;36m[Kdeclare_parameter[m[K(
[13.204s]       |   [01;36m[K^~~~~~~~~~~~~~~~~[m[K
[13.204s] [01m[K/opt/ros/humble/include/rclcpp/rclcpp/node.hpp:366:3:[m[K [01;36m[Knote: [m[K  candidate expects 4 arguments, 1 provided
[13.204s] [01m[K/opt/ros/humble/include/rclcpp/rclcpp/node.hpp:391:3:[m[K [01;36m[Knote: [m[Kcandidate: â€˜[01m[Kconst rclcpp::ParameterValue& rclcpp::Node::declare_parameter(const string&, rclcpp::ParameterType, const ParameterDescriptor&, bool)[m[Kâ€™
[13.204s]   391 |   [01;36m[Kdeclare_parameter[m[K(
[13.204s]       |   [01;36m[K^~~~~~~~~~~~~~~~~[m[K
[13.204s] [01m[K/opt/ros/humble/include/rclcpp/rclcpp/node.hpp:391:3:[m[K [01;36m[Knote: [m[K  candidate expects 4 arguments, 1 provided
[13.204s] [01m[K/home/juanespadi/Documents/shalpy/ydlidar_ws/src/ydlidar_ros2/src/ydlidar_node.cpp:120:26:[m[K [01;31m[Kerror: [m[Kno matching function for call to â€˜[01m[Krclcpp::Node::declare_parameter(const char [10])[m[Kâ€™
[13.205s]   120 |   [01;31m[Knode->declare_parameter("frequency")[m[K;
[13.205s]       |   [01;31m[K~~~~~~~~~~~~~~~~~~~~~~~^~~~~~~~~~~~~[m[K
[13.205s] In file included from [01m[K/opt/ros/humble/include/rclcpp/rclcpp/executors/single_threaded_executor.hpp:28[m[K,
[13.205s]                  from [01m[K/opt/ros/humble/include/rclcpp/rclcpp/executors.hpp:22[m[K,
[13.205s]                  from [01m[K/opt/ros/humble/include/rclcpp/rclcpp/rclcpp.hpp:155[m[K,
[13.205s]                  from [01m[K/home/juanespadi/Documents/shalpy/ydlidar_ws/src/ydlidar_ros2/src/ydlidar_node.cpp:23[m[K:
[13.205s] [01m[K/opt/ros/humble/include/rclcpp/rclcpp/node.hpp:421:3:[m[K [01;36m[Knote: [m[Kcandidate: â€˜[01m[Ktemplate<class ParameterT> auto rclcpp::Node::declare_parameter(const string&, const ParameterT&, const ParameterDescriptor&, bool)[m[Kâ€™
[13.205s]   421 |   [01;36m[Kdeclare_parameter[m[K(
[13.205s]       |   [01;36m[K^~~~~~~~~~~~~~~~~[m[K
[13.205s] [01m[K/opt/ros/humble/include/rclcpp/rclcpp/node.hpp:421:3:[m[K [01;36m[Knote: [m[K  template argument deduction/substitution failed:
[13.205s] [01m[K/home/juanespadi/Documents/shalpy/ydlidar_ws/src/ydlidar_ros2/src/ydlidar_node.cpp:120:26:[m[K [01;36m[Knote: [m[K  candidate expects 4 arguments, 1 provided
[13.205s]   120 |   [01;36m[Knode->declare_parameter("frequency")[m[K;
[13.205s]       |   [01;36m[K~~~~~~~~~~~~~~~~~~~~~~~^~~~~~~~~~~~~[m[K
[13.205s] In file included from [01m[K/opt/ros/humble/include/rclcpp/rclcpp/executors/single_threaded_executor.hpp:28[m[K,
[13.205s]                  from [01m[K/opt/ros/humble/include/rclcpp/rclcpp/executors.hpp:22[m[K,
[13.205s]                  from [01m[K/opt/ros/humble/include/rclcpp/rclcpp/rclcpp.hpp:155[m[K,
[13.205s]                  from [01m[K/home/juanespadi/Documents/shalpy/ydlidar_ws/src/ydlidar_ros2/src/ydlidar_node.cpp:23[m[K:
[13.206s] [01m[K/opt/ros/humble/include/rclcpp/rclcpp/node.hpp:434:3:[m[K [01;36m[Knote: [m[Kcandidate: â€˜[01m[Ktemplate<class ParameterT> auto rclcpp::Node::declare_parameter(const string&, const ParameterDescriptor&, bool)[m[Kâ€™
[13.206s]   434 |   [01;36m[Kdeclare_parameter[m[K(
[13.206s]       |   [01;36m[K^~~~~~~~~~~~~~~~~[m[K
[13.206s] [01m[K/opt/ros/humble/include/rclcpp/rclcpp/node.hpp:434:3:[m[K [01;36m[Knote: [m[K  template argument deduction/substitution failed:
[13.206s] [01m[K/home/juanespadi/Documents/shalpy/ydlidar_ws/src/ydlidar_ros2/src/ydlidar_node.cpp:120:26:[m[K [01;36m[Knote: [m[K  couldnâ€™t deduce template parameter â€˜[01m[KParameterT[m[Kâ€™
[13.206s]   120 |   [01;36m[Knode->declare_parameter("frequency")[m[K;
[13.206s]       |   [01;36m[K~~~~~~~~~~~~~~~~~~~~~~~^~~~~~~~~~~~~[m[K
[13.206s] In file included from [01m[K/opt/ros/humble/include/rclcpp/rclcpp/executors/single_threaded_executor.hpp:28[m[K,
[13.206s]                  from [01m[K/opt/ros/humble/include/rclcpp/rclcpp/executors.hpp:22[m[K,
[13.206s]                  from [01m[K/opt/ros/humble/include/rclcpp/rclcpp/rclcpp.hpp:155[m[K,
[13.206s]                  from [01m[K/home/juanespadi/Documents/shalpy/ydlidar_ws/src/ydlidar_ros2/src/ydlidar_node.cpp:23[m[K:
[13.206s] [01m[K/opt/ros/humble/include/rclcpp/rclcpp/node.hpp:366:3:[m[K [01;36m[Knote: [m[Kcandidate: â€˜[01m[Kconst rclcpp::ParameterValue& rclcpp::Node::declare_parameter(const string&, const rclcpp::ParameterValue&, const ParameterDescriptor&, bool)[m[Kâ€™
[13.206s]   366 |   [01;36m[Kdeclare_parameter[m[K(
[13.206s]       |   [01;36m[K^~~~~~~~~~~~~~~~~[m[K
[13.206s] [01m[K/opt/ros/humble/include/rclcpp/rclcpp/node.hpp:366:3:[m[K [01;36m[Knote: [m[K  candidate expects 4 arguments, 1 provided
[13.206s] [01m[K/opt/ros/humble/include/rclcpp/rclcpp/node.hpp:391:3:[m[K [01;36m[Knote: [m[Kcandidate: â€˜[01m[Kconst rclcpp::ParameterValue& rclcpp::Node::declare_parameter(const string&, rclcpp::ParameterType, const ParameterDescriptor&, bool)[m[Kâ€™
[13.206s]   391 |   [01;36m[Kdeclare_parameter[m[K(
[13.207s]       |   [01;36m[K^~~~~~~~~~~~~~~~~[m[K
[13.207s] [01m[K/opt/ros/humble/include/rclcpp/rclcpp/node.hpp:391:3:[m[K [01;36m[Knote: [m[K  candidate expects 4 arguments, 1 provided
[13.207s] [01m[K/home/juanespadi/Documents/shalpy/ydlidar_ws/src/ydlidar_ros2/src/ydlidar_node.cpp:208:22:[m[K [01;35m[Kwarning: [m[Kcomparison of integer expressions of different signedness: â€˜[01m[Kint[m[Kâ€™ and â€˜[01m[Kstd::vector<LaserPoint>::size_type[m[Kâ€™ {aka â€˜[01m[Klong unsigned int[m[Kâ€™} [[01;35m[K]8;;https://gcc.gnu.org/onlinedocs/gcc/Warning-Options.html#index-Wsign-compare-Wsign-compare]8;;[m[K]
[13.207s]   208 |       for(int i=0; [01;35m[Ki < scan.points.size()[m[K; i++) {
[13.207s]       |                    [01;35m[K~~^~~~~~~~~~~~~~~~~~~~[m[K
[14.088s] gmake[2]: *** [CMakeFiles/ydlidar_node.dir/build.make:76: CMakeFiles/ydlidar_node.dir/src/ydlidar_node.cpp.o] Error 1
[14.088s] gmake[1]: *** [CMakeFiles/Makefile2:139: CMakeFiles/ydlidar_node.dir/all] Error 2
[14.088s] gmake[1]: *** Waiting for unfinished jobs....
[19.744s] [ 90%] [32m[1mLinking CXX executable ydlidar_client[0m
[23.502s] [ 90%] Built target ydlidar_client
[23.504s] gmake: *** [Makefile:146: all] Error 2
[23.507s] Invoked command in '/home/juanespadi/Documents/shalpy/ydlidar_ws/build/ydlidar' returned '2': CMAKE_PREFIX_PATH=/opt/ros/humble /usr/bin/cmake --build /home/juanespadi/Documents/shalpy/ydlidar_ws/build/ydlidar -- -j8 -l8
